<?xml version="1.0" encoding="UTF-8"?>
<TestRun id="52fb6570-0f49-4bd4-99a2-2ede2f833fd8" name="karthik@TINKU 2012-04-13 00:32:12" runUser="TINKU\karthik" xmlns="http://microsoft.com/schemas/VisualStudio/TeamTest/2010">
  <TestSettings name="Local" id="9d9ad90f-45d8-4b5e-971c-2cfcb76f86ad">
    <Description>These are default test settings for a local test run.</Description>
    <Deployment enabled="false" runDeploymentRoot="karthik_TINKU 2012-04-13 00_32_12">
      <DeploymentItem filename="C:\Documents and Settings\karthik\Desktop\SE2 final design\New Folder\GroupA_TicTacToe_Today_FF\GroupA_TicTacToe\bin\Debug\GroupA_TicTacToe.exe" />
    </Deployment>
    <Execution>
      <TestTypeSpecific />
      <AgentRule name="Execution Agents">
      </AgentRule>
    </Execution>
  </TestSettings>
  <Times creation="2012-04-13T00:32:12.4687500-05:00" queuing="2012-04-13T00:32:12.5468750-05:00" start="2012-04-13T00:32:12.6093750-05:00" finish="2012-04-13T00:32:13.1562500-05:00" />
  <ResultSummary outcome="Failed">
    <Counters total="5" executed="5" passed="4" error="0" failed="1" timeout="0" aborted="0" inconclusive="0" passedButRunAborted="0" notRunnable="0" notExecuted="0" disconnected="0" warning="0" completed="0" inProgress="0" pending="0" />
  </ResultSummary>
  <TestDefinitions>
    <UnitTest name="CreatePointTest" storage="c:\documents and settings\karthik\desktop\se2 final design\new folder\groupa_tictactoe_today_ff\tic_tac_toe_forever_test\bin\debug\tic_tac_toe_forever_test.dll" id="60546481-3319-5dad-44b6-fd0b8b42e5c0">
      <Execution id="fdd9ca78-b42e-4774-b3e6-2065de32c8d8" />
      <TestMethod codeBase="C:/Documents and Settings/karthik/Desktop/SE2 final design/New Folder/GroupA_TicTacToe_Today_FF/Tic_Tac_Toe_Forever_Test/bin/Debug/Tic_Tac_Toe_Forever_Test.DLL" adapterTypeName="Microsoft.VisualStudio.TestTools.TestTypes.Unit.UnitTestAdapter, Microsoft.VisualStudio.QualityTools.Tips.UnitTest.Adapter, Version=10.0.0.0, Culture=neutral, PublicKeyToken=b03f5f7f11d50a3a" className="Tic_Tac_Toe_Forever_Test.BoardTest, Tic_Tac_Toe_Forever_Test, Version=1.0.0.0, Culture=neutral, PublicKeyToken=null" name="CreatePointTest" />
    </UnitTest>
    <UnitTest name="CreateMementoTest" storage="c:\documents and settings\karthik\desktop\se2 final design\new folder\groupa_tictactoe_today_ff\tic_tac_toe_forever_test\bin\debug\tic_tac_toe_forever_test.dll" id="d79c2ed6-2d87-2c3a-76fd-bad033a309d1">
      <Execution id="1228ef00-ae0e-4a68-a20f-a97739d1c5a9" />
      <TestMethod codeBase="C:/Documents and Settings/karthik/Desktop/SE2 final design/New Folder/GroupA_TicTacToe_Today_FF/Tic_Tac_Toe_Forever_Test/bin/Debug/Tic_Tac_Toe_Forever_Test.DLL" adapterTypeName="Microsoft.VisualStudio.TestTools.TestTypes.Unit.UnitTestAdapter, Microsoft.VisualStudio.QualityTools.Tips.UnitTest.Adapter, Version=10.0.0.0, Culture=neutral, PublicKeyToken=b03f5f7f11d50a3a" className="Tic_Tac_Toe_Forever_Test.BoardTest, Tic_Tac_Toe_Forever_Test, Version=1.0.0.0, Culture=neutral, PublicKeyToken=null" name="CreateMementoTest" />
    </UnitTest>
    <UnitTest name="BoardConstructorTest" storage="c:\documents and settings\karthik\desktop\se2 final design\new folder\groupa_tictactoe_today_ff\tic_tac_toe_forever_test\bin\debug\tic_tac_toe_forever_test.dll" id="dbe66929-699e-e618-e12c-3721ef274ba0">
      <DeploymentItems>
        <DeploymentItem filename="GroupA_TicTacToe.exe" />
      </DeploymentItems>
      <Execution id="141935c8-5972-4768-9e82-700b0c46205e" />
      <TestMethod codeBase="C:/Documents and Settings/karthik/Desktop/SE2 final design/New Folder/GroupA_TicTacToe_Today_FF/Tic_Tac_Toe_Forever_Test/bin/Debug/Tic_Tac_Toe_Forever_Test.DLL" adapterTypeName="Microsoft.VisualStudio.TestTools.TestTypes.Unit.UnitTestAdapter, Microsoft.VisualStudio.QualityTools.Tips.UnitTest.Adapter, Version=10.0.0.0, Culture=neutral, PublicKeyToken=b03f5f7f11d50a3a" className="Tic_Tac_Toe_Forever_Test.BoardTest, Tic_Tac_Toe_Forever_Test, Version=1.0.0.0, Culture=neutral, PublicKeyToken=null" name="BoardConstructorTest" />
    </UnitTest>
    <UnitTest name="ClearTest" storage="c:\documents and settings\karthik\desktop\se2 final design\new folder\groupa_tictactoe_today_ff\tic_tac_toe_forever_test\bin\debug\tic_tac_toe_forever_test.dll" id="30c1c89b-fac2-c77e-0b9b-67de1982205c">
      <Execution id="07b59e05-e18d-4d82-9a21-d084e8b16119" />
      <TestMethod codeBase="C:/Documents and Settings/karthik/Desktop/SE2 final design/New Folder/GroupA_TicTacToe_Today_FF/Tic_Tac_Toe_Forever_Test/bin/Debug/Tic_Tac_Toe_Forever_Test.DLL" adapterTypeName="Microsoft.VisualStudio.TestTools.TestTypes.Unit.UnitTestAdapter, Microsoft.VisualStudio.QualityTools.Tips.UnitTest.Adapter, Version=10.0.0.0, Culture=neutral, PublicKeyToken=b03f5f7f11d50a3a" className="Tic_Tac_Toe_Forever_Test.BoardTest, Tic_Tac_Toe_Forever_Test, Version=1.0.0.0, Culture=neutral, PublicKeyToken=null" name="ClearTest" />
    </UnitTest>
    <UnitTest name="DrawBoardTest" storage="c:\documents and settings\karthik\desktop\se2 final design\new folder\groupa_tictactoe_today_ff\tic_tac_toe_forever_test\bin\debug\tic_tac_toe_forever_test.dll" id="f941681a-1e1b-4c0b-c01e-f8a206647bbd">
      <Execution id="dcf75e40-5807-4351-a57f-a1e2d4df3d66" />
      <TestMethod codeBase="C:/Documents and Settings/karthik/Desktop/SE2 final design/New Folder/GroupA_TicTacToe_Today_FF/Tic_Tac_Toe_Forever_Test/bin/Debug/Tic_Tac_Toe_Forever_Test.DLL" adapterTypeName="Microsoft.VisualStudio.TestTools.TestTypes.Unit.UnitTestAdapter, Microsoft.VisualStudio.QualityTools.Tips.UnitTest.Adapter, Version=10.0.0.0, Culture=neutral, PublicKeyToken=b03f5f7f11d50a3a" className="Tic_Tac_Toe_Forever_Test.BoardTest, Tic_Tac_Toe_Forever_Test, Version=1.0.0.0, Culture=neutral, PublicKeyToken=null" name="DrawBoardTest" />
    </UnitTest>
  </TestDefinitions>
  <TestLists>
    <TestList name="Results Not in a List" id="8c84fa94-04c1-424b-9868-57a2d4851a1d" />
    <TestList name="All Loaded Results" id="19431567-8539-422a-85d7-44ee4e166bda" />
  </TestLists>
  <TestEntries>
    <TestEntry testId="dbe66929-699e-e618-e12c-3721ef274ba0" executionId="141935c8-5972-4768-9e82-700b0c46205e" testListId="8c84fa94-04c1-424b-9868-57a2d4851a1d" />
    <TestEntry testId="30c1c89b-fac2-c77e-0b9b-67de1982205c" executionId="07b59e05-e18d-4d82-9a21-d084e8b16119" testListId="8c84fa94-04c1-424b-9868-57a2d4851a1d" />
    <TestEntry testId="d79c2ed6-2d87-2c3a-76fd-bad033a309d1" executionId="1228ef00-ae0e-4a68-a20f-a97739d1c5a9" testListId="8c84fa94-04c1-424b-9868-57a2d4851a1d" />
    <TestEntry testId="60546481-3319-5dad-44b6-fd0b8b42e5c0" executionId="fdd9ca78-b42e-4774-b3e6-2065de32c8d8" testListId="8c84fa94-04c1-424b-9868-57a2d4851a1d" />
    <TestEntry testId="f941681a-1e1b-4c0b-c01e-f8a206647bbd" executionId="dcf75e40-5807-4351-a57f-a1e2d4df3d66" testListId="8c84fa94-04c1-424b-9868-57a2d4851a1d" />
  </TestEntries>
  <Results>
    <UnitTestResult executionId="141935c8-5972-4768-9e82-700b0c46205e" testId="dbe66929-699e-e618-e12c-3721ef274ba0" testName="BoardConstructorTest" computerName="TINKU" duration="00:00:00.0231928" startTime="2012-04-13T00:32:12.6093750-05:00" endTime="2012-04-13T00:32:13.0468750-05:00" testType="13cdc9d9-ddb5-4fa4-a97d-d965ccfc6d4b" outcome="Passed" testListId="8c84fa94-04c1-424b-9868-57a2d4851a1d" relativeResultsDirectory="141935c8-5972-4768-9e82-700b0c46205e">
    </UnitTestResult>
    <UnitTestResult executionId="07b59e05-e18d-4d82-9a21-d084e8b16119" testId="30c1c89b-fac2-c77e-0b9b-67de1982205c" testName="ClearTest" computerName="TINKU" duration="00:00:00.0035998" startTime="2012-04-13T00:32:13.0468750-05:00" endTime="2012-04-13T00:32:13.0625000-05:00" testType="13cdc9d9-ddb5-4fa4-a97d-d965ccfc6d4b" outcome="Passed" testListId="8c84fa94-04c1-424b-9868-57a2d4851a1d" relativeResultsDirectory="07b59e05-e18d-4d82-9a21-d084e8b16119">
    </UnitTestResult>
    <UnitTestResult executionId="1228ef00-ae0e-4a68-a20f-a97739d1c5a9" testId="d79c2ed6-2d87-2c3a-76fd-bad033a309d1" testName="CreateMementoTest" computerName="TINKU" duration="00:00:00.0010953" startTime="2012-04-13T00:32:13.0625000-05:00" endTime="2012-04-13T00:32:13.0625000-05:00" testType="13cdc9d9-ddb5-4fa4-a97d-d965ccfc6d4b" outcome="Passed" testListId="8c84fa94-04c1-424b-9868-57a2d4851a1d" relativeResultsDirectory="1228ef00-ae0e-4a68-a20f-a97739d1c5a9">
    </UnitTestResult>
    <UnitTestResult executionId="fdd9ca78-b42e-4774-b3e6-2065de32c8d8" testId="60546481-3319-5dad-44b6-fd0b8b42e5c0" testName="CreatePointTest" computerName="TINKU" duration="00:00:00.0027643" startTime="2012-04-13T00:32:13.0781250-05:00" endTime="2012-04-13T00:32:13.0781250-05:00" testType="13cdc9d9-ddb5-4fa4-a97d-d965ccfc6d4b" outcome="Passed" testListId="8c84fa94-04c1-424b-9868-57a2d4851a1d" relativeResultsDirectory="fdd9ca78-b42e-4774-b3e6-2065de32c8d8">
    </UnitTestResult>
    <UnitTestResult executionId="dcf75e40-5807-4351-a57f-a1e2d4df3d66" testId="f941681a-1e1b-4c0b-c01e-f8a206647bbd" testName="DrawBoardTest" computerName="TINKU" duration="00:00:00.0272643" startTime="2012-04-13T00:32:13.0937500-05:00" endTime="2012-04-13T00:32:13.1250000-05:00" testType="13cdc9d9-ddb5-4fa4-a97d-d965ccfc6d4b" outcome="Failed" testListId="8c84fa94-04c1-424b-9868-57a2d4851a1d" relativeResultsDirectory="dcf75e40-5807-4351-a57f-a1e2d4df3d66">
      <Output>
        <ErrorInfo>
          <Message>Test method Tic_Tac_Toe_Forever_Test.BoardTest.DrawBoardTest threw exception: 
System.NullReferenceException: Object reference not set to an instance of an object.</Message>
          <StackTrace>   at ComputerGamesRUS.Game.Board_Accessor.DrawBoard(Graphics g)
   at Tic_Tac_Toe_Forever_Test.BoardTest.DrawBoardTest() in C:\Documents and Settings\karthik\Desktop\SE2 final design\New Folder\GroupA_TicTacToe_Today_FF\Tic_Tac_Toe_Forever_Test\BoardTest.cs:line 171
</StackTrace>
        </ErrorInfo>
      </Output>
    </UnitTestResult>
  </Results>
</TestRun>