<?xml version="1.0" encoding="UTF-8"?>
<TestRun id="7d2f109e-cbed-4f8f-8134-e88bb8ca0ada" name="karthik@TINKU 2012-04-14 16:57:27" runUser="TINKU\karthik" xmlns="http://microsoft.com/schemas/VisualStudio/TeamTest/2010">
  <TestSettings name="Local" id="9d9ad90f-45d8-4b5e-971c-2cfcb76f86ad">
    <Description>These are default test settings for a local test run.</Description>
    <Deployment enabled="false" runDeploymentRoot="karthik_TINKU 2012-04-14 16_57_27">
      <DeploymentItem filename="C:\Documents and Settings\karthik\Desktop\SE2 final design\design_last\GroupA_TicTacToe_Today_FF\GroupA_TicTacToe\bin\Debug\GroupA_TicTacToe.exe" />
    </Deployment>
    <Execution>
      <TestTypeSpecific />
      <AgentRule name="Execution Agents">
      </AgentRule>
    </Execution>
  </TestSettings>
  <Times creation="2012-04-14T16:57:27.5937500-05:00" queuing="2012-04-14T16:57:28.9687500-05:00" start="2012-04-14T16:57:29.0000000-05:00" finish="2012-04-14T16:57:34.1718750-05:00" />
  <ResultSummary outcome="Inconclusive">
    <Counters total="35" executed="35" passed="34" error="0" failed="0" timeout="0" aborted="0" inconclusive="1" passedButRunAborted="0" notRunnable="0" notExecuted="0" disconnected="0" warning="0" completed="0" inProgress="0" pending="0" />
    <RunInfos>
      <RunInfo computerName="TINKU" outcome="Warning" timestamp="2012-04-14T16:57:28.9687500-05:00">
        <Text>Deployment is currently disabled. The deployment item 'GroupA_TicTacToe.exe' on test 'ComputerGamesRUS.Game.Test1.MoveHandlerTest.CountCoinTest' was not deployed.</Text>
      </RunInfo>
    </RunInfos>
  </ResultSummary>
  <TestDefinitions>
    <UnitTest name="CountCoinTest" storage="c:\documents and settings\karthik\desktop\se2 final design\design_last\groupa_tictactoe_today_ff\tic_tac_toe_forever_test\bin\debug\tic_tac_toe_forever_test.dll" id="9c0cb698-2881-3296-7c8a-debd20d6bb80">
      <DeploymentItems>
        <DeploymentItem filename="GroupA_TicTacToe.exe" />
      </DeploymentItems>
      <Execution id="695ea158-31f6-4f73-8bcf-a45b3168581f" />
      <TestMethod codeBase="C:/Documents and Settings/karthik/Desktop/SE2 final design/design_last/GroupA_TicTacToe_Today_FF/Tic_Tac_Toe_Forever_Test/bin/Debug/Tic_Tac_Toe_Forever_Test.DLL" adapterTypeName="Microsoft.VisualStudio.TestTools.TestTypes.Unit.UnitTestAdapter, Microsoft.VisualStudio.QualityTools.Tips.UnitTest.Adapter, Version=10.0.0.0, Culture=neutral, PublicKeyToken=b03f5f7f11d50a3a" className="ComputerGamesRUS.Game.Test1.MoveHandlerTest, Tic_Tac_Toe_Forever_Test, Version=1.0.0.0, Culture=neutral, PublicKeyToken=null" name="CountCoinTest" />
    </UnitTest>
    <UnitTest name="CalculateStepOneTest1" storage="c:\documents and settings\karthik\desktop\se2 final design\design_last\groupa_tictactoe_today_ff\tic_tac_toe_forever_test\bin\debug\tic_tac_toe_forever_test.dll" id="b745a59d-2445-677f-5ced-c5ad13e91482">
      <Execution id="06bc4445-76b7-4d8d-9683-2df056615791" />
      <TestMethod codeBase="C:/Documents and Settings/karthik/Desktop/SE2 final design/design_last/GroupA_TicTacToe_Today_FF/Tic_Tac_Toe_Forever_Test/bin/Debug/Tic_Tac_Toe_Forever_Test.DLL" adapterTypeName="Microsoft.VisualStudio.TestTools.TestTypes.Unit.UnitTestAdapter, Microsoft.VisualStudio.QualityTools.Tips.UnitTest.Adapter, Version=10.0.0.0, Culture=neutral, PublicKeyToken=b03f5f7f11d50a3a" className="ComputerGamesRUS.Game.Test1.ComputerMoveHandlerTest, Tic_Tac_Toe_Forever_Test, Version=1.0.0.0, Culture=neutral, PublicKeyToken=null" name="CalculateStepOneTest1" />
    </UnitTest>
    <UnitTest name="GetUserSymbolTest" storage="c:\documents and settings\karthik\desktop\se2 final design\design_last\groupa_tictactoe_today_ff\tic_tac_toe_forever_test\bin\debug\tic_tac_toe_forever_test.dll" id="cd0d94ae-8314-52a4-757d-febb6a6a6313">
      <Execution id="6c1aa8b0-c21b-4c91-ba46-48a79b199807" />
      <TestMethod codeBase="C:/Documents and Settings/karthik/Desktop/SE2 final design/design_last/GroupA_TicTacToe_Today_FF/Tic_Tac_Toe_Forever_Test/bin/Debug/Tic_Tac_Toe_Forever_Test.DLL" adapterTypeName="Microsoft.VisualStudio.TestTools.TestTypes.Unit.UnitTestAdapter, Microsoft.VisualStudio.QualityTools.Tips.UnitTest.Adapter, Version=10.0.0.0, Culture=neutral, PublicKeyToken=b03f5f7f11d50a3a" className="ComputerGamesRUS.Game.Test1.MoveHandlerTest, Tic_Tac_Toe_Forever_Test, Version=1.0.0.0, Culture=neutral, PublicKeyToken=null" name="GetUserSymbolTest" />
    </UnitTest>
    <UnitTest name="ShowResultTest1" storage="c:\documents and settings\karthik\desktop\se2 final design\design_last\groupa_tictactoe_today_ff\tic_tac_toe_forever_test\bin\debug\tic_tac_toe_forever_test.dll" id="1dedbad8-52ac-87f5-22cb-78e5320f49a2">
      <Execution id="5a6fb971-e948-4c7f-a55f-d06aed5785f1" />
      <TestMethod codeBase="C:/Documents and Settings/karthik/Desktop/SE2 final design/design_last/GroupA_TicTacToe_Today_FF/Tic_Tac_Toe_Forever_Test/bin/Debug/Tic_Tac_Toe_Forever_Test.DLL" adapterTypeName="Microsoft.VisualStudio.TestTools.TestTypes.Unit.UnitTestAdapter, Microsoft.VisualStudio.QualityTools.Tips.UnitTest.Adapter, Version=10.0.0.0, Culture=neutral, PublicKeyToken=b03f5f7f11d50a3a" className="Tic_Tac_Toe_Forever_Test.GameViewTest, Tic_Tac_Toe_Forever_Test, Version=1.0.0.0, Culture=neutral, PublicKeyToken=null" name="ShowResultTest1" />
    </UnitTest>
    <UnitTest name="CreateMementoTest" storage="c:\documents and settings\karthik\desktop\se2 final design\design_last\groupa_tictactoe_today_ff\tic_tac_toe_forever_test\bin\debug\tic_tac_toe_forever_test.dll" id="d79c2ed6-2d87-2c3a-76fd-bad033a309d1">
      <Execution id="555f58ed-905f-41e0-8778-830ea8b9fc52" />
      <TestMethod codeBase="C:/Documents and Settings/karthik/Desktop/SE2 final design/design_last/GroupA_TicTacToe_Today_FF/Tic_Tac_Toe_Forever_Test/bin/Debug/Tic_Tac_Toe_Forever_Test.DLL" adapterTypeName="Microsoft.VisualStudio.TestTools.TestTypes.Unit.UnitTestAdapter, Microsoft.VisualStudio.QualityTools.Tips.UnitTest.Adapter, Version=10.0.0.0, Culture=neutral, PublicKeyToken=b03f5f7f11d50a3a" className="Tic_Tac_Toe_Forever_Test.BoardTest, Tic_Tac_Toe_Forever_Test, Version=1.0.0.0, Culture=neutral, PublicKeyToken=null" name="CreateMementoTest" />
    </UnitTest>
    <UnitTest name="SelectBestMoveTest" storage="c:\documents and settings\karthik\desktop\se2 final design\design_last\groupa_tictactoe_today_ff\tic_tac_toe_forever_test\bin\debug\tic_tac_toe_forever_test.dll" id="c388d02c-8193-cb8b-3690-847f35381077">
      <Execution id="8755f6b8-9e80-4af5-a3c9-a3d820a14530" />
      <TestMethod codeBase="C:/Documents and Settings/karthik/Desktop/SE2 final design/design_last/GroupA_TicTacToe_Today_FF/Tic_Tac_Toe_Forever_Test/bin/Debug/Tic_Tac_Toe_Forever_Test.DLL" adapterTypeName="Microsoft.VisualStudio.TestTools.TestTypes.Unit.UnitTestAdapter, Microsoft.VisualStudio.QualityTools.Tips.UnitTest.Adapter, Version=10.0.0.0, Culture=neutral, PublicKeyToken=b03f5f7f11d50a3a" className="ComputerGamesRUS.Game.Test1.ComputerMoveHandlerTest, Tic_Tac_Toe_Forever_Test, Version=1.0.0.0, Culture=neutral, PublicKeyToken=null" name="SelectBestMoveTest" />
    </UnitTest>
    <UnitTest name="StepTwoTest" storage="c:\documents and settings\karthik\desktop\se2 final design\design_last\groupa_tictactoe_today_ff\tic_tac_toe_forever_test\bin\debug\tic_tac_toe_forever_test.dll" id="1c2a7aa8-d386-c2d0-9766-9daf802d90ce">
      <DeploymentItems>
        <DeploymentItem filename="GroupA_TicTacToe.exe" />
      </DeploymentItems>
      <Execution id="01ec4f48-3994-4a5c-bdc4-f2a6e4b368c1" />
      <TestMethod codeBase="C:/Documents and Settings/karthik/Desktop/SE2 final design/design_last/GroupA_TicTacToe_Today_FF/Tic_Tac_Toe_Forever_Test/bin/Debug/Tic_Tac_Toe_Forever_Test.DLL" adapterTypeName="Microsoft.VisualStudio.TestTools.TestTypes.Unit.UnitTestAdapter, Microsoft.VisualStudio.QualityTools.Tips.UnitTest.Adapter, Version=10.0.0.0, Culture=neutral, PublicKeyToken=b03f5f7f11d50a3a" className="ComputerGamesRUS.Game.Test1.ComputerMoveHandlerTest, Tic_Tac_Toe_Forever_Test, Version=1.0.0.0, Culture=neutral, PublicKeyToken=null" name="StepTwoTest" />
    </UnitTest>
    <UnitTest name="createInstanceTest1" storage="c:\documents and settings\karthik\desktop\se2 final design\design_last\groupa_tictactoe_today_ff\tic_tac_toe_forever_test\bin\debug\tic_tac_toe_forever_test.dll" id="536de9da-0066-a64b-878e-599932607ad3">
      <Execution id="aca0326a-d713-4852-a237-5a1e2401d966" />
      <TestMethod codeBase="C:/Documents and Settings/karthik/Desktop/SE2 final design/design_last/GroupA_TicTacToe_Today_FF/Tic_Tac_Toe_Forever_Test/bin/Debug/Tic_Tac_Toe_Forever_Test.DLL" adapterTypeName="Microsoft.VisualStudio.TestTools.TestTypes.Unit.UnitTestAdapter, Microsoft.VisualStudio.QualityTools.Tips.UnitTest.Adapter, Version=10.0.0.0, Culture=neutral, PublicKeyToken=b03f5f7f11d50a3a" className="Tic_Tac_Toe_Forever_Test.BoardTest, Tic_Tac_Toe_Forever_Test, Version=1.0.0.0, Culture=neutral, PublicKeyToken=null" name="createInstanceTest1" />
    </UnitTest>
    <UnitTest name="StepThreeTest" storage="c:\documents and settings\karthik\desktop\se2 final design\design_last\groupa_tictactoe_today_ff\tic_tac_toe_forever_test\bin\debug\tic_tac_toe_forever_test.dll" id="79703a38-2e82-a172-0e42-aaa3e7932553">
      <DeploymentItems>
        <DeploymentItem filename="GroupA_TicTacToe.exe" />
      </DeploymentItems>
      <Execution id="6c9b624a-b47a-4cfb-bfcb-307f77654aaa" />
      <TestMethod codeBase="C:/Documents and Settings/karthik/Desktop/SE2 final design/design_last/GroupA_TicTacToe_Today_FF/Tic_Tac_Toe_Forever_Test/bin/Debug/Tic_Tac_Toe_Forever_Test.DLL" adapterTypeName="Microsoft.VisualStudio.TestTools.TestTypes.Unit.UnitTestAdapter, Microsoft.VisualStudio.QualityTools.Tips.UnitTest.Adapter, Version=10.0.0.0, Culture=neutral, PublicKeyToken=b03f5f7f11d50a3a" className="ComputerGamesRUS.Game.Test1.ComputerMoveHandlerTest, Tic_Tac_Toe_Forever_Test, Version=1.0.0.0, Culture=neutral, PublicKeyToken=null" name="StepThreeTest" />
    </UnitTest>
    <UnitTest name="CalculateStepThreeTest" storage="c:\documents and settings\karthik\desktop\se2 final design\design_last\groupa_tictactoe_today_ff\tic_tac_toe_forever_test\bin\debug\tic_tac_toe_forever_test.dll" id="2d11687b-1ea4-73dd-6e6b-e0329669a4d7">
      <Execution id="a72d30b6-5061-47df-b357-8da12b5feb2c" />
      <TestMethod codeBase="C:/Documents and Settings/karthik/Desktop/SE2 final design/design_last/GroupA_TicTacToe_Today_FF/Tic_Tac_Toe_Forever_Test/bin/Debug/Tic_Tac_Toe_Forever_Test.DLL" adapterTypeName="Microsoft.VisualStudio.TestTools.TestTypes.Unit.UnitTestAdapter, Microsoft.VisualStudio.QualityTools.Tips.UnitTest.Adapter, Version=10.0.0.0, Culture=neutral, PublicKeyToken=b03f5f7f11d50a3a" className="ComputerGamesRUS.Game.Test1.ComputerMoveHandlerTest, Tic_Tac_Toe_Forever_Test, Version=1.0.0.0, Culture=neutral, PublicKeyToken=null" name="CalculateStepThreeTest" />
    </UnitTest>
    <UnitTest name="ShowResultTest" storage="c:\documents and settings\karthik\desktop\se2 final design\design_last\groupa_tictactoe_today_ff\tic_tac_toe_forever_test\bin\debug\tic_tac_toe_forever_test.dll" id="6daf65b4-05cc-b22b-0762-65fbf9673796">
      <Execution id="4cd8d7c7-ec71-4c1c-af99-c9a91c3ff607" />
      <TestMethod codeBase="C:/Documents and Settings/karthik/Desktop/SE2 final design/design_last/GroupA_TicTacToe_Today_FF/Tic_Tac_Toe_Forever_Test/bin/Debug/Tic_Tac_Toe_Forever_Test.DLL" adapterTypeName="Microsoft.VisualStudio.TestTools.TestTypes.Unit.UnitTestAdapter, Microsoft.VisualStudio.QualityTools.Tips.UnitTest.Adapter, Version=10.0.0.0, Culture=neutral, PublicKeyToken=b03f5f7f11d50a3a" className="Tic_Tac_Toe_Forever_Test.GameViewTest, Tic_Tac_Toe_Forever_Test, Version=1.0.0.0, Culture=neutral, PublicKeyToken=null" name="ShowResultTest" />
    </UnitTest>
    <UnitTest name="GetSymbolRectangleTest" storage="c:\documents and settings\karthik\desktop\se2 final design\design_last\groupa_tictactoe_today_ff\tic_tac_toe_forever_test\bin\debug\tic_tac_toe_forever_test.dll" id="51821d50-7630-a087-53a5-edde42335604">
      <DeploymentItems>
        <DeploymentItem filename="GroupA_TicTacToe.exe" />
      </DeploymentItems>
      <Execution id="7df5bea3-a200-4f63-b67c-30a154c8d173" />
      <TestMethod codeBase="C:/Documents and Settings/karthik/Desktop/SE2 final design/design_last/GroupA_TicTacToe_Today_FF/Tic_Tac_Toe_Forever_Test/bin/Debug/Tic_Tac_Toe_Forever_Test.DLL" adapterTypeName="Microsoft.VisualStudio.TestTools.TestTypes.Unit.UnitTestAdapter, Microsoft.VisualStudio.QualityTools.Tips.UnitTest.Adapter, Version=10.0.0.0, Culture=neutral, PublicKeyToken=b03f5f7f11d50a3a" className="Tic_Tac_Toe_Forever_Test.BoardTest, Tic_Tac_Toe_Forever_Test, Version=1.0.0.0, Culture=neutral, PublicKeyToken=null" name="GetSymbolRectangleTest" />
    </UnitTest>
    <UnitTest name="GameViewConstructorTest" storage="c:\documents and settings\karthik\desktop\se2 final design\design_last\groupa_tictactoe_today_ff\tic_tac_toe_forever_test\bin\debug\tic_tac_toe_forever_test.dll" id="acf14757-2e94-1174-a060-2307e62506fd">
      <Execution id="e88f21cb-27e6-436f-97b9-8277ef86331d" />
      <TestMethod codeBase="C:/Documents and Settings/karthik/Desktop/SE2 final design/design_last/GroupA_TicTacToe_Today_FF/Tic_Tac_Toe_Forever_Test/bin/Debug/Tic_Tac_Toe_Forever_Test.DLL" adapterTypeName="Microsoft.VisualStudio.TestTools.TestTypes.Unit.UnitTestAdapter, Microsoft.VisualStudio.QualityTools.Tips.UnitTest.Adapter, Version=10.0.0.0, Culture=neutral, PublicKeyToken=b03f5f7f11d50a3a" className="Tic_Tac_Toe_Forever_Test.GameViewTest, Tic_Tac_Toe_Forever_Test, Version=1.0.0.0, Culture=neutral, PublicKeyToken=null" name="GameViewConstructorTest" />
    </UnitTest>
    <UnitTest name="MakeMoveTest" storage="c:\documents and settings\karthik\desktop\se2 final design\design_last\groupa_tictactoe_today_ff\tic_tac_toe_forever_test\bin\debug\tic_tac_toe_forever_test.dll" id="54d8eaf3-c56c-184e-26b5-15196a90c1a8">
      <Execution id="57902ea7-3061-4953-a914-078684e81e8f" />
      <TestMethod codeBase="C:/Documents and Settings/karthik/Desktop/SE2 final design/design_last/GroupA_TicTacToe_Today_FF/Tic_Tac_Toe_Forever_Test/bin/Debug/Tic_Tac_Toe_Forever_Test.DLL" adapterTypeName="Microsoft.VisualStudio.TestTools.TestTypes.Unit.UnitTestAdapter, Microsoft.VisualStudio.QualityTools.Tips.UnitTest.Adapter, Version=10.0.0.0, Culture=neutral, PublicKeyToken=b03f5f7f11d50a3a" className="ComputerGamesRUS.Game.Test1.ComputerMoveHandlerTest, Tic_Tac_Toe_Forever_Test, Version=1.0.0.0, Culture=neutral, PublicKeyToken=null" name="MakeMoveTest" />
    </UnitTest>
    <UnitTest name="CheckResizeRequiredTest1" storage="c:\documents and settings\karthik\desktop\se2 final design\design_last\groupa_tictactoe_today_ff\tic_tac_toe_forever_test\bin\debug\tic_tac_toe_forever_test.dll" id="f85e73e9-837a-e9be-4813-9179b64879fc">
      <Execution id="208d4b98-c447-43b1-96e3-5201355e9753" />
      <TestMethod codeBase="C:/Documents and Settings/karthik/Desktop/SE2 final design/design_last/GroupA_TicTacToe_Today_FF/Tic_Tac_Toe_Forever_Test/bin/Debug/Tic_Tac_Toe_Forever_Test.DLL" adapterTypeName="Microsoft.VisualStudio.TestTools.TestTypes.Unit.UnitTestAdapter, Microsoft.VisualStudio.QualityTools.Tips.UnitTest.Adapter, Version=10.0.0.0, Culture=neutral, PublicKeyToken=b03f5f7f11d50a3a" className="Tic_Tac_Toe_Forever_Test.GameManagerTest, Tic_Tac_Toe_Forever_Test, Version=1.0.0.0, Culture=neutral, PublicKeyToken=null" name="CheckResizeRequiredTest1" />
    </UnitTest>
    <UnitTest name="CheckResizeRequiredTest2" storage="c:\documents and settings\karthik\desktop\se2 final design\design_last\groupa_tictactoe_today_ff\tic_tac_toe_forever_test\bin\debug\tic_tac_toe_forever_test.dll" id="9f8ef73a-308d-fac1-564e-e2477fc93b76">
      <Execution id="0014cec3-2ca2-4e74-8539-3088ab096699" />
      <TestMethod codeBase="C:/Documents and Settings/karthik/Desktop/SE2 final design/design_last/GroupA_TicTacToe_Today_FF/Tic_Tac_Toe_Forever_Test/bin/Debug/Tic_Tac_Toe_Forever_Test.DLL" adapterTypeName="Microsoft.VisualStudio.TestTools.TestTypes.Unit.UnitTestAdapter, Microsoft.VisualStudio.QualityTools.Tips.UnitTest.Adapter, Version=10.0.0.0, Culture=neutral, PublicKeyToken=b03f5f7f11d50a3a" className="Tic_Tac_Toe_Forever_Test.GameManagerTest, Tic_Tac_Toe_Forever_Test, Version=1.0.0.0, Culture=neutral, PublicKeyToken=null" name="CheckResizeRequiredTest2" />
    </UnitTest>
    <UnitTest name="GetCellRectangleTest" storage="c:\documents and settings\karthik\desktop\se2 final design\design_last\groupa_tictactoe_today_ff\tic_tac_toe_forever_test\bin\debug\tic_tac_toe_forever_test.dll" id="883909f7-8fa2-cd70-a42d-9a76f83113b9">
      <DeploymentItems>
        <DeploymentItem filename="GroupA_TicTacToe.exe" />
      </DeploymentItems>
      <Execution id="730c9d60-9f0b-41b2-9524-853d0cf2399a" />
      <TestMethod codeBase="C:/Documents and Settings/karthik/Desktop/SE2 final design/design_last/GroupA_TicTacToe_Today_FF/Tic_Tac_Toe_Forever_Test/bin/Debug/Tic_Tac_Toe_Forever_Test.DLL" adapterTypeName="Microsoft.VisualStudio.TestTools.TestTypes.Unit.UnitTestAdapter, Microsoft.VisualStudio.QualityTools.Tips.UnitTest.Adapter, Version=10.0.0.0, Culture=neutral, PublicKeyToken=b03f5f7f11d50a3a" className="Tic_Tac_Toe_Forever_Test.BoardTest, Tic_Tac_Toe_Forever_Test, Version=1.0.0.0, Culture=neutral, PublicKeyToken=null" name="GetCellRectangleTest" />
    </UnitTest>
    <UnitTest name="createInstanceTest" storage="c:\documents and settings\karthik\desktop\se2 final design\design_last\groupa_tictactoe_today_ff\tic_tac_toe_forever_test\bin\debug\tic_tac_toe_forever_test.dll" id="1c26784c-0ddc-a16d-f19b-71635342809d">
      <Execution id="44e04a11-cb88-4855-a282-ca7416d833f0" />
      <TestMethod codeBase="C:/Documents and Settings/karthik/Desktop/SE2 final design/design_last/GroupA_TicTacToe_Today_FF/Tic_Tac_Toe_Forever_Test/bin/Debug/Tic_Tac_Toe_Forever_Test.DLL" adapterTypeName="Microsoft.VisualStudio.TestTools.TestTypes.Unit.UnitTestAdapter, Microsoft.VisualStudio.QualityTools.Tips.UnitTest.Adapter, Version=10.0.0.0, Culture=neutral, PublicKeyToken=b03f5f7f11d50a3a" className="Tic_Tac_Toe_Forever_Test.BoardTest, Tic_Tac_Toe_Forever_Test, Version=1.0.0.0, Culture=neutral, PublicKeyToken=null" name="createInstanceTest" />
    </UnitTest>
    <UnitTest name="ClearTest" storage="c:\documents and settings\karthik\desktop\se2 final design\design_last\groupa_tictactoe_today_ff\tic_tac_toe_forever_test\bin\debug\tic_tac_toe_forever_test.dll" id="30c1c89b-fac2-c77e-0b9b-67de1982205c">
      <Execution id="36efc50a-3a4c-459a-abf7-c4e9c4fa8d59" />
      <TestMethod codeBase="C:/Documents and Settings/karthik/Desktop/SE2 final design/design_last/GroupA_TicTacToe_Today_FF/Tic_Tac_Toe_Forever_Test/bin/Debug/Tic_Tac_Toe_Forever_Test.DLL" adapterTypeName="Microsoft.VisualStudio.TestTools.TestTypes.Unit.UnitTestAdapter, Microsoft.VisualStudio.QualityTools.Tips.UnitTest.Adapter, Version=10.0.0.0, Culture=neutral, PublicKeyToken=b03f5f7f11d50a3a" className="Tic_Tac_Toe_Forever_Test.BoardTest, Tic_Tac_Toe_Forever_Test, Version=1.0.0.0, Culture=neutral, PublicKeyToken=null" name="ClearTest" />
    </UnitTest>
    <UnitTest name="GetSymbolTest" storage="c:\documents and settings\karthik\desktop\se2 final design\design_last\groupa_tictactoe_today_ff\tic_tac_toe_forever_test\bin\debug\tic_tac_toe_forever_test.dll" id="7b0e2e66-8df2-4a1a-265f-d4dedb3fc894">
      <Execution id="e5ce3bef-18f7-46b9-a090-e13aedd41dd6" />
      <TestMethod codeBase="C:/Documents and Settings/karthik/Desktop/SE2 final design/design_last/GroupA_TicTacToe_Today_FF/Tic_Tac_Toe_Forever_Test/bin/Debug/Tic_Tac_Toe_Forever_Test.DLL" adapterTypeName="Microsoft.VisualStudio.TestTools.TestTypes.Unit.UnitTestAdapter, Microsoft.VisualStudio.QualityTools.Tips.UnitTest.Adapter, Version=10.0.0.0, Culture=neutral, PublicKeyToken=b03f5f7f11d50a3a" className="Tic_Tac_Toe_Forever_Test.BoardTest, Tic_Tac_Toe_Forever_Test, Version=1.0.0.0, Culture=neutral, PublicKeyToken=null" name="GetSymbolTest" />
    </UnitTest>
    <UnitTest name="CheckResizeRequiredTest" storage="c:\documents and settings\karthik\desktop\se2 final design\design_last\groupa_tictactoe_today_ff\tic_tac_toe_forever_test\bin\debug\tic_tac_toe_forever_test.dll" id="81e0d52c-2114-14fa-89f0-fbd51f644f03">
      <Execution id="9b176743-a877-4545-b629-dea941827d24" />
      <TestMethod codeBase="C:/Documents and Settings/karthik/Desktop/SE2 final design/design_last/GroupA_TicTacToe_Today_FF/Tic_Tac_Toe_Forever_Test/bin/Debug/Tic_Tac_Toe_Forever_Test.DLL" adapterTypeName="Microsoft.VisualStudio.TestTools.TestTypes.Unit.UnitTestAdapter, Microsoft.VisualStudio.QualityTools.Tips.UnitTest.Adapter, Version=10.0.0.0, Culture=neutral, PublicKeyToken=b03f5f7f11d50a3a" className="Tic_Tac_Toe_Forever_Test.GameManagerTest, Tic_Tac_Toe_Forever_Test, Version=1.0.0.0, Culture=neutral, PublicKeyToken=null" name="CheckResizeRequiredTest" />
    </UnitTest>
    <UnitTest name="IsOutofBoundsTest" storage="c:\documents and settings\karthik\desktop\se2 final design\design_last\groupa_tictactoe_today_ff\tic_tac_toe_forever_test\bin\debug\tic_tac_toe_forever_test.dll" id="3813c055-0a11-519d-190b-213c39098af5">
      <Execution id="34d7077d-3c84-4640-b572-43780e0c5f7b" />
      <TestMethod codeBase="C:/Documents and Settings/karthik/Desktop/SE2 final design/design_last/GroupA_TicTacToe_Today_FF/Tic_Tac_Toe_Forever_Test/bin/Debug/Tic_Tac_Toe_Forever_Test.DLL" adapterTypeName="Microsoft.VisualStudio.TestTools.TestTypes.Unit.UnitTestAdapter, Microsoft.VisualStudio.QualityTools.Tips.UnitTest.Adapter, Version=10.0.0.0, Culture=neutral, PublicKeyToken=b03f5f7f11d50a3a" className="Tic_Tac_Toe_Forever_Test.BoardTest, Tic_Tac_Toe_Forever_Test, Version=1.0.0.0, Culture=neutral, PublicKeyToken=null" name="IsOutofBoundsTest" />
    </UnitTest>
    <UnitTest name="BoardConstructorTest" storage="c:\documents and settings\karthik\desktop\se2 final design\design_last\groupa_tictactoe_today_ff\tic_tac_toe_forever_test\bin\debug\tic_tac_toe_forever_test.dll" id="dbe66929-699e-e618-e12c-3721ef274ba0">
      <DeploymentItems>
        <DeploymentItem filename="GroupA_TicTacToe.exe" />
      </DeploymentItems>
      <Execution id="fbcb9051-5d40-4daa-a195-e057fb9759cc" />
      <TestMethod codeBase="C:/Documents and Settings/karthik/Desktop/SE2 final design/design_last/GroupA_TicTacToe_Today_FF/Tic_Tac_Toe_Forever_Test/bin/Debug/Tic_Tac_Toe_Forever_Test.DLL" adapterTypeName="Microsoft.VisualStudio.TestTools.TestTypes.Unit.UnitTestAdapter, Microsoft.VisualStudio.QualityTools.Tips.UnitTest.Adapter, Version=10.0.0.0, Culture=neutral, PublicKeyToken=b03f5f7f11d50a3a" className="Tic_Tac_Toe_Forever_Test.BoardTest, Tic_Tac_Toe_Forever_Test, Version=1.0.0.0, Culture=neutral, PublicKeyToken=null" name="BoardConstructorTest" />
    </UnitTest>
    <UnitTest name="PutSymbolTest" storage="c:\documents and settings\karthik\desktop\se2 final design\design_last\groupa_tictactoe_today_ff\tic_tac_toe_forever_test\bin\debug\tic_tac_toe_forever_test.dll" id="7f6992cd-8434-1750-aa26-57ea7b9d67ea">
      <Execution id="16cbca56-d193-4489-80d4-8b44c8d23371" />
      <TestMethod codeBase="C:/Documents and Settings/karthik/Desktop/SE2 final design/design_last/GroupA_TicTacToe_Today_FF/Tic_Tac_Toe_Forever_Test/bin/Debug/Tic_Tac_Toe_Forever_Test.DLL" adapterTypeName="Microsoft.VisualStudio.TestTools.TestTypes.Unit.UnitTestAdapter, Microsoft.VisualStudio.QualityTools.Tips.UnitTest.Adapter, Version=10.0.0.0, Culture=neutral, PublicKeyToken=b03f5f7f11d50a3a" className="Tic_Tac_Toe_Forever_Test.BoardTest, Tic_Tac_Toe_Forever_Test, Version=1.0.0.0, Culture=neutral, PublicKeyToken=null" name="PutSymbolTest" />
    </UnitTest>
    <UnitTest name="setMementoTest" storage="c:\documents and settings\karthik\desktop\se2 final design\design_last\groupa_tictactoe_today_ff\tic_tac_toe_forever_test\bin\debug\tic_tac_toe_forever_test.dll" id="12e46c41-ca5e-7203-7d91-9ceaeb8372fa">
      <Execution id="49f84d62-1b65-41b3-955a-31dd4ea900a3" />
      <TestMethod codeBase="C:/Documents and Settings/karthik/Desktop/SE2 final design/design_last/GroupA_TicTacToe_Today_FF/Tic_Tac_Toe_Forever_Test/bin/Debug/Tic_Tac_Toe_Forever_Test.DLL" adapterTypeName="Microsoft.VisualStudio.TestTools.TestTypes.Unit.UnitTestAdapter, Microsoft.VisualStudio.QualityTools.Tips.UnitTest.Adapter, Version=10.0.0.0, Culture=neutral, PublicKeyToken=b03f5f7f11d50a3a" className="Tic_Tac_Toe_Forever_Test.BoardTest, Tic_Tac_Toe_Forever_Test, Version=1.0.0.0, Culture=neutral, PublicKeyToken=null" name="setMementoTest" />
    </UnitTest>
    <UnitTest name="CheckResultTest" storage="c:\documents and settings\karthik\desktop\se2 final design\design_last\groupa_tictactoe_today_ff\tic_tac_toe_forever_test\bin\debug\tic_tac_toe_forever_test.dll" id="024ac99d-0c07-622a-5934-0d5cfd6ece39">
      <Execution id="c0f3c8d0-b189-46bd-8788-c0151ce7a266" />
      <TestMethod codeBase="C:/Documents and Settings/karthik/Desktop/SE2 final design/design_last/GroupA_TicTacToe_Today_FF/Tic_Tac_Toe_Forever_Test/bin/Debug/Tic_Tac_Toe_Forever_Test.DLL" adapterTypeName="Microsoft.VisualStudio.TestTools.TestTypes.Unit.UnitTestAdapter, Microsoft.VisualStudio.QualityTools.Tips.UnitTest.Adapter, Version=10.0.0.0, Culture=neutral, PublicKeyToken=b03f5f7f11d50a3a" className="ComputerGamesRUS.Game.Test1.MoveHandlerTest, Tic_Tac_Toe_Forever_Test, Version=1.0.0.0, Culture=neutral, PublicKeyToken=null" name="CheckResultTest" />
    </UnitTest>
    <UnitTest name="CreatePointTest" storage="c:\documents and settings\karthik\desktop\se2 final design\design_last\groupa_tictactoe_today_ff\tic_tac_toe_forever_test\bin\debug\tic_tac_toe_forever_test.dll" id="60546481-3319-5dad-44b6-fd0b8b42e5c0">
      <Execution id="b48a6dc5-781b-4d67-8411-a92bfa3e8cc4" />
      <TestMethod codeBase="C:/Documents and Settings/karthik/Desktop/SE2 final design/design_last/GroupA_TicTacToe_Today_FF/Tic_Tac_Toe_Forever_Test/bin/Debug/Tic_Tac_Toe_Forever_Test.DLL" adapterTypeName="Microsoft.VisualStudio.TestTools.TestTypes.Unit.UnitTestAdapter, Microsoft.VisualStudio.QualityTools.Tips.UnitTest.Adapter, Version=10.0.0.0, Culture=neutral, PublicKeyToken=b03f5f7f11d50a3a" className="Tic_Tac_Toe_Forever_Test.BoardTest, Tic_Tac_Toe_Forever_Test, Version=1.0.0.0, Culture=neutral, PublicKeyToken=null" name="CreatePointTest" />
    </UnitTest>
    <UnitTest name="ResizeBoardTest" storage="c:\documents and settings\karthik\desktop\se2 final design\design_last\groupa_tictactoe_today_ff\tic_tac_toe_forever_test\bin\debug\tic_tac_toe_forever_test.dll" id="a6459b04-f67c-73d5-d726-12e903f80422">
      <DeploymentItems>
        <DeploymentItem filename="GroupA_TicTacToe.exe" />
      </DeploymentItems>
      <Execution id="a7f4c8b7-1ce6-4c79-8c8b-c5dc68ba056f" />
      <TestMethod codeBase="C:/Documents and Settings/karthik/Desktop/SE2 final design/design_last/GroupA_TicTacToe_Today_FF/Tic_Tac_Toe_Forever_Test/bin/Debug/Tic_Tac_Toe_Forever_Test.DLL" adapterTypeName="Microsoft.VisualStudio.TestTools.TestTypes.Unit.UnitTestAdapter, Microsoft.VisualStudio.QualityTools.Tips.UnitTest.Adapter, Version=10.0.0.0, Culture=neutral, PublicKeyToken=b03f5f7f11d50a3a" className="Tic_Tac_Toe_Forever_Test.GameManagerTest, Tic_Tac_Toe_Forever_Test, Version=1.0.0.0, Culture=neutral, PublicKeyToken=null" name="ResizeBoardTest" />
    </UnitTest>
    <UnitTest name="CalculateStepOneTest" storage="c:\documents and settings\karthik\desktop\se2 final design\design_last\groupa_tictactoe_today_ff\tic_tac_toe_forever_test\bin\debug\tic_tac_toe_forever_test.dll" id="7c18b437-1eaf-293e-0176-96a9653c693e">
      <Execution id="ab47b3dc-43f4-4bdc-9274-fa8264c13541" />
      <TestMethod codeBase="C:/Documents and Settings/karthik/Desktop/SE2 final design/design_last/GroupA_TicTacToe_Today_FF/Tic_Tac_Toe_Forever_Test/bin/Debug/Tic_Tac_Toe_Forever_Test.DLL" adapterTypeName="Microsoft.VisualStudio.TestTools.TestTypes.Unit.UnitTestAdapter, Microsoft.VisualStudio.QualityTools.Tips.UnitTest.Adapter, Version=10.0.0.0, Culture=neutral, PublicKeyToken=b03f5f7f11d50a3a" className="ComputerGamesRUS.Game.Test1.ComputerMoveHandlerTest, Tic_Tac_Toe_Forever_Test, Version=1.0.0.0, Culture=neutral, PublicKeyToken=null" name="CalculateStepOneTest" />
    </UnitTest>
    <UnitTest name="SymbolStoreTest" storage="c:\documents and settings\karthik\desktop\se2 final design\design_last\groupa_tictactoe_today_ff\tic_tac_toe_forever_test\bin\debug\tic_tac_toe_forever_test.dll" id="6ba15e95-f9ae-f088-948d-f72b9b631689">
      <Execution id="c6b37192-e364-43a2-80d1-0823badc8f3b" />
      <TestMethod codeBase="C:/Documents and Settings/karthik/Desktop/SE2 final design/design_last/GroupA_TicTacToe_Today_FF/Tic_Tac_Toe_Forever_Test/bin/Debug/Tic_Tac_Toe_Forever_Test.DLL" adapterTypeName="Microsoft.VisualStudio.TestTools.TestTypes.Unit.UnitTestAdapter, Microsoft.VisualStudio.QualityTools.Tips.UnitTest.Adapter, Version=10.0.0.0, Culture=neutral, PublicKeyToken=b03f5f7f11d50a3a" className="Tic_Tac_Toe_Forever_Test.BoardTest, Tic_Tac_Toe_Forever_Test, Version=1.0.0.0, Culture=neutral, PublicKeyToken=null" name="SymbolStoreTest" />
    </UnitTest>
    <UnitTest name="IsOutofBoundsTest1" storage="c:\documents and settings\karthik\desktop\se2 final design\design_last\groupa_tictactoe_today_ff\tic_tac_toe_forever_test\bin\debug\tic_tac_toe_forever_test.dll" id="bddeeba6-943b-2407-ff81-317c22673db4">
      <Execution id="760dfb23-7030-4e78-b948-5d2f87d2e1c6" />
      <TestMethod codeBase="C:/Documents and Settings/karthik/Desktop/SE2 final design/design_last/GroupA_TicTacToe_Today_FF/Tic_Tac_Toe_Forever_Test/bin/Debug/Tic_Tac_Toe_Forever_Test.DLL" adapterTypeName="Microsoft.VisualStudio.TestTools.TestTypes.Unit.UnitTestAdapter, Microsoft.VisualStudio.QualityTools.Tips.UnitTest.Adapter, Version=10.0.0.0, Culture=neutral, PublicKeyToken=b03f5f7f11d50a3a" className="Tic_Tac_Toe_Forever_Test.BoardTest, Tic_Tac_Toe_Forever_Test, Version=1.0.0.0, Culture=neutral, PublicKeyToken=null" name="IsOutofBoundsTest1" />
    </UnitTest>
    <UnitTest name="StepOneTest" storage="c:\documents and settings\karthik\desktop\se2 final design\design_last\groupa_tictactoe_today_ff\tic_tac_toe_forever_test\bin\debug\tic_tac_toe_forever_test.dll" id="ad3ca581-932d-56e7-cd6a-26682ca3a236">
      <Execution id="13c11cc7-0c2a-499d-9051-87cc92890ccf" />
      <TestMethod codeBase="C:/Documents and Settings/karthik/Desktop/SE2 final design/design_last/GroupA_TicTacToe_Today_FF/Tic_Tac_Toe_Forever_Test/bin/Debug/Tic_Tac_Toe_Forever_Test.DLL" adapterTypeName="Microsoft.VisualStudio.TestTools.TestTypes.Unit.UnitTestAdapter, Microsoft.VisualStudio.QualityTools.Tips.UnitTest.Adapter, Version=10.0.0.0, Culture=neutral, PublicKeyToken=b03f5f7f11d50a3a" className="ComputerGamesRUS.Game.Test1.ComputerMoveHandlerTest, Tic_Tac_Toe_Forever_Test, Version=1.0.0.0, Culture=neutral, PublicKeyToken=null" name="StepOneTest" />
    </UnitTest>
    <UnitTest name="ShowInstructionTest" storage="c:\documents and settings\karthik\desktop\se2 final design\design_last\groupa_tictactoe_today_ff\tic_tac_toe_forever_test\bin\debug\tic_tac_toe_forever_test.dll" id="b5975cca-4ea0-1de8-dc3c-80a1bc046cd5">
      <Execution id="3ec1a62b-c839-4e17-96c7-0f8a652c4f82" />
      <TestMethod codeBase="C:/Documents and Settings/karthik/Desktop/SE2 final design/design_last/GroupA_TicTacToe_Today_FF/Tic_Tac_Toe_Forever_Test/bin/Debug/Tic_Tac_Toe_Forever_Test.DLL" adapterTypeName="Microsoft.VisualStudio.TestTools.TestTypes.Unit.UnitTestAdapter, Microsoft.VisualStudio.QualityTools.Tips.UnitTest.Adapter, Version=10.0.0.0, Culture=neutral, PublicKeyToken=b03f5f7f11d50a3a" className="Tic_Tac_Toe_Forever_Test.GameViewTest, Tic_Tac_Toe_Forever_Test, Version=1.0.0.0, Culture=neutral, PublicKeyToken=null" name="ShowInstructionTest" />
    </UnitTest>
    <UnitTest name="CalculateStepTwoTest" storage="c:\documents and settings\karthik\desktop\se2 final design\design_last\groupa_tictactoe_today_ff\tic_tac_toe_forever_test\bin\debug\tic_tac_toe_forever_test.dll" id="724c9823-88d2-6bf0-4ae5-f63978fe9141">
      <Execution id="c9b56d5c-9de9-4cae-bf94-e89fc653fd2a" />
      <TestMethod codeBase="C:/Documents and Settings/karthik/Desktop/SE2 final design/design_last/GroupA_TicTacToe_Today_FF/Tic_Tac_Toe_Forever_Test/bin/Debug/Tic_Tac_Toe_Forever_Test.DLL" adapterTypeName="Microsoft.VisualStudio.TestTools.TestTypes.Unit.UnitTestAdapter, Microsoft.VisualStudio.QualityTools.Tips.UnitTest.Adapter, Version=10.0.0.0, Culture=neutral, PublicKeyToken=b03f5f7f11d50a3a" className="ComputerGamesRUS.Game.Test1.ComputerMoveHandlerTest, Tic_Tac_Toe_Forever_Test, Version=1.0.0.0, Culture=neutral, PublicKeyToken=null" name="CalculateStepTwoTest" />
    </UnitTest>
    <UnitTest name="BoardSizeTest" storage="c:\documents and settings\karthik\desktop\se2 final design\design_last\groupa_tictactoe_today_ff\tic_tac_toe_forever_test\bin\debug\tic_tac_toe_forever_test.dll" id="66f2ebb5-d38a-d706-8eb7-c5bda61f50a6">
      <Execution id="af7280d8-d750-49d3-b139-12a6eb1afb9d" />
      <TestMethod codeBase="C:/Documents and Settings/karthik/Desktop/SE2 final design/design_last/GroupA_TicTacToe_Today_FF/Tic_Tac_Toe_Forever_Test/bin/Debug/Tic_Tac_Toe_Forever_Test.DLL" adapterTypeName="Microsoft.VisualStudio.TestTools.TestTypes.Unit.UnitTestAdapter, Microsoft.VisualStudio.QualityTools.Tips.UnitTest.Adapter, Version=10.0.0.0, Culture=neutral, PublicKeyToken=b03f5f7f11d50a3a" className="Tic_Tac_Toe_Forever_Test.BoardTest, Tic_Tac_Toe_Forever_Test, Version=1.0.0.0, Culture=neutral, PublicKeyToken=null" name="BoardSizeTest" />
    </UnitTest>
  </TestDefinitions>
  <TestLists>
    <TestList name="Results Not in a List" id="8c84fa94-04c1-424b-9868-57a2d4851a1d" />
    <TestList name="All Loaded Results" id="19431567-8539-422a-85d7-44ee4e166bda" />
  </TestLists>
  <TestEntries>
    <TestEntry testId="883909f7-8fa2-cd70-a42d-9a76f83113b9" executionId="730c9d60-9f0b-41b2-9524-853d0cf2399a" testListId="8c84fa94-04c1-424b-9868-57a2d4851a1d" />
    <TestEntry testId="7f6992cd-8434-1750-aa26-57ea7b9d67ea" executionId="16cbca56-d193-4489-80d4-8b44c8d23371" testListId="8c84fa94-04c1-424b-9868-57a2d4851a1d" />
    <TestEntry testId="81e0d52c-2114-14fa-89f0-fbd51f644f03" executionId="9b176743-a877-4545-b629-dea941827d24" testListId="8c84fa94-04c1-424b-9868-57a2d4851a1d" />
    <TestEntry testId="6daf65b4-05cc-b22b-0762-65fbf9673796" executionId="4cd8d7c7-ec71-4c1c-af99-c9a91c3ff607" testListId="8c84fa94-04c1-424b-9868-57a2d4851a1d" />
    <TestEntry testId="3813c055-0a11-519d-190b-213c39098af5" executionId="34d7077d-3c84-4640-b572-43780e0c5f7b" testListId="8c84fa94-04c1-424b-9868-57a2d4851a1d" />
    <TestEntry testId="2d11687b-1ea4-73dd-6e6b-e0329669a4d7" executionId="a72d30b6-5061-47df-b357-8da12b5feb2c" testListId="8c84fa94-04c1-424b-9868-57a2d4851a1d" />
    <TestEntry testId="ad3ca581-932d-56e7-cd6a-26682ca3a236" executionId="13c11cc7-0c2a-499d-9051-87cc92890ccf" testListId="8c84fa94-04c1-424b-9868-57a2d4851a1d" />
    <TestEntry testId="7c18b437-1eaf-293e-0176-96a9653c693e" executionId="ab47b3dc-43f4-4bdc-9274-fa8264c13541" testListId="8c84fa94-04c1-424b-9868-57a2d4851a1d" />
    <TestEntry testId="7b0e2e66-8df2-4a1a-265f-d4dedb3fc894" executionId="e5ce3bef-18f7-46b9-a090-e13aedd41dd6" testListId="8c84fa94-04c1-424b-9868-57a2d4851a1d" />
    <TestEntry testId="1c26784c-0ddc-a16d-f19b-71635342809d" executionId="44e04a11-cb88-4855-a282-ca7416d833f0" testListId="8c84fa94-04c1-424b-9868-57a2d4851a1d" />
    <TestEntry testId="9f8ef73a-308d-fac1-564e-e2477fc93b76" executionId="0014cec3-2ca2-4e74-8539-3088ab096699" testListId="8c84fa94-04c1-424b-9868-57a2d4851a1d" />
    <TestEntry testId="51821d50-7630-a087-53a5-edde42335604" executionId="7df5bea3-a200-4f63-b67c-30a154c8d173" testListId="8c84fa94-04c1-424b-9868-57a2d4851a1d" />
    <TestEntry testId="12e46c41-ca5e-7203-7d91-9ceaeb8372fa" executionId="49f84d62-1b65-41b3-955a-31dd4ea900a3" testListId="8c84fa94-04c1-424b-9868-57a2d4851a1d" />
    <TestEntry testId="a6459b04-f67c-73d5-d726-12e903f80422" executionId="a7f4c8b7-1ce6-4c79-8c8b-c5dc68ba056f" testListId="8c84fa94-04c1-424b-9868-57a2d4851a1d" />
    <TestEntry testId="6ba15e95-f9ae-f088-948d-f72b9b631689" executionId="c6b37192-e364-43a2-80d1-0823badc8f3b" testListId="8c84fa94-04c1-424b-9868-57a2d4851a1d" />
    <TestEntry testId="1dedbad8-52ac-87f5-22cb-78e5320f49a2" executionId="5a6fb971-e948-4c7f-a55f-d06aed5785f1" testListId="8c84fa94-04c1-424b-9868-57a2d4851a1d" />
    <TestEntry testId="60546481-3319-5dad-44b6-fd0b8b42e5c0" executionId="b48a6dc5-781b-4d67-8411-a92bfa3e8cc4" testListId="8c84fa94-04c1-424b-9868-57a2d4851a1d" />
    <TestEntry testId="bddeeba6-943b-2407-ff81-317c22673db4" executionId="760dfb23-7030-4e78-b948-5d2f87d2e1c6" testListId="8c84fa94-04c1-424b-9868-57a2d4851a1d" />
    <TestEntry testId="f85e73e9-837a-e9be-4813-9179b64879fc" executionId="208d4b98-c447-43b1-96e3-5201355e9753" testListId="8c84fa94-04c1-424b-9868-57a2d4851a1d" />
    <TestEntry testId="dbe66929-699e-e618-e12c-3721ef274ba0" executionId="fbcb9051-5d40-4daa-a195-e057fb9759cc" testListId="8c84fa94-04c1-424b-9868-57a2d4851a1d" />
    <TestEntry testId="536de9da-0066-a64b-878e-599932607ad3" executionId="aca0326a-d713-4852-a237-5a1e2401d966" testListId="8c84fa94-04c1-424b-9868-57a2d4851a1d" />
    <TestEntry testId="1c2a7aa8-d386-c2d0-9766-9daf802d90ce" executionId="01ec4f48-3994-4a5c-bdc4-f2a6e4b368c1" testListId="8c84fa94-04c1-424b-9868-57a2d4851a1d" />
    <TestEntry testId="024ac99d-0c07-622a-5934-0d5cfd6ece39" executionId="c0f3c8d0-b189-46bd-8788-c0151ce7a266" testListId="8c84fa94-04c1-424b-9868-57a2d4851a1d" />
    <TestEntry testId="b745a59d-2445-677f-5ced-c5ad13e91482" executionId="06bc4445-76b7-4d8d-9683-2df056615791" testListId="8c84fa94-04c1-424b-9868-57a2d4851a1d" />
    <TestEntry testId="cd0d94ae-8314-52a4-757d-febb6a6a6313" executionId="6c1aa8b0-c21b-4c91-ba46-48a79b199807" testListId="8c84fa94-04c1-424b-9868-57a2d4851a1d" />
    <TestEntry testId="9c0cb698-2881-3296-7c8a-debd20d6bb80" executionId="695ea158-31f6-4f73-8bcf-a45b3168581f" testListId="8c84fa94-04c1-424b-9868-57a2d4851a1d" />
    <TestEntry testId="54d8eaf3-c56c-184e-26b5-15196a90c1a8" executionId="57902ea7-3061-4953-a914-078684e81e8f" testListId="8c84fa94-04c1-424b-9868-57a2d4851a1d" />
    <TestEntry testId="724c9823-88d2-6bf0-4ae5-f63978fe9141" executionId="c9b56d5c-9de9-4cae-bf94-e89fc653fd2a" testListId="8c84fa94-04c1-424b-9868-57a2d4851a1d" />
    <TestEntry testId="79703a38-2e82-a172-0e42-aaa3e7932553" executionId="6c9b624a-b47a-4cfb-bfcb-307f77654aaa" testListId="8c84fa94-04c1-424b-9868-57a2d4851a1d" />
    <TestEntry testId="acf14757-2e94-1174-a060-2307e62506fd" executionId="e88f21cb-27e6-436f-97b9-8277ef86331d" testListId="8c84fa94-04c1-424b-9868-57a2d4851a1d" />
    <TestEntry testId="66f2ebb5-d38a-d706-8eb7-c5bda61f50a6" executionId="af7280d8-d750-49d3-b139-12a6eb1afb9d" testListId="8c84fa94-04c1-424b-9868-57a2d4851a1d" />
    <TestEntry testId="30c1c89b-fac2-c77e-0b9b-67de1982205c" executionId="36efc50a-3a4c-459a-abf7-c4e9c4fa8d59" testListId="8c84fa94-04c1-424b-9868-57a2d4851a1d" />
    <TestEntry testId="c388d02c-8193-cb8b-3690-847f35381077" executionId="8755f6b8-9e80-4af5-a3c9-a3d820a14530" testListId="8c84fa94-04c1-424b-9868-57a2d4851a1d" />
    <TestEntry testId="b5975cca-4ea0-1de8-dc3c-80a1bc046cd5" executionId="3ec1a62b-c839-4e17-96c7-0f8a652c4f82" testListId="8c84fa94-04c1-424b-9868-57a2d4851a1d" />
    <TestEntry testId="d79c2ed6-2d87-2c3a-76fd-bad033a309d1" executionId="555f58ed-905f-41e0-8778-830ea8b9fc52" testListId="8c84fa94-04c1-424b-9868-57a2d4851a1d" />
  </TestEntries>
  <Results>
    <UnitTestResult executionId="730c9d60-9f0b-41b2-9524-853d0cf2399a" testId="883909f7-8fa2-cd70-a42d-9a76f83113b9" testName="GetCellRectangleTest" computerName="TINKU" duration="00:00:00.0287623" startTime="2012-04-14T16:57:29.0000000-05:00" endTime="2012-04-14T16:57:29.5000000-05:00" testType="13cdc9d9-ddb5-4fa4-a97d-d965ccfc6d4b" outcome="Passed" testListId="8c84fa94-04c1-424b-9868-57a2d4851a1d" relativeResultsDirectory="730c9d60-9f0b-41b2-9524-853d0cf2399a">
    </UnitTestResult>
    <UnitTestResult executionId="16cbca56-d193-4489-80d4-8b44c8d23371" testId="7f6992cd-8434-1750-aa26-57ea7b9d67ea" testName="PutSymbolTest" computerName="TINKU" duration="00:00:00.0055962" startTime="2012-04-14T16:57:29.5000000-05:00" endTime="2012-04-14T16:57:29.5156250-05:00" testType="13cdc9d9-ddb5-4fa4-a97d-d965ccfc6d4b" outcome="Passed" testListId="8c84fa94-04c1-424b-9868-57a2d4851a1d" relativeResultsDirectory="16cbca56-d193-4489-80d4-8b44c8d23371">
    </UnitTestResult>
    <UnitTestResult executionId="9b176743-a877-4545-b629-dea941827d24" testId="81e0d52c-2114-14fa-89f0-fbd51f644f03" testName="CheckResizeRequiredTest" computerName="TINKU" duration="00:00:00.0148423" startTime="2012-04-14T16:57:29.5156250-05:00" endTime="2012-04-14T16:57:29.5468750-05:00" testType="13cdc9d9-ddb5-4fa4-a97d-d965ccfc6d4b" outcome="Passed" testListId="8c84fa94-04c1-424b-9868-57a2d4851a1d" relativeResultsDirectory="9b176743-a877-4545-b629-dea941827d24">
    </UnitTestResult>
    <UnitTestResult executionId="4cd8d7c7-ec71-4c1c-af99-c9a91c3ff607" testId="6daf65b4-05cc-b22b-0762-65fbf9673796" testName="ShowResultTest" computerName="TINKU" duration="00:00:02.4285094" startTime="2012-04-14T16:57:29.5468750-05:00" endTime="2012-04-14T16:57:31.9843750-05:00" testType="13cdc9d9-ddb5-4fa4-a97d-d965ccfc6d4b" outcome="Passed" testListId="8c84fa94-04c1-424b-9868-57a2d4851a1d" relativeResultsDirectory="4cd8d7c7-ec71-4c1c-af99-c9a91c3ff607">
    </UnitTestResult>
    <UnitTestResult executionId="34d7077d-3c84-4640-b572-43780e0c5f7b" testId="3813c055-0a11-519d-190b-213c39098af5" testName="IsOutofBoundsTest" computerName="TINKU" duration="00:00:00.0005204" startTime="2012-04-14T16:57:32.0000000-05:00" endTime="2012-04-14T16:57:32.0000000-05:00" testType="13cdc9d9-ddb5-4fa4-a97d-d965ccfc6d4b" outcome="Passed" testListId="8c84fa94-04c1-424b-9868-57a2d4851a1d" relativeResultsDirectory="34d7077d-3c84-4640-b572-43780e0c5f7b">
    </UnitTestResult>
    <UnitTestResult executionId="a72d30b6-5061-47df-b357-8da12b5feb2c" testId="2d11687b-1ea4-73dd-6e6b-e0329669a4d7" testName="CalculateStepThreeTest" computerName="TINKU" duration="00:00:00.0138755" startTime="2012-04-14T16:57:32.0156250-05:00" endTime="2012-04-14T16:57:32.0312500-05:00" testType="13cdc9d9-ddb5-4fa4-a97d-d965ccfc6d4b" outcome="Inconclusive" testListId="8c84fa94-04c1-424b-9868-57a2d4851a1d" relativeResultsDirectory="a72d30b6-5061-47df-b357-8da12b5feb2c">
      <Output>
        <ErrorInfo>
          <Message>Assert.Inconclusive failed. Value returned based on the formula</Message>
          <StackTrace>   at ComputerGamesRUS.Game.Test1.ComputerMoveHandlerTest.CalculateStepThreeTest() in C:\Documents and Settings\karthik\Desktop\SE2 final design\design_last\GroupA_TicTacToe_Today_FF\Tic_Tac_Toe_Forever_Test\ComputerMoveHandlerTest.cs:line 87
</StackTrace>
        </ErrorInfo>
      </Output>
    </UnitTestResult>
    <UnitTestResult executionId="13c11cc7-0c2a-499d-9051-87cc92890ccf" testId="ad3ca581-932d-56e7-cd6a-26682ca3a236" testName="StepOneTest" computerName="TINKU" duration="00:00:00.0092908" startTime="2012-04-14T16:57:32.0468750-05:00" endTime="2012-04-14T16:57:32.0781250-05:00" testType="13cdc9d9-ddb5-4fa4-a97d-d965ccfc6d4b" outcome="Passed" testListId="8c84fa94-04c1-424b-9868-57a2d4851a1d" relativeResultsDirectory="13c11cc7-0c2a-499d-9051-87cc92890ccf">
    </UnitTestResult>
    <UnitTestResult executionId="ab47b3dc-43f4-4bdc-9274-fa8264c13541" testId="7c18b437-1eaf-293e-0176-96a9653c693e" testName="CalculateStepOneTest" computerName="TINKU" duration="00:00:00.0006394" startTime="2012-04-14T16:57:32.0781250-05:00" endTime="2012-04-14T16:57:32.0937500-05:00" testType="13cdc9d9-ddb5-4fa4-a97d-d965ccfc6d4b" outcome="Passed" testListId="8c84fa94-04c1-424b-9868-57a2d4851a1d" relativeResultsDirectory="ab47b3dc-43f4-4bdc-9274-fa8264c13541">
    </UnitTestResult>
    <UnitTestResult executionId="e5ce3bef-18f7-46b9-a090-e13aedd41dd6" testId="7b0e2e66-8df2-4a1a-265f-d4dedb3fc894" testName="GetSymbolTest" computerName="TINKU" duration="00:00:00.0013200" startTime="2012-04-14T16:57:32.1093750-05:00" endTime="2012-04-14T16:57:32.1250000-05:00" testType="13cdc9d9-ddb5-4fa4-a97d-d965ccfc6d4b" outcome="Passed" testListId="8c84fa94-04c1-424b-9868-57a2d4851a1d" relativeResultsDirectory="e5ce3bef-18f7-46b9-a090-e13aedd41dd6">
    </UnitTestResult>
    <UnitTestResult executionId="44e04a11-cb88-4855-a282-ca7416d833f0" testId="1c26784c-0ddc-a16d-f19b-71635342809d" testName="createInstanceTest" computerName="TINKU" duration="00:00:00.0004229" startTime="2012-04-14T16:57:32.1250000-05:00" endTime="2012-04-14T16:57:32.1406250-05:00" testType="13cdc9d9-ddb5-4fa4-a97d-d965ccfc6d4b" outcome="Passed" testListId="8c84fa94-04c1-424b-9868-57a2d4851a1d" relativeResultsDirectory="44e04a11-cb88-4855-a282-ca7416d833f0">
    </UnitTestResult>
    <UnitTestResult executionId="0014cec3-2ca2-4e74-8539-3088ab096699" testId="9f8ef73a-308d-fac1-564e-e2477fc93b76" testName="CheckResizeRequiredTest2" computerName="TINKU" duration="00:00:00.0025768" startTime="2012-04-14T16:57:32.1562500-05:00" endTime="2012-04-14T16:57:32.1718750-05:00" testType="13cdc9d9-ddb5-4fa4-a97d-d965ccfc6d4b" outcome="Passed" testListId="8c84fa94-04c1-424b-9868-57a2d4851a1d" relativeResultsDirectory="0014cec3-2ca2-4e74-8539-3088ab096699">
    </UnitTestResult>
    <UnitTestResult executionId="7df5bea3-a200-4f63-b67c-30a154c8d173" testId="51821d50-7630-a087-53a5-edde42335604" testName="GetSymbolRectangleTest" computerName="TINKU" duration="00:00:00.0008207" startTime="2012-04-14T16:57:32.1875000-05:00" endTime="2012-04-14T16:57:32.1875000-05:00" testType="13cdc9d9-ddb5-4fa4-a97d-d965ccfc6d4b" outcome="Passed" testListId="8c84fa94-04c1-424b-9868-57a2d4851a1d" relativeResultsDirectory="7df5bea3-a200-4f63-b67c-30a154c8d173">
    </UnitTestResult>
    <UnitTestResult executionId="49f84d62-1b65-41b3-955a-31dd4ea900a3" testId="12e46c41-ca5e-7203-7d91-9ceaeb8372fa" testName="setMementoTest" computerName="TINKU" duration="00:00:00.0016664" startTime="2012-04-14T16:57:32.2031250-05:00" endTime="2012-04-14T16:57:32.2031250-05:00" testType="13cdc9d9-ddb5-4fa4-a97d-d965ccfc6d4b" outcome="Passed" testListId="8c84fa94-04c1-424b-9868-57a2d4851a1d" relativeResultsDirectory="49f84d62-1b65-41b3-955a-31dd4ea900a3">
    </UnitTestResult>
    <UnitTestResult executionId="a7f4c8b7-1ce6-4c79-8c8b-c5dc68ba056f" testId="a6459b04-f67c-73d5-d726-12e903f80422" testName="ResizeBoardTest" computerName="TINKU" duration="00:00:00.0048657" startTime="2012-04-14T16:57:32.2187500-05:00" endTime="2012-04-14T16:57:32.2343750-05:00" testType="13cdc9d9-ddb5-4fa4-a97d-d965ccfc6d4b" outcome="Passed" testListId="8c84fa94-04c1-424b-9868-57a2d4851a1d" relativeResultsDirectory="a7f4c8b7-1ce6-4c79-8c8b-c5dc68ba056f">
    </UnitTestResult>
    <UnitTestResult executionId="c6b37192-e364-43a2-80d1-0823badc8f3b" testId="6ba15e95-f9ae-f088-948d-f72b9b631689" testName="SymbolStoreTest" computerName="TINKU" duration="00:00:00.0006657" startTime="2012-04-14T16:57:32.2343750-05:00" endTime="2012-04-14T16:57:32.2500000-05:00" testType="13cdc9d9-ddb5-4fa4-a97d-d965ccfc6d4b" outcome="Passed" testListId="8c84fa94-04c1-424b-9868-57a2d4851a1d" relativeResultsDirectory="c6b37192-e364-43a2-80d1-0823badc8f3b">
    </UnitTestResult>
    <UnitTestResult executionId="5a6fb971-e948-4c7f-a55f-d06aed5785f1" testId="1dedbad8-52ac-87f5-22cb-78e5320f49a2" testName="ShowResultTest1" computerName="TINKU" duration="00:00:01.5433511" startTime="2012-04-14T16:57:32.2500000-05:00" endTime="2012-04-14T16:57:33.8125000-05:00" testType="13cdc9d9-ddb5-4fa4-a97d-d965ccfc6d4b" outcome="Passed" testListId="8c84fa94-04c1-424b-9868-57a2d4851a1d" relativeResultsDirectory="5a6fb971-e948-4c7f-a55f-d06aed5785f1">
    </UnitTestResult>
    <UnitTestResult executionId="b48a6dc5-781b-4d67-8411-a92bfa3e8cc4" testId="60546481-3319-5dad-44b6-fd0b8b42e5c0" testName="CreatePointTest" computerName="TINKU" duration="00:00:00.0020709" startTime="2012-04-14T16:57:33.8281250-05:00" endTime="2012-04-14T16:57:33.8437500-05:00" testType="13cdc9d9-ddb5-4fa4-a97d-d965ccfc6d4b" outcome="Passed" testListId="8c84fa94-04c1-424b-9868-57a2d4851a1d" relativeResultsDirectory="b48a6dc5-781b-4d67-8411-a92bfa3e8cc4">
    </UnitTestResult>
    <UnitTestResult executionId="760dfb23-7030-4e78-b948-5d2f87d2e1c6" testId="bddeeba6-943b-2407-ff81-317c22673db4" testName="IsOutofBoundsTest1" computerName="TINKU" duration="00:00:00.0005799" startTime="2012-04-14T16:57:33.8437500-05:00" endTime="2012-04-14T16:57:33.8437500-05:00" testType="13cdc9d9-ddb5-4fa4-a97d-d965ccfc6d4b" outcome="Passed" testListId="8c84fa94-04c1-424b-9868-57a2d4851a1d" relativeResultsDirectory="760dfb23-7030-4e78-b948-5d2f87d2e1c6">
    </UnitTestResult>
    <UnitTestResult executionId="208d4b98-c447-43b1-96e3-5201355e9753" testId="f85e73e9-837a-e9be-4813-9179b64879fc" testName="CheckResizeRequiredTest1" computerName="TINKU" duration="00:00:00.0054191" startTime="2012-04-14T16:57:33.8750000-05:00" endTime="2012-04-14T16:57:33.8906250-05:00" testType="13cdc9d9-ddb5-4fa4-a97d-d965ccfc6d4b" outcome="Passed" testListId="8c84fa94-04c1-424b-9868-57a2d4851a1d" relativeResultsDirectory="208d4b98-c447-43b1-96e3-5201355e9753">
    </UnitTestResult>
    <UnitTestResult executionId="fbcb9051-5d40-4daa-a195-e057fb9759cc" testId="dbe66929-699e-e618-e12c-3721ef274ba0" testName="BoardConstructorTest" computerName="TINKU" duration="00:00:00.0028308" startTime="2012-04-14T16:57:33.8906250-05:00" endTime="2012-04-14T16:57:33.9062500-05:00" testType="13cdc9d9-ddb5-4fa4-a97d-d965ccfc6d4b" outcome="Passed" testListId="8c84fa94-04c1-424b-9868-57a2d4851a1d" relativeResultsDirectory="fbcb9051-5d40-4daa-a195-e057fb9759cc">
    </UnitTestResult>
    <UnitTestResult executionId="aca0326a-d713-4852-a237-5a1e2401d966" testId="536de9da-0066-a64b-878e-599932607ad3" testName="createInstanceTest1" computerName="TINKU" duration="00:00:00.0031562" startTime="2012-04-14T16:57:33.9218750-05:00" endTime="2012-04-14T16:57:33.9375000-05:00" testType="13cdc9d9-ddb5-4fa4-a97d-d965ccfc6d4b" outcome="Passed" testListId="8c84fa94-04c1-424b-9868-57a2d4851a1d" relativeResultsDirectory="aca0326a-d713-4852-a237-5a1e2401d966">
    </UnitTestResult>
    <UnitTestResult executionId="01ec4f48-3994-4a5c-bdc4-f2a6e4b368c1" testId="1c2a7aa8-d386-c2d0-9766-9daf802d90ce" testName="StepTwoTest" computerName="TINKU" duration="00:00:00.0040211" startTime="2012-04-14T16:57:33.9375000-05:00" endTime="2012-04-14T16:57:33.9531250-05:00" testType="13cdc9d9-ddb5-4fa4-a97d-d965ccfc6d4b" outcome="Passed" testListId="8c84fa94-04c1-424b-9868-57a2d4851a1d" relativeResultsDirectory="01ec4f48-3994-4a5c-bdc4-f2a6e4b368c1">
    </UnitTestResult>
    <UnitTestResult executionId="c0f3c8d0-b189-46bd-8788-c0151ce7a266" testId="024ac99d-0c07-622a-5934-0d5cfd6ece39" testName="CheckResultTest" computerName="TINKU" duration="00:00:00.0024341" startTime="2012-04-14T16:57:33.9687500-05:00" endTime="2012-04-14T16:57:33.9843750-05:00" testType="13cdc9d9-ddb5-4fa4-a97d-d965ccfc6d4b" outcome="Passed" testListId="8c84fa94-04c1-424b-9868-57a2d4851a1d" relativeResultsDirectory="c0f3c8d0-b189-46bd-8788-c0151ce7a266">
    </UnitTestResult>
    <UnitTestResult executionId="06bc4445-76b7-4d8d-9683-2df056615791" testId="b745a59d-2445-677f-5ced-c5ad13e91482" testName="CalculateStepOneTest1" computerName="TINKU" duration="00:00:00.0014250" startTime="2012-04-14T16:57:33.9843750-05:00" endTime="2012-04-14T16:57:34.0000000-05:00" testType="13cdc9d9-ddb5-4fa4-a97d-d965ccfc6d4b" outcome="Passed" testListId="8c84fa94-04c1-424b-9868-57a2d4851a1d" relativeResultsDirectory="06bc4445-76b7-4d8d-9683-2df056615791">
    </UnitTestResult>
    <UnitTestResult executionId="6c1aa8b0-c21b-4c91-ba46-48a79b199807" testId="cd0d94ae-8314-52a4-757d-febb6a6a6313" testName="GetUserSymbolTest" computerName="TINKU" duration="00:00:00.0004911" startTime="2012-04-14T16:57:34.0000000-05:00" endTime="2012-04-14T16:57:34.0156250-05:00" testType="13cdc9d9-ddb5-4fa4-a97d-d965ccfc6d4b" outcome="Passed" testListId="8c84fa94-04c1-424b-9868-57a2d4851a1d" relativeResultsDirectory="6c1aa8b0-c21b-4c91-ba46-48a79b199807">
    </UnitTestResult>
    <UnitTestResult executionId="695ea158-31f6-4f73-8bcf-a45b3168581f" testId="9c0cb698-2881-3296-7c8a-debd20d6bb80" testName="CountCoinTest" computerName="TINKU" duration="00:00:00.0006271" startTime="2012-04-14T16:57:34.0156250-05:00" endTime="2012-04-14T16:57:34.0312500-05:00" testType="13cdc9d9-ddb5-4fa4-a97d-d965ccfc6d4b" outcome="Passed" testListId="8c84fa94-04c1-424b-9868-57a2d4851a1d" relativeResultsDirectory="695ea158-31f6-4f73-8bcf-a45b3168581f">
    </UnitTestResult>
    <UnitTestResult executionId="57902ea7-3061-4953-a914-078684e81e8f" testId="54d8eaf3-c56c-184e-26b5-15196a90c1a8" testName="MakeMoveTest" computerName="TINKU" duration="00:00:00.0004609" startTime="2012-04-14T16:57:34.0312500-05:00" endTime="2012-04-14T16:57:34.0312500-05:00" testType="13cdc9d9-ddb5-4fa4-a97d-d965ccfc6d4b" outcome="Passed" testListId="8c84fa94-04c1-424b-9868-57a2d4851a1d" relativeResultsDirectory="57902ea7-3061-4953-a914-078684e81e8f">
    </UnitTestResult>
    <UnitTestResult executionId="c9b56d5c-9de9-4cae-bf94-e89fc653fd2a" testId="724c9823-88d2-6bf0-4ae5-f63978fe9141" testName="CalculateStepTwoTest" computerName="TINKU" duration="00:00:00.0005696" startTime="2012-04-14T16:57:34.0468750-05:00" endTime="2012-04-14T16:57:34.0468750-05:00" testType="13cdc9d9-ddb5-4fa4-a97d-d965ccfc6d4b" outcome="Passed" testListId="8c84fa94-04c1-424b-9868-57a2d4851a1d" relativeResultsDirectory="c9b56d5c-9de9-4cae-bf94-e89fc653fd2a">
    </UnitTestResult>
    <UnitTestResult executionId="6c9b624a-b47a-4cfb-bfcb-307f77654aaa" testId="79703a38-2e82-a172-0e42-aaa3e7932553" testName="StepThreeTest" computerName="TINKU" duration="00:00:00.0023072" startTime="2012-04-14T16:57:34.0468750-05:00" endTime="2012-04-14T16:57:34.0625000-05:00" testType="13cdc9d9-ddb5-4fa4-a97d-d965ccfc6d4b" outcome="Passed" testListId="8c84fa94-04c1-424b-9868-57a2d4851a1d" relativeResultsDirectory="6c9b624a-b47a-4cfb-bfcb-307f77654aaa">
    </UnitTestResult>
    <UnitTestResult executionId="e88f21cb-27e6-436f-97b9-8277ef86331d" testId="acf14757-2e94-1174-a060-2307e62506fd" testName="GameViewConstructorTest" computerName="TINKU" duration="00:00:00.0003235" startTime="2012-04-14T16:57:34.0625000-05:00" endTime="2012-04-14T16:57:34.0781250-05:00" testType="13cdc9d9-ddb5-4fa4-a97d-d965ccfc6d4b" outcome="Passed" testListId="8c84fa94-04c1-424b-9868-57a2d4851a1d" relativeResultsDirectory="e88f21cb-27e6-436f-97b9-8277ef86331d">
    </UnitTestResult>
    <UnitTestResult executionId="af7280d8-d750-49d3-b139-12a6eb1afb9d" testId="66f2ebb5-d38a-d706-8eb7-c5bda61f50a6" testName="BoardSizeTest" computerName="TINKU" duration="00:00:00.0003950" startTime="2012-04-14T16:57:34.0781250-05:00" endTime="2012-04-14T16:57:34.0937500-05:00" testType="13cdc9d9-ddb5-4fa4-a97d-d965ccfc6d4b" outcome="Passed" testListId="8c84fa94-04c1-424b-9868-57a2d4851a1d" relativeResultsDirectory="af7280d8-d750-49d3-b139-12a6eb1afb9d">
    </UnitTestResult>
    <UnitTestResult executionId="36efc50a-3a4c-459a-abf7-c4e9c4fa8d59" testId="30c1c89b-fac2-c77e-0b9b-67de1982205c" testName="ClearTest" computerName="TINKU" duration="00:00:00.0005453" startTime="2012-04-14T16:57:34.0937500-05:00" endTime="2012-04-14T16:57:34.0937500-05:00" testType="13cdc9d9-ddb5-4fa4-a97d-d965ccfc6d4b" outcome="Passed" testListId="8c84fa94-04c1-424b-9868-57a2d4851a1d" relativeResultsDirectory="36efc50a-3a4c-459a-abf7-c4e9c4fa8d59">
    </UnitTestResult>
    <UnitTestResult executionId="8755f6b8-9e80-4af5-a3c9-a3d820a14530" testId="c388d02c-8193-cb8b-3690-847f35381077" testName="SelectBestMoveTest" computerName="TINKU" duration="00:00:00.0031856" startTime="2012-04-14T16:57:34.0937500-05:00" endTime="2012-04-14T16:57:34.1093750-05:00" testType="13cdc9d9-ddb5-4fa4-a97d-d965ccfc6d4b" outcome="Passed" testListId="8c84fa94-04c1-424b-9868-57a2d4851a1d" relativeResultsDirectory="8755f6b8-9e80-4af5-a3c9-a3d820a14530">
    </UnitTestResult>
    <UnitTestResult executionId="3ec1a62b-c839-4e17-96c7-0f8a652c4f82" testId="b5975cca-4ea0-1de8-dc3c-80a1bc046cd5" testName="ShowInstructionTest" computerName="TINKU" duration="00:00:00.0015504" startTime="2012-04-14T16:57:34.1093750-05:00" endTime="2012-04-14T16:57:34.1250000-05:00" testType="13cdc9d9-ddb5-4fa4-a97d-d965ccfc6d4b" outcome="Passed" testListId="8c84fa94-04c1-424b-9868-57a2d4851a1d" relativeResultsDirectory="3ec1a62b-c839-4e17-96c7-0f8a652c4f82">
    </UnitTestResult>
    <UnitTestResult executionId="555f58ed-905f-41e0-8778-830ea8b9fc52" testId="d79c2ed6-2d87-2c3a-76fd-bad033a309d1" testName="CreateMementoTest" computerName="TINKU" duration="00:00:00.0004316" startTime="2012-04-14T16:57:34.1250000-05:00" endTime="2012-04-14T16:57:34.1406250-05:00" testType="13cdc9d9-ddb5-4fa4-a97d-d965ccfc6d4b" outcome="Passed" testListId="8c84fa94-04c1-424b-9868-57a2d4851a1d" relativeResultsDirectory="555f58ed-905f-41e0-8778-830ea8b9fc52">
    </UnitTestResult>
  </Results>
</TestRun>