<?xml version="1.0" encoding="UTF-8"?>
<TestRun id="dddd0ad2-6f5b-4e78-9677-817be147e089" name="karthik@TINKU 2012-04-14 17:21:03" runUser="TINKU\karthik" xmlns="http://microsoft.com/schemas/VisualStudio/TeamTest/2010">
  <TestSettings name="Local" id="9d9ad90f-45d8-4b5e-971c-2cfcb76f86ad">
    <Description>These are default test settings for a local test run.</Description>
    <Deployment enabled="false" runDeploymentRoot="karthik_TINKU 2012-04-14 17_21_03">
      <DeploymentItem filename="C:\Documents and Settings\karthik\Desktop\SE2 final design\design_last\GroupA_TicTacToe_Today_FF\GroupA_TicTacToe\bin\Debug\GroupA_TicTacToe.exe" />
    </Deployment>
    <Execution>
      <TestTypeSpecific />
      <AgentRule name="Execution Agents">
      </AgentRule>
    </Execution>
  </TestSettings>
  <Times creation="2012-04-14T17:21:03.1562500-05:00" queuing="2012-04-14T17:21:04.3437500-05:00" start="2012-04-14T17:21:04.3750000-05:00" finish="2012-04-14T17:21:04.8750000-05:00" />
  <ResultSummary outcome="Warning">
    <Counters total="1" executed="1" passed="1" error="0" failed="0" timeout="0" aborted="0" inconclusive="0" passedButRunAborted="0" notRunnable="0" notExecuted="0" disconnected="0" warning="0" completed="0" inProgress="0" pending="0" />
    <RunInfos>
      <RunInfo computerName="TINKU" outcome="Warning" timestamp="2012-04-14T17:21:04.3437500-05:00">
        <Text>Deployment is currently disabled. The deployment item 'GroupA_TicTacToe.exe' on test 'Tic_Tac_Toe_Forever_Test.GameManagerTest.ResizeBoardTest1' was not deployed.</Text>
      </RunInfo>
    </RunInfos>
  </ResultSummary>
  <TestDefinitions>
    <UnitTest name="ResizeBoardTest1" storage="c:\documents and settings\karthik\desktop\se2 final design\design_last\groupa_tictactoe_today_ff\tic_tac_toe_forever_test\bin\debug\tic_tac_toe_forever_test.dll" id="d685136a-5394-37f7-2808-8c75453225c5">
      <DeploymentItems>
        <DeploymentItem filename="GroupA_TicTacToe.exe" />
      </DeploymentItems>
      <Execution id="91f92941-4353-493a-93fb-9939b51d0737" />
      <TestMethod codeBase="C:/Documents and Settings/karthik/Desktop/SE2 final design/design_last/GroupA_TicTacToe_Today_FF/Tic_Tac_Toe_Forever_Test/bin/Debug/Tic_Tac_Toe_Forever_Test.DLL" adapterTypeName="Microsoft.VisualStudio.TestTools.TestTypes.Unit.UnitTestAdapter, Microsoft.VisualStudio.QualityTools.Tips.UnitTest.Adapter, Version=10.0.0.0, Culture=neutral, PublicKeyToken=b03f5f7f11d50a3a" className="Tic_Tac_Toe_Forever_Test.GameManagerTest, Tic_Tac_Toe_Forever_Test, Version=1.0.0.0, Culture=neutral, PublicKeyToken=null" name="ResizeBoardTest1" />
    </UnitTest>
  </TestDefinitions>
  <TestLists>
    <TestList name="Results Not in a List" id="8c84fa94-04c1-424b-9868-57a2d4851a1d" />
    <TestList name="All Loaded Results" id="19431567-8539-422a-85d7-44ee4e166bda" />
  </TestLists>
  <TestEntries>
    <TestEntry testId="d685136a-5394-37f7-2808-8c75453225c5" executionId="91f92941-4353-493a-93fb-9939b51d0737" testListId="8c84fa94-04c1-424b-9868-57a2d4851a1d" />
  </TestEntries>
  <Results>
    <UnitTestResult executionId="91f92941-4353-493a-93fb-9939b51d0737" testId="d685136a-5394-37f7-2808-8c75453225c5" testName="ResizeBoardTest1" computerName="TINKU" duration="00:00:00.0451761" startTime="2012-04-14T17:21:04.3750000-05:00" endTime="2012-04-14T17:21:04.7968750-05:00" testType="13cdc9d9-ddb5-4fa4-a97d-d965ccfc6d4b" outcome="Passed" testListId="8c84fa94-04c1-424b-9868-57a2d4851a1d" relativeResultsDirectory="91f92941-4353-493a-93fb-9939b51d0737">
    </UnitTestResult>
  </Results>
</TestRun>