<?xml version="1.0" encoding="UTF-8"?>
<TestRun id="591996a4-3bdd-4d44-b8dd-1388eae9d1c4" name="karthik@TINKU 2012-04-14 00:42:44" runUser="TINKU\karthik" xmlns="http://microsoft.com/schemas/VisualStudio/TeamTest/2010">
  <TestSettings name="Local" id="9d9ad90f-45d8-4b5e-971c-2cfcb76f86ad">
    <Description>These are default test settings for a local test run.</Description>
    <Deployment enabled="false" runDeploymentRoot="karthik_TINKU 2012-04-14 00_42_44">
      <DeploymentItem filename="C:\Documents and Settings\karthik\Desktop\SE2 final design\design_last\GroupA_TicTacToe_Today_FF\GroupA_TicTacToe\bin\Debug\GroupA_TicTacToe.exe" />
    </Deployment>
    <Execution>
      <TestTypeSpecific />
      <AgentRule name="Execution Agents">
      </AgentRule>
    </Execution>
  </TestSettings>
  <Times creation="2012-04-14T00:42:44.0937500-05:00" queuing="2012-04-14T00:42:44.5156250-05:00" start="2012-04-14T00:42:44.5937500-05:00" finish="2012-04-14T00:42:48.4687500-05:00" />
  <ResultSummary outcome="Inconclusive">
    <Counters total="31" executed="31" passed="29" error="0" failed="0" timeout="0" aborted="0" inconclusive="2" passedButRunAborted="0" notRunnable="0" notExecuted="0" disconnected="0" warning="0" completed="0" inProgress="0" pending="0" />
    <RunInfos>
      <RunInfo computerName="TINKU" outcome="Warning" timestamp="2012-04-14T00:42:44.1406250-05:00">
        <Text>Deployment is currently disabled. The deployment item 'GroupA_TicTacToe.exe' on test 'ComputerGamesRUS.Game.Test1.MoveHandlerTest.CountCoinTest' was not deployed.</Text>
      </RunInfo>
    </RunInfos>
  </ResultSummary>
  <TestDefinitions>
    <UnitTest name="CountCoinTest" storage="c:\documents and settings\karthik\desktop\se2 final design\design_last\groupa_tictactoe_today_ff\tic_tac_toe_forever_test\bin\debug\tic_tac_toe_forever_test.dll" id="9c0cb698-2881-3296-7c8a-debd20d6bb80">
      <DeploymentItems>
        <DeploymentItem filename="GroupA_TicTacToe.exe" />
      </DeploymentItems>
      <Execution id="16688aa1-dde1-40af-b989-c1cb45e6ddad" />
      <TestMethod codeBase="C:/Documents and Settings/karthik/Desktop/SE2 final design/design_last/GroupA_TicTacToe_Today_FF/Tic_Tac_Toe_Forever_Test/bin/Debug/Tic_Tac_Toe_Forever_Test.DLL" adapterTypeName="Microsoft.VisualStudio.TestTools.TestTypes.Unit.UnitTestAdapter, Microsoft.VisualStudio.QualityTools.Tips.UnitTest.Adapter, Version=10.0.0.0, Culture=neutral, PublicKeyToken=b03f5f7f11d50a3a" className="ComputerGamesRUS.Game.Test1.MoveHandlerTest, Tic_Tac_Toe_Forever_Test, Version=1.0.0.0, Culture=neutral, PublicKeyToken=null" name="CountCoinTest" />
    </UnitTest>
    <UnitTest name="CalculateStepOneTest1" storage="c:\documents and settings\karthik\desktop\se2 final design\design_last\groupa_tictactoe_today_ff\tic_tac_toe_forever_test\bin\debug\tic_tac_toe_forever_test.dll" id="b745a59d-2445-677f-5ced-c5ad13e91482">
      <Execution id="ee62311c-33f8-4faf-8342-77ad762d882b" />
      <TestMethod codeBase="C:/Documents and Settings/karthik/Desktop/SE2 final design/design_last/GroupA_TicTacToe_Today_FF/Tic_Tac_Toe_Forever_Test/bin/Debug/Tic_Tac_Toe_Forever_Test.DLL" adapterTypeName="Microsoft.VisualStudio.TestTools.TestTypes.Unit.UnitTestAdapter, Microsoft.VisualStudio.QualityTools.Tips.UnitTest.Adapter, Version=10.0.0.0, Culture=neutral, PublicKeyToken=b03f5f7f11d50a3a" className="ComputerGamesRUS.Game.Test1.ComputerMoveHandlerTest, Tic_Tac_Toe_Forever_Test, Version=1.0.0.0, Culture=neutral, PublicKeyToken=null" name="CalculateStepOneTest1" />
    </UnitTest>
    <UnitTest name="CalculateStepTwoTest" storage="c:\documents and settings\karthik\desktop\se2 final design\design_last\groupa_tictactoe_today_ff\tic_tac_toe_forever_test\bin\debug\tic_tac_toe_forever_test.dll" id="724c9823-88d2-6bf0-4ae5-f63978fe9141">
      <Execution id="92524c07-1de2-43e2-9706-1d0f7969de75" />
      <TestMethod codeBase="C:/Documents and Settings/karthik/Desktop/SE2 final design/design_last/GroupA_TicTacToe_Today_FF/Tic_Tac_Toe_Forever_Test/bin/Debug/Tic_Tac_Toe_Forever_Test.DLL" adapterTypeName="Microsoft.VisualStudio.TestTools.TestTypes.Unit.UnitTestAdapter, Microsoft.VisualStudio.QualityTools.Tips.UnitTest.Adapter, Version=10.0.0.0, Culture=neutral, PublicKeyToken=b03f5f7f11d50a3a" className="ComputerGamesRUS.Game.Test1.ComputerMoveHandlerTest, Tic_Tac_Toe_Forever_Test, Version=1.0.0.0, Culture=neutral, PublicKeyToken=null" name="CalculateStepTwoTest" />
    </UnitTest>
    <UnitTest name="SelectBestMoveTest" storage="c:\documents and settings\karthik\desktop\se2 final design\design_last\groupa_tictactoe_today_ff\tic_tac_toe_forever_test\bin\debug\tic_tac_toe_forever_test.dll" id="c388d02c-8193-cb8b-3690-847f35381077">
      <Execution id="32b8d74b-6e4a-43f1-a640-5b3c652f9732" />
      <TestMethod codeBase="C:/Documents and Settings/karthik/Desktop/SE2 final design/design_last/GroupA_TicTacToe_Today_FF/Tic_Tac_Toe_Forever_Test/bin/Debug/Tic_Tac_Toe_Forever_Test.DLL" adapterTypeName="Microsoft.VisualStudio.TestTools.TestTypes.Unit.UnitTestAdapter, Microsoft.VisualStudio.QualityTools.Tips.UnitTest.Adapter, Version=10.0.0.0, Culture=neutral, PublicKeyToken=b03f5f7f11d50a3a" className="ComputerGamesRUS.Game.Test1.ComputerMoveHandlerTest, Tic_Tac_Toe_Forever_Test, Version=1.0.0.0, Culture=neutral, PublicKeyToken=null" name="SelectBestMoveTest" />
    </UnitTest>
    <UnitTest name="StepTwoTest" storage="c:\documents and settings\karthik\desktop\se2 final design\design_last\groupa_tictactoe_today_ff\tic_tac_toe_forever_test\bin\debug\tic_tac_toe_forever_test.dll" id="1c2a7aa8-d386-c2d0-9766-9daf802d90ce">
      <DeploymentItems>
        <DeploymentItem filename="GroupA_TicTacToe.exe" />
      </DeploymentItems>
      <Execution id="690f8175-9328-414b-9705-99a0fe3845db" />
      <TestMethod codeBase="C:/Documents and Settings/karthik/Desktop/SE2 final design/design_last/GroupA_TicTacToe_Today_FF/Tic_Tac_Toe_Forever_Test/bin/Debug/Tic_Tac_Toe_Forever_Test.DLL" adapterTypeName="Microsoft.VisualStudio.TestTools.TestTypes.Unit.UnitTestAdapter, Microsoft.VisualStudio.QualityTools.Tips.UnitTest.Adapter, Version=10.0.0.0, Culture=neutral, PublicKeyToken=b03f5f7f11d50a3a" className="ComputerGamesRUS.Game.Test1.ComputerMoveHandlerTest, Tic_Tac_Toe_Forever_Test, Version=1.0.0.0, Culture=neutral, PublicKeyToken=null" name="StepTwoTest" />
    </UnitTest>
    <UnitTest name="createInstanceTest1" storage="c:\documents and settings\karthik\desktop\se2 final design\design_last\groupa_tictactoe_today_ff\tic_tac_toe_forever_test\bin\debug\tic_tac_toe_forever_test.dll" id="536de9da-0066-a64b-878e-599932607ad3">
      <Execution id="0df06516-be22-496d-8e0f-a83f585d2a71" />
      <TestMethod codeBase="C:/Documents and Settings/karthik/Desktop/SE2 final design/design_last/GroupA_TicTacToe_Today_FF/Tic_Tac_Toe_Forever_Test/bin/Debug/Tic_Tac_Toe_Forever_Test.DLL" adapterTypeName="Microsoft.VisualStudio.TestTools.TestTypes.Unit.UnitTestAdapter, Microsoft.VisualStudio.QualityTools.Tips.UnitTest.Adapter, Version=10.0.0.0, Culture=neutral, PublicKeyToken=b03f5f7f11d50a3a" className="Tic_Tac_Toe_Forever_Test.BoardTest, Tic_Tac_Toe_Forever_Test, Version=1.0.0.0, Culture=neutral, PublicKeyToken=null" name="createInstanceTest1" />
    </UnitTest>
    <UnitTest name="StepThreeTest" storage="c:\documents and settings\karthik\desktop\se2 final design\design_last\groupa_tictactoe_today_ff\tic_tac_toe_forever_test\bin\debug\tic_tac_toe_forever_test.dll" id="79703a38-2e82-a172-0e42-aaa3e7932553">
      <DeploymentItems>
        <DeploymentItem filename="GroupA_TicTacToe.exe" />
      </DeploymentItems>
      <Execution id="90775157-de7e-40f2-90ae-797e6c9f7193" />
      <TestMethod codeBase="C:/Documents and Settings/karthik/Desktop/SE2 final design/design_last/GroupA_TicTacToe_Today_FF/Tic_Tac_Toe_Forever_Test/bin/Debug/Tic_Tac_Toe_Forever_Test.DLL" adapterTypeName="Microsoft.VisualStudio.TestTools.TestTypes.Unit.UnitTestAdapter, Microsoft.VisualStudio.QualityTools.Tips.UnitTest.Adapter, Version=10.0.0.0, Culture=neutral, PublicKeyToken=b03f5f7f11d50a3a" className="ComputerGamesRUS.Game.Test1.ComputerMoveHandlerTest, Tic_Tac_Toe_Forever_Test, Version=1.0.0.0, Culture=neutral, PublicKeyToken=null" name="StepThreeTest" />
    </UnitTest>
    <UnitTest name="CalculateStepThreeTest" storage="c:\documents and settings\karthik\desktop\se2 final design\design_last\groupa_tictactoe_today_ff\tic_tac_toe_forever_test\bin\debug\tic_tac_toe_forever_test.dll" id="2d11687b-1ea4-73dd-6e6b-e0329669a4d7">
      <Execution id="80044e4d-9257-464f-918a-69cd640e988d" />
      <TestMethod codeBase="C:/Documents and Settings/karthik/Desktop/SE2 final design/design_last/GroupA_TicTacToe_Today_FF/Tic_Tac_Toe_Forever_Test/bin/Debug/Tic_Tac_Toe_Forever_Test.DLL" adapterTypeName="Microsoft.VisualStudio.TestTools.TestTypes.Unit.UnitTestAdapter, Microsoft.VisualStudio.QualityTools.Tips.UnitTest.Adapter, Version=10.0.0.0, Culture=neutral, PublicKeyToken=b03f5f7f11d50a3a" className="ComputerGamesRUS.Game.Test1.ComputerMoveHandlerTest, Tic_Tac_Toe_Forever_Test, Version=1.0.0.0, Culture=neutral, PublicKeyToken=null" name="CalculateStepThreeTest" />
    </UnitTest>
    <UnitTest name="ShowResultTest" storage="c:\documents and settings\karthik\desktop\se2 final design\design_last\groupa_tictactoe_today_ff\tic_tac_toe_forever_test\bin\debug\tic_tac_toe_forever_test.dll" id="6daf65b4-05cc-b22b-0762-65fbf9673796">
      <Execution id="0e176024-3062-489c-8e06-658bc482acc5" />
      <TestMethod codeBase="C:/Documents and Settings/karthik/Desktop/SE2 final design/design_last/GroupA_TicTacToe_Today_FF/Tic_Tac_Toe_Forever_Test/bin/Debug/Tic_Tac_Toe_Forever_Test.DLL" adapterTypeName="Microsoft.VisualStudio.TestTools.TestTypes.Unit.UnitTestAdapter, Microsoft.VisualStudio.QualityTools.Tips.UnitTest.Adapter, Version=10.0.0.0, Culture=neutral, PublicKeyToken=b03f5f7f11d50a3a" className="Tic_Tac_Toe_Forever_Test.GameViewTest, Tic_Tac_Toe_Forever_Test, Version=1.0.0.0, Culture=neutral, PublicKeyToken=null" name="ShowResultTest" />
    </UnitTest>
    <UnitTest name="GetSymbolRectangleTest" storage="c:\documents and settings\karthik\desktop\se2 final design\design_last\groupa_tictactoe_today_ff\tic_tac_toe_forever_test\bin\debug\tic_tac_toe_forever_test.dll" id="51821d50-7630-a087-53a5-edde42335604">
      <DeploymentItems>
        <DeploymentItem filename="GroupA_TicTacToe.exe" />
      </DeploymentItems>
      <Execution id="4e03d02e-cba4-417a-a7b9-60b091d84c85" />
      <TestMethod codeBase="C:/Documents and Settings/karthik/Desktop/SE2 final design/design_last/GroupA_TicTacToe_Today_FF/Tic_Tac_Toe_Forever_Test/bin/Debug/Tic_Tac_Toe_Forever_Test.DLL" adapterTypeName="Microsoft.VisualStudio.TestTools.TestTypes.Unit.UnitTestAdapter, Microsoft.VisualStudio.QualityTools.Tips.UnitTest.Adapter, Version=10.0.0.0, Culture=neutral, PublicKeyToken=b03f5f7f11d50a3a" className="Tic_Tac_Toe_Forever_Test.BoardTest, Tic_Tac_Toe_Forever_Test, Version=1.0.0.0, Culture=neutral, PublicKeyToken=null" name="GetSymbolRectangleTest" />
    </UnitTest>
    <UnitTest name="GameViewConstructorTest" storage="c:\documents and settings\karthik\desktop\se2 final design\design_last\groupa_tictactoe_today_ff\tic_tac_toe_forever_test\bin\debug\tic_tac_toe_forever_test.dll" id="acf14757-2e94-1174-a060-2307e62506fd">
      <Execution id="03cd5b13-7a43-46ed-a27f-abc5c5fef9ba" />
      <TestMethod codeBase="C:/Documents and Settings/karthik/Desktop/SE2 final design/design_last/GroupA_TicTacToe_Today_FF/Tic_Tac_Toe_Forever_Test/bin/Debug/Tic_Tac_Toe_Forever_Test.DLL" adapterTypeName="Microsoft.VisualStudio.TestTools.TestTypes.Unit.UnitTestAdapter, Microsoft.VisualStudio.QualityTools.Tips.UnitTest.Adapter, Version=10.0.0.0, Culture=neutral, PublicKeyToken=b03f5f7f11d50a3a" className="Tic_Tac_Toe_Forever_Test.GameViewTest, Tic_Tac_Toe_Forever_Test, Version=1.0.0.0, Culture=neutral, PublicKeyToken=null" name="GameViewConstructorTest" />
    </UnitTest>
    <UnitTest name="MakeMoveTest" storage="c:\documents and settings\karthik\desktop\se2 final design\design_last\groupa_tictactoe_today_ff\tic_tac_toe_forever_test\bin\debug\tic_tac_toe_forever_test.dll" id="54d8eaf3-c56c-184e-26b5-15196a90c1a8">
      <Execution id="8e4954db-8b21-4d47-a48b-70e983ca9aa6" />
      <TestMethod codeBase="C:/Documents and Settings/karthik/Desktop/SE2 final design/design_last/GroupA_TicTacToe_Today_FF/Tic_Tac_Toe_Forever_Test/bin/Debug/Tic_Tac_Toe_Forever_Test.DLL" adapterTypeName="Microsoft.VisualStudio.TestTools.TestTypes.Unit.UnitTestAdapter, Microsoft.VisualStudio.QualityTools.Tips.UnitTest.Adapter, Version=10.0.0.0, Culture=neutral, PublicKeyToken=b03f5f7f11d50a3a" className="ComputerGamesRUS.Game.Test1.ComputerMoveHandlerTest, Tic_Tac_Toe_Forever_Test, Version=1.0.0.0, Culture=neutral, PublicKeyToken=null" name="MakeMoveTest" />
    </UnitTest>
    <UnitTest name="GetCellRectangleTest" storage="c:\documents and settings\karthik\desktop\se2 final design\design_last\groupa_tictactoe_today_ff\tic_tac_toe_forever_test\bin\debug\tic_tac_toe_forever_test.dll" id="883909f7-8fa2-cd70-a42d-9a76f83113b9">
      <DeploymentItems>
        <DeploymentItem filename="GroupA_TicTacToe.exe" />
      </DeploymentItems>
      <Execution id="c0e7a25a-c4dc-42f8-90c1-6d720ef85d88" />
      <TestMethod codeBase="C:/Documents and Settings/karthik/Desktop/SE2 final design/design_last/GroupA_TicTacToe_Today_FF/Tic_Tac_Toe_Forever_Test/bin/Debug/Tic_Tac_Toe_Forever_Test.DLL" adapterTypeName="Microsoft.VisualStudio.TestTools.TestTypes.Unit.UnitTestAdapter, Microsoft.VisualStudio.QualityTools.Tips.UnitTest.Adapter, Version=10.0.0.0, Culture=neutral, PublicKeyToken=b03f5f7f11d50a3a" className="Tic_Tac_Toe_Forever_Test.BoardTest, Tic_Tac_Toe_Forever_Test, Version=1.0.0.0, Culture=neutral, PublicKeyToken=null" name="GetCellRectangleTest" />
    </UnitTest>
    <UnitTest name="createInstanceTest" storage="c:\documents and settings\karthik\desktop\se2 final design\design_last\groupa_tictactoe_today_ff\tic_tac_toe_forever_test\bin\debug\tic_tac_toe_forever_test.dll" id="1c26784c-0ddc-a16d-f19b-71635342809d">
      <Execution id="51d0b831-5738-47e3-a2ef-7537ebd6e340" />
      <TestMethod codeBase="C:/Documents and Settings/karthik/Desktop/SE2 final design/design_last/GroupA_TicTacToe_Today_FF/Tic_Tac_Toe_Forever_Test/bin/Debug/Tic_Tac_Toe_Forever_Test.DLL" adapterTypeName="Microsoft.VisualStudio.TestTools.TestTypes.Unit.UnitTestAdapter, Microsoft.VisualStudio.QualityTools.Tips.UnitTest.Adapter, Version=10.0.0.0, Culture=neutral, PublicKeyToken=b03f5f7f11d50a3a" className="Tic_Tac_Toe_Forever_Test.BoardTest, Tic_Tac_Toe_Forever_Test, Version=1.0.0.0, Culture=neutral, PublicKeyToken=null" name="createInstanceTest" />
    </UnitTest>
    <UnitTest name="ClearTest" storage="c:\documents and settings\karthik\desktop\se2 final design\design_last\groupa_tictactoe_today_ff\tic_tac_toe_forever_test\bin\debug\tic_tac_toe_forever_test.dll" id="30c1c89b-fac2-c77e-0b9b-67de1982205c">
      <Execution id="a1380d91-758f-4b67-b9e5-ede3cedc05b2" />
      <TestMethod codeBase="C:/Documents and Settings/karthik/Desktop/SE2 final design/design_last/GroupA_TicTacToe_Today_FF/Tic_Tac_Toe_Forever_Test/bin/Debug/Tic_Tac_Toe_Forever_Test.DLL" adapterTypeName="Microsoft.VisualStudio.TestTools.TestTypes.Unit.UnitTestAdapter, Microsoft.VisualStudio.QualityTools.Tips.UnitTest.Adapter, Version=10.0.0.0, Culture=neutral, PublicKeyToken=b03f5f7f11d50a3a" className="Tic_Tac_Toe_Forever_Test.BoardTest, Tic_Tac_Toe_Forever_Test, Version=1.0.0.0, Culture=neutral, PublicKeyToken=null" name="ClearTest" />
    </UnitTest>
    <UnitTest name="GetSymbolTest" storage="c:\documents and settings\karthik\desktop\se2 final design\design_last\groupa_tictactoe_today_ff\tic_tac_toe_forever_test\bin\debug\tic_tac_toe_forever_test.dll" id="7b0e2e66-8df2-4a1a-265f-d4dedb3fc894">
      <Execution id="7c5551e6-2f7c-4705-8f57-5dc7d7b597fc" />
      <TestMethod codeBase="C:/Documents and Settings/karthik/Desktop/SE2 final design/design_last/GroupA_TicTacToe_Today_FF/Tic_Tac_Toe_Forever_Test/bin/Debug/Tic_Tac_Toe_Forever_Test.DLL" adapterTypeName="Microsoft.VisualStudio.TestTools.TestTypes.Unit.UnitTestAdapter, Microsoft.VisualStudio.QualityTools.Tips.UnitTest.Adapter, Version=10.0.0.0, Culture=neutral, PublicKeyToken=b03f5f7f11d50a3a" className="Tic_Tac_Toe_Forever_Test.BoardTest, Tic_Tac_Toe_Forever_Test, Version=1.0.0.0, Culture=neutral, PublicKeyToken=null" name="GetSymbolTest" />
    </UnitTest>
    <UnitTest name="CheckResizeRequiredTest" storage="c:\documents and settings\karthik\desktop\se2 final design\design_last\groupa_tictactoe_today_ff\tic_tac_toe_forever_test\bin\debug\tic_tac_toe_forever_test.dll" id="81e0d52c-2114-14fa-89f0-fbd51f644f03">
      <Execution id="5ad229ce-73d1-4704-bb75-f2985fd4f8cf" />
      <TestMethod codeBase="C:/Documents and Settings/karthik/Desktop/SE2 final design/design_last/GroupA_TicTacToe_Today_FF/Tic_Tac_Toe_Forever_Test/bin/Debug/Tic_Tac_Toe_Forever_Test.DLL" adapterTypeName="Microsoft.VisualStudio.TestTools.TestTypes.Unit.UnitTestAdapter, Microsoft.VisualStudio.QualityTools.Tips.UnitTest.Adapter, Version=10.0.0.0, Culture=neutral, PublicKeyToken=b03f5f7f11d50a3a" className="Tic_Tac_Toe_Forever_Test.GameManagerTest, Tic_Tac_Toe_Forever_Test, Version=1.0.0.0, Culture=neutral, PublicKeyToken=null" name="CheckResizeRequiredTest" />
    </UnitTest>
    <UnitTest name="IsOutofBoundsTest" storage="c:\documents and settings\karthik\desktop\se2 final design\design_last\groupa_tictactoe_today_ff\tic_tac_toe_forever_test\bin\debug\tic_tac_toe_forever_test.dll" id="3813c055-0a11-519d-190b-213c39098af5">
      <Execution id="e2bdda32-1e3f-4cbd-9317-a182bd229c62" />
      <TestMethod codeBase="C:/Documents and Settings/karthik/Desktop/SE2 final design/design_last/GroupA_TicTacToe_Today_FF/Tic_Tac_Toe_Forever_Test/bin/Debug/Tic_Tac_Toe_Forever_Test.DLL" adapterTypeName="Microsoft.VisualStudio.TestTools.TestTypes.Unit.UnitTestAdapter, Microsoft.VisualStudio.QualityTools.Tips.UnitTest.Adapter, Version=10.0.0.0, Culture=neutral, PublicKeyToken=b03f5f7f11d50a3a" className="Tic_Tac_Toe_Forever_Test.BoardTest, Tic_Tac_Toe_Forever_Test, Version=1.0.0.0, Culture=neutral, PublicKeyToken=null" name="IsOutofBoundsTest" />
    </UnitTest>
    <UnitTest name="BoardConstructorTest" storage="c:\documents and settings\karthik\desktop\se2 final design\design_last\groupa_tictactoe_today_ff\tic_tac_toe_forever_test\bin\debug\tic_tac_toe_forever_test.dll" id="dbe66929-699e-e618-e12c-3721ef274ba0">
      <DeploymentItems>
        <DeploymentItem filename="GroupA_TicTacToe.exe" />
      </DeploymentItems>
      <Execution id="faf2f802-1586-482d-8b64-1be6830f026a" />
      <TestMethod codeBase="C:/Documents and Settings/karthik/Desktop/SE2 final design/design_last/GroupA_TicTacToe_Today_FF/Tic_Tac_Toe_Forever_Test/bin/Debug/Tic_Tac_Toe_Forever_Test.DLL" adapterTypeName="Microsoft.VisualStudio.TestTools.TestTypes.Unit.UnitTestAdapter, Microsoft.VisualStudio.QualityTools.Tips.UnitTest.Adapter, Version=10.0.0.0, Culture=neutral, PublicKeyToken=b03f5f7f11d50a3a" className="Tic_Tac_Toe_Forever_Test.BoardTest, Tic_Tac_Toe_Forever_Test, Version=1.0.0.0, Culture=neutral, PublicKeyToken=null" name="BoardConstructorTest" />
    </UnitTest>
    <UnitTest name="PutSymbolTest" storage="c:\documents and settings\karthik\desktop\se2 final design\design_last\groupa_tictactoe_today_ff\tic_tac_toe_forever_test\bin\debug\tic_tac_toe_forever_test.dll" id="7f6992cd-8434-1750-aa26-57ea7b9d67ea">
      <Execution id="15c4aee1-b27a-4278-8dc5-4d6eb1bc01dd" />
      <TestMethod codeBase="C:/Documents and Settings/karthik/Desktop/SE2 final design/design_last/GroupA_TicTacToe_Today_FF/Tic_Tac_Toe_Forever_Test/bin/Debug/Tic_Tac_Toe_Forever_Test.DLL" adapterTypeName="Microsoft.VisualStudio.TestTools.TestTypes.Unit.UnitTestAdapter, Microsoft.VisualStudio.QualityTools.Tips.UnitTest.Adapter, Version=10.0.0.0, Culture=neutral, PublicKeyToken=b03f5f7f11d50a3a" className="Tic_Tac_Toe_Forever_Test.BoardTest, Tic_Tac_Toe_Forever_Test, Version=1.0.0.0, Culture=neutral, PublicKeyToken=null" name="PutSymbolTest" />
    </UnitTest>
    <UnitTest name="setMementoTest" storage="c:\documents and settings\karthik\desktop\se2 final design\design_last\groupa_tictactoe_today_ff\tic_tac_toe_forever_test\bin\debug\tic_tac_toe_forever_test.dll" id="12e46c41-ca5e-7203-7d91-9ceaeb8372fa">
      <Execution id="8ced0d98-9bee-4e84-b604-e8af27ea08ce" />
      <TestMethod codeBase="C:/Documents and Settings/karthik/Desktop/SE2 final design/design_last/GroupA_TicTacToe_Today_FF/Tic_Tac_Toe_Forever_Test/bin/Debug/Tic_Tac_Toe_Forever_Test.DLL" adapterTypeName="Microsoft.VisualStudio.TestTools.TestTypes.Unit.UnitTestAdapter, Microsoft.VisualStudio.QualityTools.Tips.UnitTest.Adapter, Version=10.0.0.0, Culture=neutral, PublicKeyToken=b03f5f7f11d50a3a" className="Tic_Tac_Toe_Forever_Test.BoardTest, Tic_Tac_Toe_Forever_Test, Version=1.0.0.0, Culture=neutral, PublicKeyToken=null" name="setMementoTest" />
    </UnitTest>
    <UnitTest name="CheckResultTest" storage="c:\documents and settings\karthik\desktop\se2 final design\design_last\groupa_tictactoe_today_ff\tic_tac_toe_forever_test\bin\debug\tic_tac_toe_forever_test.dll" id="024ac99d-0c07-622a-5934-0d5cfd6ece39">
      <Execution id="6fba249b-7a0b-4789-bb76-92791d6576f3" />
      <TestMethod codeBase="C:/Documents and Settings/karthik/Desktop/SE2 final design/design_last/GroupA_TicTacToe_Today_FF/Tic_Tac_Toe_Forever_Test/bin/Debug/Tic_Tac_Toe_Forever_Test.DLL" adapterTypeName="Microsoft.VisualStudio.TestTools.TestTypes.Unit.UnitTestAdapter, Microsoft.VisualStudio.QualityTools.Tips.UnitTest.Adapter, Version=10.0.0.0, Culture=neutral, PublicKeyToken=b03f5f7f11d50a3a" className="ComputerGamesRUS.Game.Test1.MoveHandlerTest, Tic_Tac_Toe_Forever_Test, Version=1.0.0.0, Culture=neutral, PublicKeyToken=null" name="CheckResultTest" />
    </UnitTest>
    <UnitTest name="CreatePointTest" storage="c:\documents and settings\karthik\desktop\se2 final design\design_last\groupa_tictactoe_today_ff\tic_tac_toe_forever_test\bin\debug\tic_tac_toe_forever_test.dll" id="60546481-3319-5dad-44b6-fd0b8b42e5c0">
      <Execution id="a614037f-2776-46ed-ac24-40c55fa45310" />
      <TestMethod codeBase="C:/Documents and Settings/karthik/Desktop/SE2 final design/design_last/GroupA_TicTacToe_Today_FF/Tic_Tac_Toe_Forever_Test/bin/Debug/Tic_Tac_Toe_Forever_Test.DLL" adapterTypeName="Microsoft.VisualStudio.TestTools.TestTypes.Unit.UnitTestAdapter, Microsoft.VisualStudio.QualityTools.Tips.UnitTest.Adapter, Version=10.0.0.0, Culture=neutral, PublicKeyToken=b03f5f7f11d50a3a" className="Tic_Tac_Toe_Forever_Test.BoardTest, Tic_Tac_Toe_Forever_Test, Version=1.0.0.0, Culture=neutral, PublicKeyToken=null" name="CreatePointTest" />
    </UnitTest>
    <UnitTest name="CalculateStepOneTest" storage="c:\documents and settings\karthik\desktop\se2 final design\design_last\groupa_tictactoe_today_ff\tic_tac_toe_forever_test\bin\debug\tic_tac_toe_forever_test.dll" id="7c18b437-1eaf-293e-0176-96a9653c693e">
      <Execution id="66e1ffe6-fac7-423e-bfe1-4adc76d33455" />
      <TestMethod codeBase="C:/Documents and Settings/karthik/Desktop/SE2 final design/design_last/GroupA_TicTacToe_Today_FF/Tic_Tac_Toe_Forever_Test/bin/Debug/Tic_Tac_Toe_Forever_Test.DLL" adapterTypeName="Microsoft.VisualStudio.TestTools.TestTypes.Unit.UnitTestAdapter, Microsoft.VisualStudio.QualityTools.Tips.UnitTest.Adapter, Version=10.0.0.0, Culture=neutral, PublicKeyToken=b03f5f7f11d50a3a" className="ComputerGamesRUS.Game.Test1.ComputerMoveHandlerTest, Tic_Tac_Toe_Forever_Test, Version=1.0.0.0, Culture=neutral, PublicKeyToken=null" name="CalculateStepOneTest" />
    </UnitTest>
    <UnitTest name="SymbolStoreTest" storage="c:\documents and settings\karthik\desktop\se2 final design\design_last\groupa_tictactoe_today_ff\tic_tac_toe_forever_test\bin\debug\tic_tac_toe_forever_test.dll" id="6ba15e95-f9ae-f088-948d-f72b9b631689">
      <Execution id="68afb99d-34c3-475c-98b6-35b070110b6a" />
      <TestMethod codeBase="C:/Documents and Settings/karthik/Desktop/SE2 final design/design_last/GroupA_TicTacToe_Today_FF/Tic_Tac_Toe_Forever_Test/bin/Debug/Tic_Tac_Toe_Forever_Test.DLL" adapterTypeName="Microsoft.VisualStudio.TestTools.TestTypes.Unit.UnitTestAdapter, Microsoft.VisualStudio.QualityTools.Tips.UnitTest.Adapter, Version=10.0.0.0, Culture=neutral, PublicKeyToken=b03f5f7f11d50a3a" className="Tic_Tac_Toe_Forever_Test.BoardTest, Tic_Tac_Toe_Forever_Test, Version=1.0.0.0, Culture=neutral, PublicKeyToken=null" name="SymbolStoreTest" />
    </UnitTest>
    <UnitTest name="DisposeTest" storage="c:\documents and settings\karthik\desktop\se2 final design\design_last\groupa_tictactoe_today_ff\tic_tac_toe_forever_test\bin\debug\tic_tac_toe_forever_test.dll" id="c23504af-06eb-ce33-e9a4-0e5bf4e16335">
      <DeploymentItems>
        <DeploymentItem filename="GroupA_TicTacToe.exe" />
      </DeploymentItems>
      <Execution id="5524865a-05aa-4ae1-a1b6-719d366afca8" />
      <TestMethod codeBase="C:/Documents and Settings/karthik/Desktop/SE2 final design/design_last/GroupA_TicTacToe_Today_FF/Tic_Tac_Toe_Forever_Test/bin/Debug/Tic_Tac_Toe_Forever_Test.DLL" adapterTypeName="Microsoft.VisualStudio.TestTools.TestTypes.Unit.UnitTestAdapter, Microsoft.VisualStudio.QualityTools.Tips.UnitTest.Adapter, Version=10.0.0.0, Culture=neutral, PublicKeyToken=b03f5f7f11d50a3a" className="Tic_Tac_Toe_Forever_Test.GameManagerTest, Tic_Tac_Toe_Forever_Test, Version=1.0.0.0, Culture=neutral, PublicKeyToken=null" name="DisposeTest" />
    </UnitTest>
    <UnitTest name="GetUserSymbolTest" storage="c:\documents and settings\karthik\desktop\se2 final design\design_last\groupa_tictactoe_today_ff\tic_tac_toe_forever_test\bin\debug\tic_tac_toe_forever_test.dll" id="cd0d94ae-8314-52a4-757d-febb6a6a6313">
      <Execution id="e8a928d0-daff-4c68-947a-486958c7f39c" />
      <TestMethod codeBase="C:/Documents and Settings/karthik/Desktop/SE2 final design/design_last/GroupA_TicTacToe_Today_FF/Tic_Tac_Toe_Forever_Test/bin/Debug/Tic_Tac_Toe_Forever_Test.DLL" adapterTypeName="Microsoft.VisualStudio.TestTools.TestTypes.Unit.UnitTestAdapter, Microsoft.VisualStudio.QualityTools.Tips.UnitTest.Adapter, Version=10.0.0.0, Culture=neutral, PublicKeyToken=b03f5f7f11d50a3a" className="ComputerGamesRUS.Game.Test1.MoveHandlerTest, Tic_Tac_Toe_Forever_Test, Version=1.0.0.0, Culture=neutral, PublicKeyToken=null" name="GetUserSymbolTest" />
    </UnitTest>
    <UnitTest name="StepOneTest" storage="c:\documents and settings\karthik\desktop\se2 final design\design_last\groupa_tictactoe_today_ff\tic_tac_toe_forever_test\bin\debug\tic_tac_toe_forever_test.dll" id="ad3ca581-932d-56e7-cd6a-26682ca3a236">
      <Execution id="ae9cdb6f-744e-4ed5-a68b-805746745c85" />
      <TestMethod codeBase="C:/Documents and Settings/karthik/Desktop/SE2 final design/design_last/GroupA_TicTacToe_Today_FF/Tic_Tac_Toe_Forever_Test/bin/Debug/Tic_Tac_Toe_Forever_Test.DLL" adapterTypeName="Microsoft.VisualStudio.TestTools.TestTypes.Unit.UnitTestAdapter, Microsoft.VisualStudio.QualityTools.Tips.UnitTest.Adapter, Version=10.0.0.0, Culture=neutral, PublicKeyToken=b03f5f7f11d50a3a" className="ComputerGamesRUS.Game.Test1.ComputerMoveHandlerTest, Tic_Tac_Toe_Forever_Test, Version=1.0.0.0, Culture=neutral, PublicKeyToken=null" name="StepOneTest" />
    </UnitTest>
    <UnitTest name="ShowInstructionTest" storage="c:\documents and settings\karthik\desktop\se2 final design\design_last\groupa_tictactoe_today_ff\tic_tac_toe_forever_test\bin\debug\tic_tac_toe_forever_test.dll" id="b5975cca-4ea0-1de8-dc3c-80a1bc046cd5">
      <Execution id="2d312428-bac4-450d-8048-c3fac4053770" />
      <TestMethod codeBase="C:/Documents and Settings/karthik/Desktop/SE2 final design/design_last/GroupA_TicTacToe_Today_FF/Tic_Tac_Toe_Forever_Test/bin/Debug/Tic_Tac_Toe_Forever_Test.DLL" adapterTypeName="Microsoft.VisualStudio.TestTools.TestTypes.Unit.UnitTestAdapter, Microsoft.VisualStudio.QualityTools.Tips.UnitTest.Adapter, Version=10.0.0.0, Culture=neutral, PublicKeyToken=b03f5f7f11d50a3a" className="Tic_Tac_Toe_Forever_Test.GameViewTest, Tic_Tac_Toe_Forever_Test, Version=1.0.0.0, Culture=neutral, PublicKeyToken=null" name="ShowInstructionTest" />
    </UnitTest>
    <UnitTest name="CreateMementoTest" storage="c:\documents and settings\karthik\desktop\se2 final design\design_last\groupa_tictactoe_today_ff\tic_tac_toe_forever_test\bin\debug\tic_tac_toe_forever_test.dll" id="d79c2ed6-2d87-2c3a-76fd-bad033a309d1">
      <Execution id="35dbb9e2-241f-4669-b311-7a83ff6c96d1" />
      <TestMethod codeBase="C:/Documents and Settings/karthik/Desktop/SE2 final design/design_last/GroupA_TicTacToe_Today_FF/Tic_Tac_Toe_Forever_Test/bin/Debug/Tic_Tac_Toe_Forever_Test.DLL" adapterTypeName="Microsoft.VisualStudio.TestTools.TestTypes.Unit.UnitTestAdapter, Microsoft.VisualStudio.QualityTools.Tips.UnitTest.Adapter, Version=10.0.0.0, Culture=neutral, PublicKeyToken=b03f5f7f11d50a3a" className="Tic_Tac_Toe_Forever_Test.BoardTest, Tic_Tac_Toe_Forever_Test, Version=1.0.0.0, Culture=neutral, PublicKeyToken=null" name="CreateMementoTest" />
    </UnitTest>
    <UnitTest name="BoardSizeTest" storage="c:\documents and settings\karthik\desktop\se2 final design\design_last\groupa_tictactoe_today_ff\tic_tac_toe_forever_test\bin\debug\tic_tac_toe_forever_test.dll" id="66f2ebb5-d38a-d706-8eb7-c5bda61f50a6">
      <Execution id="68d33cf4-c690-4234-b34a-a26800b29b4d" />
      <TestMethod codeBase="C:/Documents and Settings/karthik/Desktop/SE2 final design/design_last/GroupA_TicTacToe_Today_FF/Tic_Tac_Toe_Forever_Test/bin/Debug/Tic_Tac_Toe_Forever_Test.DLL" adapterTypeName="Microsoft.VisualStudio.TestTools.TestTypes.Unit.UnitTestAdapter, Microsoft.VisualStudio.QualityTools.Tips.UnitTest.Adapter, Version=10.0.0.0, Culture=neutral, PublicKeyToken=b03f5f7f11d50a3a" className="Tic_Tac_Toe_Forever_Test.BoardTest, Tic_Tac_Toe_Forever_Test, Version=1.0.0.0, Culture=neutral, PublicKeyToken=null" name="BoardSizeTest" />
    </UnitTest>
  </TestDefinitions>
  <TestLists>
    <TestList name="Results Not in a List" id="8c84fa94-04c1-424b-9868-57a2d4851a1d" />
    <TestList name="All Loaded Results" id="19431567-8539-422a-85d7-44ee4e166bda" />
  </TestLists>
  <TestEntries>
    <TestEntry testId="883909f7-8fa2-cd70-a42d-9a76f83113b9" executionId="c0e7a25a-c4dc-42f8-90c1-6d720ef85d88" testListId="8c84fa94-04c1-424b-9868-57a2d4851a1d" />
    <TestEntry testId="7f6992cd-8434-1750-aa26-57ea7b9d67ea" executionId="15c4aee1-b27a-4278-8dc5-4d6eb1bc01dd" testListId="8c84fa94-04c1-424b-9868-57a2d4851a1d" />
    <TestEntry testId="81e0d52c-2114-14fa-89f0-fbd51f644f03" executionId="5ad229ce-73d1-4704-bb75-f2985fd4f8cf" testListId="8c84fa94-04c1-424b-9868-57a2d4851a1d" />
    <TestEntry testId="6daf65b4-05cc-b22b-0762-65fbf9673796" executionId="0e176024-3062-489c-8e06-658bc482acc5" testListId="8c84fa94-04c1-424b-9868-57a2d4851a1d" />
    <TestEntry testId="3813c055-0a11-519d-190b-213c39098af5" executionId="e2bdda32-1e3f-4cbd-9317-a182bd229c62" testListId="8c84fa94-04c1-424b-9868-57a2d4851a1d" />
    <TestEntry testId="2d11687b-1ea4-73dd-6e6b-e0329669a4d7" executionId="80044e4d-9257-464f-918a-69cd640e988d" testListId="8c84fa94-04c1-424b-9868-57a2d4851a1d" />
    <TestEntry testId="ad3ca581-932d-56e7-cd6a-26682ca3a236" executionId="ae9cdb6f-744e-4ed5-a68b-805746745c85" testListId="8c84fa94-04c1-424b-9868-57a2d4851a1d" />
    <TestEntry testId="7c18b437-1eaf-293e-0176-96a9653c693e" executionId="66e1ffe6-fac7-423e-bfe1-4adc76d33455" testListId="8c84fa94-04c1-424b-9868-57a2d4851a1d" />
    <TestEntry testId="7b0e2e66-8df2-4a1a-265f-d4dedb3fc894" executionId="7c5551e6-2f7c-4705-8f57-5dc7d7b597fc" testListId="8c84fa94-04c1-424b-9868-57a2d4851a1d" />
    <TestEntry testId="1c26784c-0ddc-a16d-f19b-71635342809d" executionId="51d0b831-5738-47e3-a2ef-7537ebd6e340" testListId="8c84fa94-04c1-424b-9868-57a2d4851a1d" />
    <TestEntry testId="51821d50-7630-a087-53a5-edde42335604" executionId="4e03d02e-cba4-417a-a7b9-60b091d84c85" testListId="8c84fa94-04c1-424b-9868-57a2d4851a1d" />
    <TestEntry testId="12e46c41-ca5e-7203-7d91-9ceaeb8372fa" executionId="8ced0d98-9bee-4e84-b604-e8af27ea08ce" testListId="8c84fa94-04c1-424b-9868-57a2d4851a1d" />
    <TestEntry testId="6ba15e95-f9ae-f088-948d-f72b9b631689" executionId="68afb99d-34c3-475c-98b6-35b070110b6a" testListId="8c84fa94-04c1-424b-9868-57a2d4851a1d" />
    <TestEntry testId="60546481-3319-5dad-44b6-fd0b8b42e5c0" executionId="a614037f-2776-46ed-ac24-40c55fa45310" testListId="8c84fa94-04c1-424b-9868-57a2d4851a1d" />
    <TestEntry testId="dbe66929-699e-e618-e12c-3721ef274ba0" executionId="faf2f802-1586-482d-8b64-1be6830f026a" testListId="8c84fa94-04c1-424b-9868-57a2d4851a1d" />
    <TestEntry testId="536de9da-0066-a64b-878e-599932607ad3" executionId="0df06516-be22-496d-8e0f-a83f585d2a71" testListId="8c84fa94-04c1-424b-9868-57a2d4851a1d" />
    <TestEntry testId="1c2a7aa8-d386-c2d0-9766-9daf802d90ce" executionId="690f8175-9328-414b-9705-99a0fe3845db" testListId="8c84fa94-04c1-424b-9868-57a2d4851a1d" />
    <TestEntry testId="024ac99d-0c07-622a-5934-0d5cfd6ece39" executionId="6fba249b-7a0b-4789-bb76-92791d6576f3" testListId="8c84fa94-04c1-424b-9868-57a2d4851a1d" />
    <TestEntry testId="b745a59d-2445-677f-5ced-c5ad13e91482" executionId="ee62311c-33f8-4faf-8342-77ad762d882b" testListId="8c84fa94-04c1-424b-9868-57a2d4851a1d" />
    <TestEntry testId="cd0d94ae-8314-52a4-757d-febb6a6a6313" executionId="e8a928d0-daff-4c68-947a-486958c7f39c" testListId="8c84fa94-04c1-424b-9868-57a2d4851a1d" />
    <TestEntry testId="9c0cb698-2881-3296-7c8a-debd20d6bb80" executionId="16688aa1-dde1-40af-b989-c1cb45e6ddad" testListId="8c84fa94-04c1-424b-9868-57a2d4851a1d" />
    <TestEntry testId="54d8eaf3-c56c-184e-26b5-15196a90c1a8" executionId="8e4954db-8b21-4d47-a48b-70e983ca9aa6" testListId="8c84fa94-04c1-424b-9868-57a2d4851a1d" />
    <TestEntry testId="724c9823-88d2-6bf0-4ae5-f63978fe9141" executionId="92524c07-1de2-43e2-9706-1d0f7969de75" testListId="8c84fa94-04c1-424b-9868-57a2d4851a1d" />
    <TestEntry testId="79703a38-2e82-a172-0e42-aaa3e7932553" executionId="90775157-de7e-40f2-90ae-797e6c9f7193" testListId="8c84fa94-04c1-424b-9868-57a2d4851a1d" />
    <TestEntry testId="acf14757-2e94-1174-a060-2307e62506fd" executionId="03cd5b13-7a43-46ed-a27f-abc5c5fef9ba" testListId="8c84fa94-04c1-424b-9868-57a2d4851a1d" />
    <TestEntry testId="66f2ebb5-d38a-d706-8eb7-c5bda61f50a6" executionId="68d33cf4-c690-4234-b34a-a26800b29b4d" testListId="8c84fa94-04c1-424b-9868-57a2d4851a1d" />
    <TestEntry testId="30c1c89b-fac2-c77e-0b9b-67de1982205c" executionId="a1380d91-758f-4b67-b9e5-ede3cedc05b2" testListId="8c84fa94-04c1-424b-9868-57a2d4851a1d" />
    <TestEntry testId="c388d02c-8193-cb8b-3690-847f35381077" executionId="32b8d74b-6e4a-43f1-a640-5b3c652f9732" testListId="8c84fa94-04c1-424b-9868-57a2d4851a1d" />
    <TestEntry testId="c23504af-06eb-ce33-e9a4-0e5bf4e16335" executionId="5524865a-05aa-4ae1-a1b6-719d366afca8" testListId="8c84fa94-04c1-424b-9868-57a2d4851a1d" />
    <TestEntry testId="b5975cca-4ea0-1de8-dc3c-80a1bc046cd5" executionId="2d312428-bac4-450d-8048-c3fac4053770" testListId="8c84fa94-04c1-424b-9868-57a2d4851a1d" />
    <TestEntry testId="d79c2ed6-2d87-2c3a-76fd-bad033a309d1" executionId="35dbb9e2-241f-4669-b311-7a83ff6c96d1" testListId="8c84fa94-04c1-424b-9868-57a2d4851a1d" />
  </TestEntries>
  <Results>
    <UnitTestResult executionId="c0e7a25a-c4dc-42f8-90c1-6d720ef85d88" testId="883909f7-8fa2-cd70-a42d-9a76f83113b9" testName="GetCellRectangleTest" computerName="TINKU" duration="00:00:00.0301976" startTime="2012-04-14T00:42:44.6406250-05:00" endTime="2012-04-14T00:42:45.0937500-05:00" testType="13cdc9d9-ddb5-4fa4-a97d-d965ccfc6d4b" outcome="Passed" testListId="8c84fa94-04c1-424b-9868-57a2d4851a1d" relativeResultsDirectory="c0e7a25a-c4dc-42f8-90c1-6d720ef85d88">
    </UnitTestResult>
    <UnitTestResult executionId="15c4aee1-b27a-4278-8dc5-4d6eb1bc01dd" testId="7f6992cd-8434-1750-aa26-57ea7b9d67ea" testName="PutSymbolTest" computerName="TINKU" duration="00:00:00.0065220" startTime="2012-04-14T00:42:45.1093750-05:00" endTime="2012-04-14T00:42:45.1250000-05:00" testType="13cdc9d9-ddb5-4fa4-a97d-d965ccfc6d4b" outcome="Passed" testListId="8c84fa94-04c1-424b-9868-57a2d4851a1d" relativeResultsDirectory="15c4aee1-b27a-4278-8dc5-4d6eb1bc01dd">
    </UnitTestResult>
    <UnitTestResult executionId="5ad229ce-73d1-4704-bb75-f2985fd4f8cf" testId="81e0d52c-2114-14fa-89f0-fbd51f644f03" testName="CheckResizeRequiredTest" computerName="TINKU" duration="00:00:00.2334400" startTime="2012-04-14T00:42:45.1250000-05:00" endTime="2012-04-14T00:42:45.3593750-05:00" testType="13cdc9d9-ddb5-4fa4-a97d-d965ccfc6d4b" outcome="Passed" testListId="8c84fa94-04c1-424b-9868-57a2d4851a1d" relativeResultsDirectory="5ad229ce-73d1-4704-bb75-f2985fd4f8cf">
    </UnitTestResult>
    <UnitTestResult executionId="0e176024-3062-489c-8e06-658bc482acc5" testId="6daf65b4-05cc-b22b-0762-65fbf9673796" testName="ShowResultTest" computerName="TINKU" duration="00:00:02.2751212" startTime="2012-04-14T00:42:45.3750000-05:00" endTime="2012-04-14T00:42:47.6562500-05:00" testType="13cdc9d9-ddb5-4fa4-a97d-d965ccfc6d4b" outcome="Passed" testListId="8c84fa94-04c1-424b-9868-57a2d4851a1d" relativeResultsDirectory="0e176024-3062-489c-8e06-658bc482acc5">
    </UnitTestResult>
    <UnitTestResult executionId="e2bdda32-1e3f-4cbd-9317-a182bd229c62" testId="3813c055-0a11-519d-190b-213c39098af5" testName="IsOutofBoundsTest" computerName="TINKU" duration="00:00:00.0026500" startTime="2012-04-14T00:42:47.6718750-05:00" endTime="2012-04-14T00:42:47.6875000-05:00" testType="13cdc9d9-ddb5-4fa4-a97d-d965ccfc6d4b" outcome="Passed" testListId="8c84fa94-04c1-424b-9868-57a2d4851a1d" relativeResultsDirectory="e2bdda32-1e3f-4cbd-9317-a182bd229c62">
    </UnitTestResult>
    <UnitTestResult executionId="80044e4d-9257-464f-918a-69cd640e988d" testId="2d11687b-1ea4-73dd-6e6b-e0329669a4d7" testName="CalculateStepThreeTest" computerName="TINKU" duration="00:00:00.2877673" startTime="2012-04-14T00:42:47.7031250-05:00" endTime="2012-04-14T00:42:48.0000000-05:00" testType="13cdc9d9-ddb5-4fa4-a97d-d965ccfc6d4b" outcome="Inconclusive" testListId="8c84fa94-04c1-424b-9868-57a2d4851a1d" relativeResultsDirectory="80044e4d-9257-464f-918a-69cd640e988d">
      <Output>
        <ErrorInfo>
          <Message>Assert.Inconclusive failed. Value returned based on the formula</Message>
          <StackTrace>   at ComputerGamesRUS.Game.Test1.ComputerMoveHandlerTest.CalculateStepThreeTest() in C:\Documents and Settings\karthik\Desktop\SE2 final design\design_last\GroupA_TicTacToe_Today_FF\Tic_Tac_Toe_Forever_Test\ComputerMoveHandlerTest.cs:line 87
</StackTrace>
        </ErrorInfo>
      </Output>
    </UnitTestResult>
    <UnitTestResult executionId="ae9cdb6f-744e-4ed5-a68b-805746745c85" testId="ad3ca581-932d-56e7-cd6a-26682ca3a236" testName="StepOneTest" computerName="TINKU" duration="00:00:00.0233230" startTime="2012-04-14T00:42:48.0000000-05:00" endTime="2012-04-14T00:42:48.0312500-05:00" testType="13cdc9d9-ddb5-4fa4-a97d-d965ccfc6d4b" outcome="Passed" testListId="8c84fa94-04c1-424b-9868-57a2d4851a1d" relativeResultsDirectory="ae9cdb6f-744e-4ed5-a68b-805746745c85">
    </UnitTestResult>
    <UnitTestResult executionId="66e1ffe6-fac7-423e-bfe1-4adc76d33455" testId="7c18b437-1eaf-293e-0176-96a9653c693e" testName="CalculateStepOneTest" computerName="TINKU" duration="00:00:00.0084371" startTime="2012-04-14T00:42:48.0312500-05:00" endTime="2012-04-14T00:42:48.0625000-05:00" testType="13cdc9d9-ddb5-4fa4-a97d-d965ccfc6d4b" outcome="Passed" testListId="8c84fa94-04c1-424b-9868-57a2d4851a1d" relativeResultsDirectory="66e1ffe6-fac7-423e-bfe1-4adc76d33455">
    </UnitTestResult>
    <UnitTestResult executionId="7c5551e6-2f7c-4705-8f57-5dc7d7b597fc" testId="7b0e2e66-8df2-4a1a-265f-d4dedb3fc894" testName="GetSymbolTest" computerName="TINKU" duration="00:00:00.0011532" startTime="2012-04-14T00:42:48.0625000-05:00" endTime="2012-04-14T00:42:48.0781250-05:00" testType="13cdc9d9-ddb5-4fa4-a97d-d965ccfc6d4b" outcome="Passed" testListId="8c84fa94-04c1-424b-9868-57a2d4851a1d" relativeResultsDirectory="7c5551e6-2f7c-4705-8f57-5dc7d7b597fc">
    </UnitTestResult>
    <UnitTestResult executionId="51d0b831-5738-47e3-a2ef-7537ebd6e340" testId="1c26784c-0ddc-a16d-f19b-71635342809d" testName="createInstanceTest" computerName="TINKU" duration="00:00:00.0005324" startTime="2012-04-14T00:42:48.0781250-05:00" endTime="2012-04-14T00:42:48.0937500-05:00" testType="13cdc9d9-ddb5-4fa4-a97d-d965ccfc6d4b" outcome="Passed" testListId="8c84fa94-04c1-424b-9868-57a2d4851a1d" relativeResultsDirectory="51d0b831-5738-47e3-a2ef-7537ebd6e340">
    </UnitTestResult>
    <UnitTestResult executionId="4e03d02e-cba4-417a-a7b9-60b091d84c85" testId="51821d50-7630-a087-53a5-edde42335604" testName="GetSymbolRectangleTest" computerName="TINKU" duration="00:00:00.0011001" startTime="2012-04-14T00:42:48.0937500-05:00" endTime="2012-04-14T00:42:48.1093750-05:00" testType="13cdc9d9-ddb5-4fa4-a97d-d965ccfc6d4b" outcome="Passed" testListId="8c84fa94-04c1-424b-9868-57a2d4851a1d" relativeResultsDirectory="4e03d02e-cba4-417a-a7b9-60b091d84c85">
    </UnitTestResult>
    <UnitTestResult executionId="8ced0d98-9bee-4e84-b604-e8af27ea08ce" testId="12e46c41-ca5e-7203-7d91-9ceaeb8372fa" testName="setMementoTest" computerName="TINKU" duration="00:00:00.0020091" startTime="2012-04-14T00:42:48.1093750-05:00" endTime="2012-04-14T00:42:48.1250000-05:00" testType="13cdc9d9-ddb5-4fa4-a97d-d965ccfc6d4b" outcome="Passed" testListId="8c84fa94-04c1-424b-9868-57a2d4851a1d" relativeResultsDirectory="8ced0d98-9bee-4e84-b604-e8af27ea08ce">
    </UnitTestResult>
    <UnitTestResult executionId="68afb99d-34c3-475c-98b6-35b070110b6a" testId="6ba15e95-f9ae-f088-948d-f72b9b631689" testName="SymbolStoreTest" computerName="TINKU" duration="00:00:00.0010026" startTime="2012-04-14T00:42:48.1250000-05:00" endTime="2012-04-14T00:42:48.1406250-05:00" testType="13cdc9d9-ddb5-4fa4-a97d-d965ccfc6d4b" outcome="Passed" testListId="8c84fa94-04c1-424b-9868-57a2d4851a1d" relativeResultsDirectory="68afb99d-34c3-475c-98b6-35b070110b6a">
    </UnitTestResult>
    <UnitTestResult executionId="a614037f-2776-46ed-ac24-40c55fa45310" testId="60546481-3319-5dad-44b6-fd0b8b42e5c0" testName="CreatePointTest" computerName="TINKU" duration="00:00:00.0014898" startTime="2012-04-14T00:42:48.1406250-05:00" endTime="2012-04-14T00:42:48.1562500-05:00" testType="13cdc9d9-ddb5-4fa4-a97d-d965ccfc6d4b" outcome="Passed" testListId="8c84fa94-04c1-424b-9868-57a2d4851a1d" relativeResultsDirectory="a614037f-2776-46ed-ac24-40c55fa45310">
    </UnitTestResult>
    <UnitTestResult executionId="faf2f802-1586-482d-8b64-1be6830f026a" testId="dbe66929-699e-e618-e12c-3721ef274ba0" testName="BoardConstructorTest" computerName="TINKU" duration="00:00:00.0003899" startTime="2012-04-14T00:42:48.1562500-05:00" endTime="2012-04-14T00:42:48.1562500-05:00" testType="13cdc9d9-ddb5-4fa4-a97d-d965ccfc6d4b" outcome="Passed" testListId="8c84fa94-04c1-424b-9868-57a2d4851a1d" relativeResultsDirectory="faf2f802-1586-482d-8b64-1be6830f026a">
    </UnitTestResult>
    <UnitTestResult executionId="0df06516-be22-496d-8e0f-a83f585d2a71" testId="536de9da-0066-a64b-878e-599932607ad3" testName="createInstanceTest1" computerName="TINKU" duration="00:00:00.0004246" startTime="2012-04-14T00:42:48.1718750-05:00" endTime="2012-04-14T00:42:48.1718750-05:00" testType="13cdc9d9-ddb5-4fa4-a97d-d965ccfc6d4b" outcome="Passed" testListId="8c84fa94-04c1-424b-9868-57a2d4851a1d" relativeResultsDirectory="0df06516-be22-496d-8e0f-a83f585d2a71">
    </UnitTestResult>
    <UnitTestResult executionId="690f8175-9328-414b-9705-99a0fe3845db" testId="1c2a7aa8-d386-c2d0-9766-9daf802d90ce" testName="StepTwoTest" computerName="TINKU" duration="00:00:00.0025486" startTime="2012-04-14T00:42:48.1718750-05:00" endTime="2012-04-14T00:42:48.1875000-05:00" testType="13cdc9d9-ddb5-4fa4-a97d-d965ccfc6d4b" outcome="Passed" testListId="8c84fa94-04c1-424b-9868-57a2d4851a1d" relativeResultsDirectory="690f8175-9328-414b-9705-99a0fe3845db">
    </UnitTestResult>
    <UnitTestResult executionId="6fba249b-7a0b-4789-bb76-92791d6576f3" testId="024ac99d-0c07-622a-5934-0d5cfd6ece39" testName="CheckResultTest" computerName="TINKU" duration="00:00:00.0013281" startTime="2012-04-14T00:42:48.1875000-05:00" endTime="2012-04-14T00:42:48.2031250-05:00" testType="13cdc9d9-ddb5-4fa4-a97d-d965ccfc6d4b" outcome="Passed" testListId="8c84fa94-04c1-424b-9868-57a2d4851a1d" relativeResultsDirectory="6fba249b-7a0b-4789-bb76-92791d6576f3">
    </UnitTestResult>
    <UnitTestResult executionId="ee62311c-33f8-4faf-8342-77ad762d882b" testId="b745a59d-2445-677f-5ced-c5ad13e91482" testName="CalculateStepOneTest1" computerName="TINKU" duration="00:00:00.0006788" startTime="2012-04-14T00:42:48.2031250-05:00" endTime="2012-04-14T00:42:48.2187500-05:00" testType="13cdc9d9-ddb5-4fa4-a97d-d965ccfc6d4b" outcome="Passed" testListId="8c84fa94-04c1-424b-9868-57a2d4851a1d" relativeResultsDirectory="ee62311c-33f8-4faf-8342-77ad762d882b">
    </UnitTestResult>
    <UnitTestResult executionId="e8a928d0-daff-4c68-947a-486958c7f39c" testId="cd0d94ae-8314-52a4-757d-febb6a6a6313" testName="GetUserSymbolTest" computerName="TINKU" duration="00:00:00.0004707" startTime="2012-04-14T00:42:48.2187500-05:00" endTime="2012-04-14T00:42:48.2187500-05:00" testType="13cdc9d9-ddb5-4fa4-a97d-d965ccfc6d4b" outcome="Passed" testListId="8c84fa94-04c1-424b-9868-57a2d4851a1d" relativeResultsDirectory="e8a928d0-daff-4c68-947a-486958c7f39c">
    </UnitTestResult>
    <UnitTestResult executionId="16688aa1-dde1-40af-b989-c1cb45e6ddad" testId="9c0cb698-2881-3296-7c8a-debd20d6bb80" testName="CountCoinTest" computerName="TINKU" duration="00:00:00.0006333" startTime="2012-04-14T00:42:48.2187500-05:00" endTime="2012-04-14T00:42:48.2343750-05:00" testType="13cdc9d9-ddb5-4fa4-a97d-d965ccfc6d4b" outcome="Passed" testListId="8c84fa94-04c1-424b-9868-57a2d4851a1d" relativeResultsDirectory="16688aa1-dde1-40af-b989-c1cb45e6ddad">
    </UnitTestResult>
    <UnitTestResult executionId="8e4954db-8b21-4d47-a48b-70e983ca9aa6" testId="54d8eaf3-c56c-184e-26b5-15196a90c1a8" testName="MakeMoveTest" computerName="TINKU" duration="00:00:00.0004179" startTime="2012-04-14T00:42:48.2343750-05:00" endTime="2012-04-14T00:42:48.2500000-05:00" testType="13cdc9d9-ddb5-4fa4-a97d-d965ccfc6d4b" outcome="Passed" testListId="8c84fa94-04c1-424b-9868-57a2d4851a1d" relativeResultsDirectory="8e4954db-8b21-4d47-a48b-70e983ca9aa6">
    </UnitTestResult>
    <UnitTestResult executionId="92524c07-1de2-43e2-9706-1d0f7969de75" testId="724c9823-88d2-6bf0-4ae5-f63978fe9141" testName="CalculateStepTwoTest" computerName="TINKU" duration="00:00:00.0007134" startTime="2012-04-14T00:42:48.2500000-05:00" endTime="2012-04-14T00:42:48.2500000-05:00" testType="13cdc9d9-ddb5-4fa4-a97d-d965ccfc6d4b" outcome="Passed" testListId="8c84fa94-04c1-424b-9868-57a2d4851a1d" relativeResultsDirectory="92524c07-1de2-43e2-9706-1d0f7969de75">
    </UnitTestResult>
    <UnitTestResult executionId="90775157-de7e-40f2-90ae-797e6c9f7193" testId="79703a38-2e82-a172-0e42-aaa3e7932553" testName="StepThreeTest" computerName="TINKU" duration="00:00:00.0018038" startTime="2012-04-14T00:42:48.2500000-05:00" endTime="2012-04-14T00:42:48.2656250-05:00" testType="13cdc9d9-ddb5-4fa4-a97d-d965ccfc6d4b" outcome="Passed" testListId="8c84fa94-04c1-424b-9868-57a2d4851a1d" relativeResultsDirectory="90775157-de7e-40f2-90ae-797e6c9f7193">
    </UnitTestResult>
    <UnitTestResult executionId="03cd5b13-7a43-46ed-a27f-abc5c5fef9ba" testId="acf14757-2e94-1174-a060-2307e62506fd" testName="GameViewConstructorTest" computerName="TINKU" duration="00:00:00.0003268" startTime="2012-04-14T00:42:48.2656250-05:00" endTime="2012-04-14T00:42:48.2812500-05:00" testType="13cdc9d9-ddb5-4fa4-a97d-d965ccfc6d4b" outcome="Passed" testListId="8c84fa94-04c1-424b-9868-57a2d4851a1d" relativeResultsDirectory="03cd5b13-7a43-46ed-a27f-abc5c5fef9ba">
    </UnitTestResult>
    <UnitTestResult executionId="68d33cf4-c690-4234-b34a-a26800b29b4d" testId="66f2ebb5-d38a-d706-8eb7-c5bda61f50a6" testName="BoardSizeTest" computerName="TINKU" duration="00:00:00.0005374" startTime="2012-04-14T00:42:48.2812500-05:00" endTime="2012-04-14T00:42:48.2968750-05:00" testType="13cdc9d9-ddb5-4fa4-a97d-d965ccfc6d4b" outcome="Passed" testListId="8c84fa94-04c1-424b-9868-57a2d4851a1d" relativeResultsDirectory="68d33cf4-c690-4234-b34a-a26800b29b4d">
    </UnitTestResult>
    <UnitTestResult executionId="a1380d91-758f-4b67-b9e5-ede3cedc05b2" testId="30c1c89b-fac2-c77e-0b9b-67de1982205c" testName="ClearTest" computerName="TINKU" duration="00:00:00.0007199" startTime="2012-04-14T00:42:48.2968750-05:00" endTime="2012-04-14T00:42:48.3125000-05:00" testType="13cdc9d9-ddb5-4fa4-a97d-d965ccfc6d4b" outcome="Passed" testListId="8c84fa94-04c1-424b-9868-57a2d4851a1d" relativeResultsDirectory="a1380d91-758f-4b67-b9e5-ede3cedc05b2">
    </UnitTestResult>
    <UnitTestResult executionId="32b8d74b-6e4a-43f1-a640-5b3c652f9732" testId="c388d02c-8193-cb8b-3690-847f35381077" testName="SelectBestMoveTest" computerName="TINKU" duration="00:00:00.0064681" startTime="2012-04-14T00:42:48.3125000-05:00" endTime="2012-04-14T00:42:48.3281250-05:00" testType="13cdc9d9-ddb5-4fa4-a97d-d965ccfc6d4b" outcome="Passed" testListId="8c84fa94-04c1-424b-9868-57a2d4851a1d" relativeResultsDirectory="32b8d74b-6e4a-43f1-a640-5b3c652f9732">
    </UnitTestResult>
    <UnitTestResult executionId="5524865a-05aa-4ae1-a1b6-719d366afca8" testId="c23504af-06eb-ce33-e9a4-0e5bf4e16335" testName="DisposeTest" computerName="TINKU" duration="00:00:00.0376547" startTime="2012-04-14T00:42:48.3281250-05:00" endTime="2012-04-14T00:42:48.3750000-05:00" testType="13cdc9d9-ddb5-4fa4-a97d-d965ccfc6d4b" outcome="Inconclusive" testListId="8c84fa94-04c1-424b-9868-57a2d4851a1d" relativeResultsDirectory="5524865a-05aa-4ae1-a1b6-719d366afca8">
      <Output>
        <ErrorInfo>
          <Message>Assert.Inconclusive failed. A method that does not return a value cannot be verified.</Message>
          <StackTrace>   at Tic_Tac_Toe_Forever_Test.GameManagerTest.DisposeTest() in C:\Documents and Settings\karthik\Desktop\SE2 final design\design_last\GroupA_TicTacToe_Today_FF\Tic_Tac_Toe_Forever_Test\GameManagerTest.cs:line 97
</StackTrace>
        </ErrorInfo>
      </Output>
    </UnitTestResult>
    <UnitTestResult executionId="2d312428-bac4-450d-8048-c3fac4053770" testId="b5975cca-4ea0-1de8-dc3c-80a1bc046cd5" testName="ShowInstructionTest" computerName="TINKU" duration="00:00:00.0012711" startTime="2012-04-14T00:42:48.3750000-05:00" endTime="2012-04-14T00:42:48.3750000-05:00" testType="13cdc9d9-ddb5-4fa4-a97d-d965ccfc6d4b" outcome="Passed" testListId="8c84fa94-04c1-424b-9868-57a2d4851a1d" relativeResultsDirectory="2d312428-bac4-450d-8048-c3fac4053770">
    </UnitTestResult>
    <UnitTestResult executionId="35dbb9e2-241f-4669-b311-7a83ff6c96d1" testId="d79c2ed6-2d87-2c3a-76fd-bad033a309d1" testName="CreateMementoTest" computerName="TINKU" duration="00:00:00.0004388" startTime="2012-04-14T00:42:48.3906250-05:00" endTime="2012-04-14T00:42:48.3906250-05:00" testType="13cdc9d9-ddb5-4fa4-a97d-d965ccfc6d4b" outcome="Passed" testListId="8c84fa94-04c1-424b-9868-57a2d4851a1d" relativeResultsDirectory="35dbb9e2-241f-4669-b311-7a83ff6c96d1">
    </UnitTestResult>
  </Results>
</TestRun>