<?xml version="1.0" encoding="UTF-8"?>
<TestRun id="b7ffab48-b4df-46b5-ac63-ba55b4ac893c" name="karthik@TINKU 2012-04-14 00:34:04" runUser="TINKU\karthik" xmlns="http://microsoft.com/schemas/VisualStudio/TeamTest/2010">
  <TestSettings name="Local" id="9d9ad90f-45d8-4b5e-971c-2cfcb76f86ad">
    <Description>These are default test settings for a local test run.</Description>
    <Deployment enabled="false" runDeploymentRoot="karthik_TINKU 2012-04-14 00_34_04">
      <DeploymentItem filename="C:\Documents and Settings\karthik\Desktop\SE2 final design\design_last\GroupA_TicTacToe_Today_FF\GroupA_TicTacToe\bin\Debug\GroupA_TicTacToe.exe" />
    </Deployment>
    <Execution>
      <TestTypeSpecific />
      <AgentRule name="Execution Agents">
      </AgentRule>
    </Execution>
  </TestSettings>
  <Times creation="2012-04-14T00:34:04.0312500-05:00" queuing="2012-04-14T00:34:04.0781250-05:00" start="2012-04-14T00:34:04.1093750-05:00" finish="2012-04-14T00:34:04.8906250-05:00" />
  <ResultSummary outcome="Completed">
    <Counters total="14" executed="14" passed="14" error="0" failed="0" timeout="0" aborted="0" inconclusive="0" passedButRunAborted="0" notRunnable="0" notExecuted="0" disconnected="0" warning="0" completed="0" inProgress="0" pending="0" />
  </ResultSummary>
  <TestDefinitions>
    <UnitTest name="PutSymbolTest" storage="c:\documents and settings\karthik\desktop\se2 final design\design_last\groupa_tictactoe_today_ff\tic_tac_toe_forever_test\bin\debug\tic_tac_toe_forever_test.dll" id="7f6992cd-8434-1750-aa26-57ea7b9d67ea">
      <Execution id="b6a55848-567e-4dc5-b944-63c559dac14c" />
      <TestMethod codeBase="C:/Documents and Settings/karthik/Desktop/SE2 final design/design_last/GroupA_TicTacToe_Today_FF/Tic_Tac_Toe_Forever_Test/bin/Debug/Tic_Tac_Toe_Forever_Test.DLL" adapterTypeName="Microsoft.VisualStudio.TestTools.TestTypes.Unit.UnitTestAdapter, Microsoft.VisualStudio.QualityTools.Tips.UnitTest.Adapter, Version=10.0.0.0, Culture=neutral, PublicKeyToken=b03f5f7f11d50a3a" className="Tic_Tac_Toe_Forever_Test.BoardTest, Tic_Tac_Toe_Forever_Test, Version=1.0.0.0, Culture=neutral, PublicKeyToken=null" name="PutSymbolTest" />
    </UnitTest>
    <UnitTest name="CreatePointTest" storage="c:\documents and settings\karthik\desktop\se2 final design\design_last\groupa_tictactoe_today_ff\tic_tac_toe_forever_test\bin\debug\tic_tac_toe_forever_test.dll" id="60546481-3319-5dad-44b6-fd0b8b42e5c0">
      <Execution id="19635cc2-7867-4271-a2eb-5a66e1976b22" />
      <TestMethod codeBase="C:/Documents and Settings/karthik/Desktop/SE2 final design/design_last/GroupA_TicTacToe_Today_FF/Tic_Tac_Toe_Forever_Test/bin/Debug/Tic_Tac_Toe_Forever_Test.DLL" adapterTypeName="Microsoft.VisualStudio.TestTools.TestTypes.Unit.UnitTestAdapter, Microsoft.VisualStudio.QualityTools.Tips.UnitTest.Adapter, Version=10.0.0.0, Culture=neutral, PublicKeyToken=b03f5f7f11d50a3a" className="Tic_Tac_Toe_Forever_Test.BoardTest, Tic_Tac_Toe_Forever_Test, Version=1.0.0.0, Culture=neutral, PublicKeyToken=null" name="CreatePointTest" />
    </UnitTest>
    <UnitTest name="ClearTest" storage="c:\documents and settings\karthik\desktop\se2 final design\design_last\groupa_tictactoe_today_ff\tic_tac_toe_forever_test\bin\debug\tic_tac_toe_forever_test.dll" id="30c1c89b-fac2-c77e-0b9b-67de1982205c">
      <Execution id="751f99f4-5251-41d7-9cf2-ef586955c5dc" />
      <TestMethod codeBase="C:/Documents and Settings/karthik/Desktop/SE2 final design/design_last/GroupA_TicTacToe_Today_FF/Tic_Tac_Toe_Forever_Test/bin/Debug/Tic_Tac_Toe_Forever_Test.DLL" adapterTypeName="Microsoft.VisualStudio.TestTools.TestTypes.Unit.UnitTestAdapter, Microsoft.VisualStudio.QualityTools.Tips.UnitTest.Adapter, Version=10.0.0.0, Culture=neutral, PublicKeyToken=b03f5f7f11d50a3a" className="Tic_Tac_Toe_Forever_Test.BoardTest, Tic_Tac_Toe_Forever_Test, Version=1.0.0.0, Culture=neutral, PublicKeyToken=null" name="ClearTest" />
    </UnitTest>
    <UnitTest name="SymbolStoreTest" storage="c:\documents and settings\karthik\desktop\se2 final design\design_last\groupa_tictactoe_today_ff\tic_tac_toe_forever_test\bin\debug\tic_tac_toe_forever_test.dll" id="6ba15e95-f9ae-f088-948d-f72b9b631689">
      <Execution id="4cd894c5-ea49-4435-8b9a-1265aedb12ed" />
      <TestMethod codeBase="C:/Documents and Settings/karthik/Desktop/SE2 final design/design_last/GroupA_TicTacToe_Today_FF/Tic_Tac_Toe_Forever_Test/bin/Debug/Tic_Tac_Toe_Forever_Test.DLL" adapterTypeName="Microsoft.VisualStudio.TestTools.TestTypes.Unit.UnitTestAdapter, Microsoft.VisualStudio.QualityTools.Tips.UnitTest.Adapter, Version=10.0.0.0, Culture=neutral, PublicKeyToken=b03f5f7f11d50a3a" className="Tic_Tac_Toe_Forever_Test.BoardTest, Tic_Tac_Toe_Forever_Test, Version=1.0.0.0, Culture=neutral, PublicKeyToken=null" name="SymbolStoreTest" />
    </UnitTest>
    <UnitTest name="createInstanceTest1" storage="c:\documents and settings\karthik\desktop\se2 final design\design_last\groupa_tictactoe_today_ff\tic_tac_toe_forever_test\bin\debug\tic_tac_toe_forever_test.dll" id="536de9da-0066-a64b-878e-599932607ad3">
      <Execution id="e37e9645-9b2b-4e9b-a8b1-168a5ff5b781" />
      <TestMethod codeBase="C:/Documents and Settings/karthik/Desktop/SE2 final design/design_last/GroupA_TicTacToe_Today_FF/Tic_Tac_Toe_Forever_Test/bin/Debug/Tic_Tac_Toe_Forever_Test.DLL" adapterTypeName="Microsoft.VisualStudio.TestTools.TestTypes.Unit.UnitTestAdapter, Microsoft.VisualStudio.QualityTools.Tips.UnitTest.Adapter, Version=10.0.0.0, Culture=neutral, PublicKeyToken=b03f5f7f11d50a3a" className="Tic_Tac_Toe_Forever_Test.BoardTest, Tic_Tac_Toe_Forever_Test, Version=1.0.0.0, Culture=neutral, PublicKeyToken=null" name="createInstanceTest1" />
    </UnitTest>
    <UnitTest name="GetSymbolRectangleTest" storage="c:\documents and settings\karthik\desktop\se2 final design\design_last\groupa_tictactoe_today_ff\tic_tac_toe_forever_test\bin\debug\tic_tac_toe_forever_test.dll" id="51821d50-7630-a087-53a5-edde42335604">
      <DeploymentItems>
        <DeploymentItem filename="GroupA_TicTacToe.exe" />
      </DeploymentItems>
      <Execution id="9b38dfc8-e781-460d-a393-7401314c1b0e" />
      <TestMethod codeBase="C:/Documents and Settings/karthik/Desktop/SE2 final design/design_last/GroupA_TicTacToe_Today_FF/Tic_Tac_Toe_Forever_Test/bin/Debug/Tic_Tac_Toe_Forever_Test.DLL" adapterTypeName="Microsoft.VisualStudio.TestTools.TestTypes.Unit.UnitTestAdapter, Microsoft.VisualStudio.QualityTools.Tips.UnitTest.Adapter, Version=10.0.0.0, Culture=neutral, PublicKeyToken=b03f5f7f11d50a3a" className="Tic_Tac_Toe_Forever_Test.BoardTest, Tic_Tac_Toe_Forever_Test, Version=1.0.0.0, Culture=neutral, PublicKeyToken=null" name="GetSymbolRectangleTest" />
    </UnitTest>
    <UnitTest name="GetSymbolTest" storage="c:\documents and settings\karthik\desktop\se2 final design\design_last\groupa_tictactoe_today_ff\tic_tac_toe_forever_test\bin\debug\tic_tac_toe_forever_test.dll" id="7b0e2e66-8df2-4a1a-265f-d4dedb3fc894">
      <Execution id="b8c73911-1eac-427e-b9e9-9bb3955f5915" />
      <TestMethod codeBase="C:/Documents and Settings/karthik/Desktop/SE2 final design/design_last/GroupA_TicTacToe_Today_FF/Tic_Tac_Toe_Forever_Test/bin/Debug/Tic_Tac_Toe_Forever_Test.DLL" adapterTypeName="Microsoft.VisualStudio.TestTools.TestTypes.Unit.UnitTestAdapter, Microsoft.VisualStudio.QualityTools.Tips.UnitTest.Adapter, Version=10.0.0.0, Culture=neutral, PublicKeyToken=b03f5f7f11d50a3a" className="Tic_Tac_Toe_Forever_Test.BoardTest, Tic_Tac_Toe_Forever_Test, Version=1.0.0.0, Culture=neutral, PublicKeyToken=null" name="GetSymbolTest" />
    </UnitTest>
    <UnitTest name="BoardConstructorTest" storage="c:\documents and settings\karthik\desktop\se2 final design\design_last\groupa_tictactoe_today_ff\tic_tac_toe_forever_test\bin\debug\tic_tac_toe_forever_test.dll" id="dbe66929-699e-e618-e12c-3721ef274ba0">
      <DeploymentItems>
        <DeploymentItem filename="GroupA_TicTacToe.exe" />
      </DeploymentItems>
      <Execution id="1fccc114-d8df-4533-b483-6dabc60738cb" />
      <TestMethod codeBase="C:/Documents and Settings/karthik/Desktop/SE2 final design/design_last/GroupA_TicTacToe_Today_FF/Tic_Tac_Toe_Forever_Test/bin/Debug/Tic_Tac_Toe_Forever_Test.DLL" adapterTypeName="Microsoft.VisualStudio.TestTools.TestTypes.Unit.UnitTestAdapter, Microsoft.VisualStudio.QualityTools.Tips.UnitTest.Adapter, Version=10.0.0.0, Culture=neutral, PublicKeyToken=b03f5f7f11d50a3a" className="Tic_Tac_Toe_Forever_Test.BoardTest, Tic_Tac_Toe_Forever_Test, Version=1.0.0.0, Culture=neutral, PublicKeyToken=null" name="BoardConstructorTest" />
    </UnitTest>
    <UnitTest name="IsOutofBoundsTest" storage="c:\documents and settings\karthik\desktop\se2 final design\design_last\groupa_tictactoe_today_ff\tic_tac_toe_forever_test\bin\debug\tic_tac_toe_forever_test.dll" id="3813c055-0a11-519d-190b-213c39098af5">
      <Execution id="5860c2a2-9e48-4e23-a000-4d0fb5f99064" />
      <TestMethod codeBase="C:/Documents and Settings/karthik/Desktop/SE2 final design/design_last/GroupA_TicTacToe_Today_FF/Tic_Tac_Toe_Forever_Test/bin/Debug/Tic_Tac_Toe_Forever_Test.DLL" adapterTypeName="Microsoft.VisualStudio.TestTools.TestTypes.Unit.UnitTestAdapter, Microsoft.VisualStudio.QualityTools.Tips.UnitTest.Adapter, Version=10.0.0.0, Culture=neutral, PublicKeyToken=b03f5f7f11d50a3a" className="Tic_Tac_Toe_Forever_Test.BoardTest, Tic_Tac_Toe_Forever_Test, Version=1.0.0.0, Culture=neutral, PublicKeyToken=null" name="IsOutofBoundsTest" />
    </UnitTest>
    <UnitTest name="CreateMementoTest" storage="c:\documents and settings\karthik\desktop\se2 final design\design_last\groupa_tictactoe_today_ff\tic_tac_toe_forever_test\bin\debug\tic_tac_toe_forever_test.dll" id="d79c2ed6-2d87-2c3a-76fd-bad033a309d1">
      <Execution id="60743617-8bde-4c67-b262-2fefdbca6ff6" />
      <TestMethod codeBase="C:/Documents and Settings/karthik/Desktop/SE2 final design/design_last/GroupA_TicTacToe_Today_FF/Tic_Tac_Toe_Forever_Test/bin/Debug/Tic_Tac_Toe_Forever_Test.DLL" adapterTypeName="Microsoft.VisualStudio.TestTools.TestTypes.Unit.UnitTestAdapter, Microsoft.VisualStudio.QualityTools.Tips.UnitTest.Adapter, Version=10.0.0.0, Culture=neutral, PublicKeyToken=b03f5f7f11d50a3a" className="Tic_Tac_Toe_Forever_Test.BoardTest, Tic_Tac_Toe_Forever_Test, Version=1.0.0.0, Culture=neutral, PublicKeyToken=null" name="CreateMementoTest" />
    </UnitTest>
    <UnitTest name="GetCellRectangleTest" storage="c:\documents and settings\karthik\desktop\se2 final design\design_last\groupa_tictactoe_today_ff\tic_tac_toe_forever_test\bin\debug\tic_tac_toe_forever_test.dll" id="883909f7-8fa2-cd70-a42d-9a76f83113b9">
      <DeploymentItems>
        <DeploymentItem filename="GroupA_TicTacToe.exe" />
      </DeploymentItems>
      <Execution id="57b75c03-9556-4178-a639-dcce0ec483ee" />
      <TestMethod codeBase="C:/Documents and Settings/karthik/Desktop/SE2 final design/design_last/GroupA_TicTacToe_Today_FF/Tic_Tac_Toe_Forever_Test/bin/Debug/Tic_Tac_Toe_Forever_Test.DLL" adapterTypeName="Microsoft.VisualStudio.TestTools.TestTypes.Unit.UnitTestAdapter, Microsoft.VisualStudio.QualityTools.Tips.UnitTest.Adapter, Version=10.0.0.0, Culture=neutral, PublicKeyToken=b03f5f7f11d50a3a" className="Tic_Tac_Toe_Forever_Test.BoardTest, Tic_Tac_Toe_Forever_Test, Version=1.0.0.0, Culture=neutral, PublicKeyToken=null" name="GetCellRectangleTest" />
    </UnitTest>
    <UnitTest name="createInstanceTest" storage="c:\documents and settings\karthik\desktop\se2 final design\design_last\groupa_tictactoe_today_ff\tic_tac_toe_forever_test\bin\debug\tic_tac_toe_forever_test.dll" id="1c26784c-0ddc-a16d-f19b-71635342809d">
      <Execution id="7085eda9-f9b2-4432-9f0a-276323331aa0" />
      <TestMethod codeBase="C:/Documents and Settings/karthik/Desktop/SE2 final design/design_last/GroupA_TicTacToe_Today_FF/Tic_Tac_Toe_Forever_Test/bin/Debug/Tic_Tac_Toe_Forever_Test.DLL" adapterTypeName="Microsoft.VisualStudio.TestTools.TestTypes.Unit.UnitTestAdapter, Microsoft.VisualStudio.QualityTools.Tips.UnitTest.Adapter, Version=10.0.0.0, Culture=neutral, PublicKeyToken=b03f5f7f11d50a3a" className="Tic_Tac_Toe_Forever_Test.BoardTest, Tic_Tac_Toe_Forever_Test, Version=1.0.0.0, Culture=neutral, PublicKeyToken=null" name="createInstanceTest" />
    </UnitTest>
    <UnitTest name="BoardSizeTest" storage="c:\documents and settings\karthik\desktop\se2 final design\design_last\groupa_tictactoe_today_ff\tic_tac_toe_forever_test\bin\debug\tic_tac_toe_forever_test.dll" id="66f2ebb5-d38a-d706-8eb7-c5bda61f50a6">
      <Execution id="b8e1416a-6a8d-4621-ba3b-a426ed244190" />
      <TestMethod codeBase="C:/Documents and Settings/karthik/Desktop/SE2 final design/design_last/GroupA_TicTacToe_Today_FF/Tic_Tac_Toe_Forever_Test/bin/Debug/Tic_Tac_Toe_Forever_Test.DLL" adapterTypeName="Microsoft.VisualStudio.TestTools.TestTypes.Unit.UnitTestAdapter, Microsoft.VisualStudio.QualityTools.Tips.UnitTest.Adapter, Version=10.0.0.0, Culture=neutral, PublicKeyToken=b03f5f7f11d50a3a" className="Tic_Tac_Toe_Forever_Test.BoardTest, Tic_Tac_Toe_Forever_Test, Version=1.0.0.0, Culture=neutral, PublicKeyToken=null" name="BoardSizeTest" />
    </UnitTest>
    <UnitTest name="setMementoTest" storage="c:\documents and settings\karthik\desktop\se2 final design\design_last\groupa_tictactoe_today_ff\tic_tac_toe_forever_test\bin\debug\tic_tac_toe_forever_test.dll" id="12e46c41-ca5e-7203-7d91-9ceaeb8372fa">
      <Execution id="4223023f-ea7e-48e9-b213-8fcf75d26af3" />
      <TestMethod codeBase="C:/Documents and Settings/karthik/Desktop/SE2 final design/design_last/GroupA_TicTacToe_Today_FF/Tic_Tac_Toe_Forever_Test/bin/Debug/Tic_Tac_Toe_Forever_Test.DLL" adapterTypeName="Microsoft.VisualStudio.TestTools.TestTypes.Unit.UnitTestAdapter, Microsoft.VisualStudio.QualityTools.Tips.UnitTest.Adapter, Version=10.0.0.0, Culture=neutral, PublicKeyToken=b03f5f7f11d50a3a" className="Tic_Tac_Toe_Forever_Test.BoardTest, Tic_Tac_Toe_Forever_Test, Version=1.0.0.0, Culture=neutral, PublicKeyToken=null" name="setMementoTest" />
    </UnitTest>
  </TestDefinitions>
  <TestLists>
    <TestList name="Results Not in a List" id="8c84fa94-04c1-424b-9868-57a2d4851a1d" />
    <TestList name="All Loaded Results" id="19431567-8539-422a-85d7-44ee4e166bda" />
  </TestLists>
  <TestEntries>
    <TestEntry testId="12e46c41-ca5e-7203-7d91-9ceaeb8372fa" executionId="4223023f-ea7e-48e9-b213-8fcf75d26af3" testListId="8c84fa94-04c1-424b-9868-57a2d4851a1d" />
    <TestEntry testId="1c26784c-0ddc-a16d-f19b-71635342809d" executionId="7085eda9-f9b2-4432-9f0a-276323331aa0" testListId="8c84fa94-04c1-424b-9868-57a2d4851a1d" />
    <TestEntry testId="30c1c89b-fac2-c77e-0b9b-67de1982205c" executionId="751f99f4-5251-41d7-9cf2-ef586955c5dc" testListId="8c84fa94-04c1-424b-9868-57a2d4851a1d" />
    <TestEntry testId="3813c055-0a11-519d-190b-213c39098af5" executionId="5860c2a2-9e48-4e23-a000-4d0fb5f99064" testListId="8c84fa94-04c1-424b-9868-57a2d4851a1d" />
    <TestEntry testId="51821d50-7630-a087-53a5-edde42335604" executionId="9b38dfc8-e781-460d-a393-7401314c1b0e" testListId="8c84fa94-04c1-424b-9868-57a2d4851a1d" />
    <TestEntry testId="536de9da-0066-a64b-878e-599932607ad3" executionId="e37e9645-9b2b-4e9b-a8b1-168a5ff5b781" testListId="8c84fa94-04c1-424b-9868-57a2d4851a1d" />
    <TestEntry testId="60546481-3319-5dad-44b6-fd0b8b42e5c0" executionId="19635cc2-7867-4271-a2eb-5a66e1976b22" testListId="8c84fa94-04c1-424b-9868-57a2d4851a1d" />
    <TestEntry testId="66f2ebb5-d38a-d706-8eb7-c5bda61f50a6" executionId="b8e1416a-6a8d-4621-ba3b-a426ed244190" testListId="8c84fa94-04c1-424b-9868-57a2d4851a1d" />
    <TestEntry testId="6ba15e95-f9ae-f088-948d-f72b9b631689" executionId="4cd894c5-ea49-4435-8b9a-1265aedb12ed" testListId="8c84fa94-04c1-424b-9868-57a2d4851a1d" />
    <TestEntry testId="7b0e2e66-8df2-4a1a-265f-d4dedb3fc894" executionId="b8c73911-1eac-427e-b9e9-9bb3955f5915" testListId="8c84fa94-04c1-424b-9868-57a2d4851a1d" />
    <TestEntry testId="7f6992cd-8434-1750-aa26-57ea7b9d67ea" executionId="b6a55848-567e-4dc5-b944-63c559dac14c" testListId="8c84fa94-04c1-424b-9868-57a2d4851a1d" />
    <TestEntry testId="883909f7-8fa2-cd70-a42d-9a76f83113b9" executionId="57b75c03-9556-4178-a639-dcce0ec483ee" testListId="8c84fa94-04c1-424b-9868-57a2d4851a1d" />
    <TestEntry testId="d79c2ed6-2d87-2c3a-76fd-bad033a309d1" executionId="60743617-8bde-4c67-b262-2fefdbca6ff6" testListId="8c84fa94-04c1-424b-9868-57a2d4851a1d" />
    <TestEntry testId="dbe66929-699e-e618-e12c-3721ef274ba0" executionId="1fccc114-d8df-4533-b483-6dabc60738cb" testListId="8c84fa94-04c1-424b-9868-57a2d4851a1d" />
  </TestEntries>
  <Results>
    <UnitTestResult executionId="4223023f-ea7e-48e9-b213-8fcf75d26af3" testId="12e46c41-ca5e-7203-7d91-9ceaeb8372fa" testName="setMementoTest" computerName="TINKU" duration="00:00:00.0282390" startTime="2012-04-14T00:34:04.1093750-05:00" endTime="2012-04-14T00:34:04.5468750-05:00" testType="13cdc9d9-ddb5-4fa4-a97d-d965ccfc6d4b" outcome="Passed" testListId="8c84fa94-04c1-424b-9868-57a2d4851a1d" relativeResultsDirectory="4223023f-ea7e-48e9-b213-8fcf75d26af3">
    </UnitTestResult>
    <UnitTestResult executionId="7085eda9-f9b2-4432-9f0a-276323331aa0" testId="1c26784c-0ddc-a16d-f19b-71635342809d" testName="createInstanceTest" computerName="TINKU" duration="00:00:00.0005123" startTime="2012-04-14T00:34:04.5468750-05:00" endTime="2012-04-14T00:34:04.5781250-05:00" testType="13cdc9d9-ddb5-4fa4-a97d-d965ccfc6d4b" outcome="Passed" testListId="8c84fa94-04c1-424b-9868-57a2d4851a1d" relativeResultsDirectory="7085eda9-f9b2-4432-9f0a-276323331aa0">
    </UnitTestResult>
    <UnitTestResult executionId="751f99f4-5251-41d7-9cf2-ef586955c5dc" testId="30c1c89b-fac2-c77e-0b9b-67de1982205c" testName="ClearTest" computerName="TINKU" duration="00:00:00.0053185" startTime="2012-04-14T00:34:04.5781250-05:00" endTime="2012-04-14T00:34:04.5937500-05:00" testType="13cdc9d9-ddb5-4fa4-a97d-d965ccfc6d4b" outcome="Passed" testListId="8c84fa94-04c1-424b-9868-57a2d4851a1d" relativeResultsDirectory="751f99f4-5251-41d7-9cf2-ef586955c5dc">
    </UnitTestResult>
    <UnitTestResult executionId="5860c2a2-9e48-4e23-a000-4d0fb5f99064" testId="3813c055-0a11-519d-190b-213c39098af5" testName="IsOutofBoundsTest" computerName="TINKU" duration="00:00:00.0005109" startTime="2012-04-14T00:34:04.5937500-05:00" endTime="2012-04-14T00:34:04.5937500-05:00" testType="13cdc9d9-ddb5-4fa4-a97d-d965ccfc6d4b" outcome="Passed" testListId="8c84fa94-04c1-424b-9868-57a2d4851a1d" relativeResultsDirectory="5860c2a2-9e48-4e23-a000-4d0fb5f99064">
    </UnitTestResult>
    <UnitTestResult executionId="9b38dfc8-e781-460d-a393-7401314c1b0e" testId="51821d50-7630-a087-53a5-edde42335604" testName="GetSymbolRectangleTest" computerName="TINKU" duration="00:00:00.0011805" startTime="2012-04-14T00:34:04.6093750-05:00" endTime="2012-04-14T00:34:04.6093750-05:00" testType="13cdc9d9-ddb5-4fa4-a97d-d965ccfc6d4b" outcome="Passed" testListId="8c84fa94-04c1-424b-9868-57a2d4851a1d" relativeResultsDirectory="9b38dfc8-e781-460d-a393-7401314c1b0e">
    </UnitTestResult>
    <UnitTestResult executionId="e37e9645-9b2b-4e9b-a8b1-168a5ff5b781" testId="536de9da-0066-a64b-878e-599932607ad3" testName="createInstanceTest1" computerName="TINKU" duration="00:00:00.0005710" startTime="2012-04-14T00:34:04.6093750-05:00" endTime="2012-04-14T00:34:04.6250000-05:00" testType="13cdc9d9-ddb5-4fa4-a97d-d965ccfc6d4b" outcome="Passed" testListId="8c84fa94-04c1-424b-9868-57a2d4851a1d" relativeResultsDirectory="e37e9645-9b2b-4e9b-a8b1-168a5ff5b781">
    </UnitTestResult>
    <UnitTestResult executionId="19635cc2-7867-4271-a2eb-5a66e1976b22" testId="60546481-3319-5dad-44b6-fd0b8b42e5c0" testName="CreatePointTest" computerName="TINKU" duration="00:00:00.0059608" startTime="2012-04-14T00:34:04.6250000-05:00" endTime="2012-04-14T00:34:04.6406250-05:00" testType="13cdc9d9-ddb5-4fa4-a97d-d965ccfc6d4b" outcome="Passed" testListId="8c84fa94-04c1-424b-9868-57a2d4851a1d" relativeResultsDirectory="19635cc2-7867-4271-a2eb-5a66e1976b22">
    </UnitTestResult>
    <UnitTestResult executionId="b8e1416a-6a8d-4621-ba3b-a426ed244190" testId="66f2ebb5-d38a-d706-8eb7-c5bda61f50a6" testName="BoardSizeTest" computerName="TINKU" duration="00:00:00.0006453" startTime="2012-04-14T00:34:04.6406250-05:00" endTime="2012-04-14T00:34:04.6562500-05:00" testType="13cdc9d9-ddb5-4fa4-a97d-d965ccfc6d4b" outcome="Passed" testListId="8c84fa94-04c1-424b-9868-57a2d4851a1d" relativeResultsDirectory="b8e1416a-6a8d-4621-ba3b-a426ed244190">
    </UnitTestResult>
    <UnitTestResult executionId="4cd894c5-ea49-4435-8b9a-1265aedb12ed" testId="6ba15e95-f9ae-f088-948d-f72b9b631689" testName="SymbolStoreTest" computerName="TINKU" duration="00:00:00.0029595" startTime="2012-04-14T00:34:04.6718750-05:00" endTime="2012-04-14T00:34:04.6875000-05:00" testType="13cdc9d9-ddb5-4fa4-a97d-d965ccfc6d4b" outcome="Passed" testListId="8c84fa94-04c1-424b-9868-57a2d4851a1d" relativeResultsDirectory="4cd894c5-ea49-4435-8b9a-1265aedb12ed">
    </UnitTestResult>
    <UnitTestResult executionId="b8c73911-1eac-427e-b9e9-9bb3955f5915" testId="7b0e2e66-8df2-4a1a-265f-d4dedb3fc894" testName="GetSymbolTest" computerName="TINKU" duration="00:00:00.0020013" startTime="2012-04-14T00:34:04.6875000-05:00" endTime="2012-04-14T00:34:04.7031250-05:00" testType="13cdc9d9-ddb5-4fa4-a97d-d965ccfc6d4b" outcome="Passed" testListId="8c84fa94-04c1-424b-9868-57a2d4851a1d" relativeResultsDirectory="b8c73911-1eac-427e-b9e9-9bb3955f5915">
    </UnitTestResult>
    <UnitTestResult executionId="b6a55848-567e-4dc5-b944-63c559dac14c" testId="7f6992cd-8434-1750-aa26-57ea7b9d67ea" testName="PutSymbolTest" computerName="TINKU" duration="00:00:00.0005173" startTime="2012-04-14T00:34:04.7031250-05:00" endTime="2012-04-14T00:34:04.7187500-05:00" testType="13cdc9d9-ddb5-4fa4-a97d-d965ccfc6d4b" outcome="Passed" testListId="8c84fa94-04c1-424b-9868-57a2d4851a1d" relativeResultsDirectory="b6a55848-567e-4dc5-b944-63c559dac14c">
    </UnitTestResult>
    <UnitTestResult executionId="57b75c03-9556-4178-a639-dcce0ec483ee" testId="883909f7-8fa2-cd70-a42d-9a76f83113b9" testName="GetCellRectangleTest" computerName="TINKU" duration="00:00:00.0025961" startTime="2012-04-14T00:34:04.7187500-05:00" endTime="2012-04-14T00:34:04.7343750-05:00" testType="13cdc9d9-ddb5-4fa4-a97d-d965ccfc6d4b" outcome="Passed" testListId="8c84fa94-04c1-424b-9868-57a2d4851a1d" relativeResultsDirectory="57b75c03-9556-4178-a639-dcce0ec483ee">
    </UnitTestResult>
    <UnitTestResult executionId="60743617-8bde-4c67-b262-2fefdbca6ff6" testId="d79c2ed6-2d87-2c3a-76fd-bad033a309d1" testName="CreateMementoTest" computerName="TINKU" duration="00:00:00.0005556" startTime="2012-04-14T00:34:04.7343750-05:00" endTime="2012-04-14T00:34:04.7500000-05:00" testType="13cdc9d9-ddb5-4fa4-a97d-d965ccfc6d4b" outcome="Passed" testListId="8c84fa94-04c1-424b-9868-57a2d4851a1d" relativeResultsDirectory="60743617-8bde-4c67-b262-2fefdbca6ff6">
    </UnitTestResult>
    <UnitTestResult executionId="1fccc114-d8df-4533-b483-6dabc60738cb" testId="dbe66929-699e-e618-e12c-3721ef274ba0" testName="BoardConstructorTest" computerName="TINKU" duration="00:00:00.0003877" startTime="2012-04-14T00:34:04.7500000-05:00" endTime="2012-04-14T00:34:04.7656250-05:00" testType="13cdc9d9-ddb5-4fa4-a97d-d965ccfc6d4b" outcome="Passed" testListId="8c84fa94-04c1-424b-9868-57a2d4851a1d" relativeResultsDirectory="1fccc114-d8df-4533-b483-6dabc60738cb">
    </UnitTestResult>
  </Results>
</TestRun>