<?xml version="1.0" encoding="UTF-8"?>
<TestRun id="4836980a-a32f-49b3-8965-c400e14316c3" name="karthik@TINKU 2012-04-14 16:58:31" runUser="TINKU\karthik" xmlns="http://microsoft.com/schemas/VisualStudio/TeamTest/2010">
  <TestSettings name="Local" id="9d9ad90f-45d8-4b5e-971c-2cfcb76f86ad">
    <Description>These are default test settings for a local test run.</Description>
    <Deployment enabled="false" runDeploymentRoot="karthik_TINKU 2012-04-14 16_58_31">
      <DeploymentItem filename="C:\Documents and Settings\karthik\Desktop\SE2 final design\design_last\GroupA_TicTacToe_Today_FF\GroupA_TicTacToe\bin\Debug\GroupA_TicTacToe.exe" />
    </Deployment>
    <Execution>
      <TestTypeSpecific />
      <AgentRule name="Execution Agents">
      </AgentRule>
    </Execution>
  </TestSettings>
  <Times creation="2012-04-14T16:58:31.7031250-05:00" queuing="2012-04-14T16:58:32.9375000-05:00" start="2012-04-14T16:58:33.0000000-05:00" finish="2012-04-14T16:58:36.7031250-05:00" />
  <ResultSummary outcome="Inconclusive">
    <Counters total="35" executed="35" passed="34" error="0" failed="0" timeout="0" aborted="0" inconclusive="1" passedButRunAborted="0" notRunnable="0" notExecuted="0" disconnected="0" warning="0" completed="0" inProgress="0" pending="0" />
    <RunInfos>
      <RunInfo computerName="TINKU" outcome="Warning" timestamp="2012-04-14T16:58:32.9375000-05:00">
        <Text>Deployment is currently disabled. The deployment item 'GroupA_TicTacToe.exe' on test 'ComputerGamesRUS.Game.Test1.MoveHandlerTest.CountCoinTest' was not deployed.</Text>
      </RunInfo>
    </RunInfos>
  </ResultSummary>
  <TestDefinitions>
    <UnitTest name="CountCoinTest" storage="c:\documents and settings\karthik\desktop\se2 final design\design_last\groupa_tictactoe_today_ff\tic_tac_toe_forever_test\bin\debug\tic_tac_toe_forever_test.dll" id="9c0cb698-2881-3296-7c8a-debd20d6bb80">
      <DeploymentItems>
        <DeploymentItem filename="GroupA_TicTacToe.exe" />
      </DeploymentItems>
      <Execution id="5c7d419f-700f-4eb4-97de-7047ee0fbf45" />
      <TestMethod codeBase="C:/Documents and Settings/karthik/Desktop/SE2 final design/design_last/GroupA_TicTacToe_Today_FF/Tic_Tac_Toe_Forever_Test/bin/Debug/Tic_Tac_Toe_Forever_Test.DLL" adapterTypeName="Microsoft.VisualStudio.TestTools.TestTypes.Unit.UnitTestAdapter, Microsoft.VisualStudio.QualityTools.Tips.UnitTest.Adapter, Version=10.0.0.0, Culture=neutral, PublicKeyToken=b03f5f7f11d50a3a" className="ComputerGamesRUS.Game.Test1.MoveHandlerTest, Tic_Tac_Toe_Forever_Test, Version=1.0.0.0, Culture=neutral, PublicKeyToken=null" name="CountCoinTest" />
    </UnitTest>
    <UnitTest name="CalculateStepOneTest1" storage="c:\documents and settings\karthik\desktop\se2 final design\design_last\groupa_tictactoe_today_ff\tic_tac_toe_forever_test\bin\debug\tic_tac_toe_forever_test.dll" id="b745a59d-2445-677f-5ced-c5ad13e91482">
      <Execution id="26991079-da37-486b-bbfa-1c2905317fd5" />
      <TestMethod codeBase="C:/Documents and Settings/karthik/Desktop/SE2 final design/design_last/GroupA_TicTacToe_Today_FF/Tic_Tac_Toe_Forever_Test/bin/Debug/Tic_Tac_Toe_Forever_Test.DLL" adapterTypeName="Microsoft.VisualStudio.TestTools.TestTypes.Unit.UnitTestAdapter, Microsoft.VisualStudio.QualityTools.Tips.UnitTest.Adapter, Version=10.0.0.0, Culture=neutral, PublicKeyToken=b03f5f7f11d50a3a" className="ComputerGamesRUS.Game.Test1.ComputerMoveHandlerTest, Tic_Tac_Toe_Forever_Test, Version=1.0.0.0, Culture=neutral, PublicKeyToken=null" name="CalculateStepOneTest1" />
    </UnitTest>
    <UnitTest name="GetUserSymbolTest" storage="c:\documents and settings\karthik\desktop\se2 final design\design_last\groupa_tictactoe_today_ff\tic_tac_toe_forever_test\bin\debug\tic_tac_toe_forever_test.dll" id="cd0d94ae-8314-52a4-757d-febb6a6a6313">
      <Execution id="3edb52a5-3a99-4808-8d95-60eae5657ee8" />
      <TestMethod codeBase="C:/Documents and Settings/karthik/Desktop/SE2 final design/design_last/GroupA_TicTacToe_Today_FF/Tic_Tac_Toe_Forever_Test/bin/Debug/Tic_Tac_Toe_Forever_Test.DLL" adapterTypeName="Microsoft.VisualStudio.TestTools.TestTypes.Unit.UnitTestAdapter, Microsoft.VisualStudio.QualityTools.Tips.UnitTest.Adapter, Version=10.0.0.0, Culture=neutral, PublicKeyToken=b03f5f7f11d50a3a" className="ComputerGamesRUS.Game.Test1.MoveHandlerTest, Tic_Tac_Toe_Forever_Test, Version=1.0.0.0, Culture=neutral, PublicKeyToken=null" name="GetUserSymbolTest" />
    </UnitTest>
    <UnitTest name="ShowResultTest1" storage="c:\documents and settings\karthik\desktop\se2 final design\design_last\groupa_tictactoe_today_ff\tic_tac_toe_forever_test\bin\debug\tic_tac_toe_forever_test.dll" id="1dedbad8-52ac-87f5-22cb-78e5320f49a2">
      <Execution id="52272b3d-783b-4df7-97ce-dfdcf50ece26" />
      <TestMethod codeBase="C:/Documents and Settings/karthik/Desktop/SE2 final design/design_last/GroupA_TicTacToe_Today_FF/Tic_Tac_Toe_Forever_Test/bin/Debug/Tic_Tac_Toe_Forever_Test.DLL" adapterTypeName="Microsoft.VisualStudio.TestTools.TestTypes.Unit.UnitTestAdapter, Microsoft.VisualStudio.QualityTools.Tips.UnitTest.Adapter, Version=10.0.0.0, Culture=neutral, PublicKeyToken=b03f5f7f11d50a3a" className="Tic_Tac_Toe_Forever_Test.GameViewTest, Tic_Tac_Toe_Forever_Test, Version=1.0.0.0, Culture=neutral, PublicKeyToken=null" name="ShowResultTest1" />
    </UnitTest>
    <UnitTest name="CreateMementoTest" storage="c:\documents and settings\karthik\desktop\se2 final design\design_last\groupa_tictactoe_today_ff\tic_tac_toe_forever_test\bin\debug\tic_tac_toe_forever_test.dll" id="d79c2ed6-2d87-2c3a-76fd-bad033a309d1">
      <Execution id="9f12fa2e-2a82-43d6-849a-8c5bce5d4772" />
      <TestMethod codeBase="C:/Documents and Settings/karthik/Desktop/SE2 final design/design_last/GroupA_TicTacToe_Today_FF/Tic_Tac_Toe_Forever_Test/bin/Debug/Tic_Tac_Toe_Forever_Test.DLL" adapterTypeName="Microsoft.VisualStudio.TestTools.TestTypes.Unit.UnitTestAdapter, Microsoft.VisualStudio.QualityTools.Tips.UnitTest.Adapter, Version=10.0.0.0, Culture=neutral, PublicKeyToken=b03f5f7f11d50a3a" className="Tic_Tac_Toe_Forever_Test.BoardTest, Tic_Tac_Toe_Forever_Test, Version=1.0.0.0, Culture=neutral, PublicKeyToken=null" name="CreateMementoTest" />
    </UnitTest>
    <UnitTest name="SelectBestMoveTest" storage="c:\documents and settings\karthik\desktop\se2 final design\design_last\groupa_tictactoe_today_ff\tic_tac_toe_forever_test\bin\debug\tic_tac_toe_forever_test.dll" id="c388d02c-8193-cb8b-3690-847f35381077">
      <Execution id="638d2ca8-7b28-42a0-ae99-5cb9ba04e48d" />
      <TestMethod codeBase="C:/Documents and Settings/karthik/Desktop/SE2 final design/design_last/GroupA_TicTacToe_Today_FF/Tic_Tac_Toe_Forever_Test/bin/Debug/Tic_Tac_Toe_Forever_Test.DLL" adapterTypeName="Microsoft.VisualStudio.TestTools.TestTypes.Unit.UnitTestAdapter, Microsoft.VisualStudio.QualityTools.Tips.UnitTest.Adapter, Version=10.0.0.0, Culture=neutral, PublicKeyToken=b03f5f7f11d50a3a" className="ComputerGamesRUS.Game.Test1.ComputerMoveHandlerTest, Tic_Tac_Toe_Forever_Test, Version=1.0.0.0, Culture=neutral, PublicKeyToken=null" name="SelectBestMoveTest" />
    </UnitTest>
    <UnitTest name="StepTwoTest" storage="c:\documents and settings\karthik\desktop\se2 final design\design_last\groupa_tictactoe_today_ff\tic_tac_toe_forever_test\bin\debug\tic_tac_toe_forever_test.dll" id="1c2a7aa8-d386-c2d0-9766-9daf802d90ce">
      <DeploymentItems>
        <DeploymentItem filename="GroupA_TicTacToe.exe" />
      </DeploymentItems>
      <Execution id="95576dd5-3bfe-4a1c-9d04-bdc53cb44527" />
      <TestMethod codeBase="C:/Documents and Settings/karthik/Desktop/SE2 final design/design_last/GroupA_TicTacToe_Today_FF/Tic_Tac_Toe_Forever_Test/bin/Debug/Tic_Tac_Toe_Forever_Test.DLL" adapterTypeName="Microsoft.VisualStudio.TestTools.TestTypes.Unit.UnitTestAdapter, Microsoft.VisualStudio.QualityTools.Tips.UnitTest.Adapter, Version=10.0.0.0, Culture=neutral, PublicKeyToken=b03f5f7f11d50a3a" className="ComputerGamesRUS.Game.Test1.ComputerMoveHandlerTest, Tic_Tac_Toe_Forever_Test, Version=1.0.0.0, Culture=neutral, PublicKeyToken=null" name="StepTwoTest" />
    </UnitTest>
    <UnitTest name="createInstanceTest1" storage="c:\documents and settings\karthik\desktop\se2 final design\design_last\groupa_tictactoe_today_ff\tic_tac_toe_forever_test\bin\debug\tic_tac_toe_forever_test.dll" id="536de9da-0066-a64b-878e-599932607ad3">
      <Execution id="3b10a843-87c9-4a8e-8401-d24e4348a95b" />
      <TestMethod codeBase="C:/Documents and Settings/karthik/Desktop/SE2 final design/design_last/GroupA_TicTacToe_Today_FF/Tic_Tac_Toe_Forever_Test/bin/Debug/Tic_Tac_Toe_Forever_Test.DLL" adapterTypeName="Microsoft.VisualStudio.TestTools.TestTypes.Unit.UnitTestAdapter, Microsoft.VisualStudio.QualityTools.Tips.UnitTest.Adapter, Version=10.0.0.0, Culture=neutral, PublicKeyToken=b03f5f7f11d50a3a" className="Tic_Tac_Toe_Forever_Test.BoardTest, Tic_Tac_Toe_Forever_Test, Version=1.0.0.0, Culture=neutral, PublicKeyToken=null" name="createInstanceTest1" />
    </UnitTest>
    <UnitTest name="StepThreeTest" storage="c:\documents and settings\karthik\desktop\se2 final design\design_last\groupa_tictactoe_today_ff\tic_tac_toe_forever_test\bin\debug\tic_tac_toe_forever_test.dll" id="79703a38-2e82-a172-0e42-aaa3e7932553">
      <DeploymentItems>
        <DeploymentItem filename="GroupA_TicTacToe.exe" />
      </DeploymentItems>
      <Execution id="9caca161-76b4-42b0-ad42-5ca447f4ee8d" />
      <TestMethod codeBase="C:/Documents and Settings/karthik/Desktop/SE2 final design/design_last/GroupA_TicTacToe_Today_FF/Tic_Tac_Toe_Forever_Test/bin/Debug/Tic_Tac_Toe_Forever_Test.DLL" adapterTypeName="Microsoft.VisualStudio.TestTools.TestTypes.Unit.UnitTestAdapter, Microsoft.VisualStudio.QualityTools.Tips.UnitTest.Adapter, Version=10.0.0.0, Culture=neutral, PublicKeyToken=b03f5f7f11d50a3a" className="ComputerGamesRUS.Game.Test1.ComputerMoveHandlerTest, Tic_Tac_Toe_Forever_Test, Version=1.0.0.0, Culture=neutral, PublicKeyToken=null" name="StepThreeTest" />
    </UnitTest>
    <UnitTest name="CalculateStepThreeTest" storage="c:\documents and settings\karthik\desktop\se2 final design\design_last\groupa_tictactoe_today_ff\tic_tac_toe_forever_test\bin\debug\tic_tac_toe_forever_test.dll" id="2d11687b-1ea4-73dd-6e6b-e0329669a4d7">
      <Execution id="7a68545b-cac7-43ac-8a14-9db5d382ee5d" />
      <TestMethod codeBase="C:/Documents and Settings/karthik/Desktop/SE2 final design/design_last/GroupA_TicTacToe_Today_FF/Tic_Tac_Toe_Forever_Test/bin/Debug/Tic_Tac_Toe_Forever_Test.DLL" adapterTypeName="Microsoft.VisualStudio.TestTools.TestTypes.Unit.UnitTestAdapter, Microsoft.VisualStudio.QualityTools.Tips.UnitTest.Adapter, Version=10.0.0.0, Culture=neutral, PublicKeyToken=b03f5f7f11d50a3a" className="ComputerGamesRUS.Game.Test1.ComputerMoveHandlerTest, Tic_Tac_Toe_Forever_Test, Version=1.0.0.0, Culture=neutral, PublicKeyToken=null" name="CalculateStepThreeTest" />
    </UnitTest>
    <UnitTest name="ShowResultTest" storage="c:\documents and settings\karthik\desktop\se2 final design\design_last\groupa_tictactoe_today_ff\tic_tac_toe_forever_test\bin\debug\tic_tac_toe_forever_test.dll" id="6daf65b4-05cc-b22b-0762-65fbf9673796">
      <Execution id="54443dbf-be80-48ae-bb77-af986fa40957" />
      <TestMethod codeBase="C:/Documents and Settings/karthik/Desktop/SE2 final design/design_last/GroupA_TicTacToe_Today_FF/Tic_Tac_Toe_Forever_Test/bin/Debug/Tic_Tac_Toe_Forever_Test.DLL" adapterTypeName="Microsoft.VisualStudio.TestTools.TestTypes.Unit.UnitTestAdapter, Microsoft.VisualStudio.QualityTools.Tips.UnitTest.Adapter, Version=10.0.0.0, Culture=neutral, PublicKeyToken=b03f5f7f11d50a3a" className="Tic_Tac_Toe_Forever_Test.GameViewTest, Tic_Tac_Toe_Forever_Test, Version=1.0.0.0, Culture=neutral, PublicKeyToken=null" name="ShowResultTest" />
    </UnitTest>
    <UnitTest name="GetSymbolRectangleTest" storage="c:\documents and settings\karthik\desktop\se2 final design\design_last\groupa_tictactoe_today_ff\tic_tac_toe_forever_test\bin\debug\tic_tac_toe_forever_test.dll" id="51821d50-7630-a087-53a5-edde42335604">
      <DeploymentItems>
        <DeploymentItem filename="GroupA_TicTacToe.exe" />
      </DeploymentItems>
      <Execution id="3d5426b3-48a6-4119-9ee9-a01e9d6ac373" />
      <TestMethod codeBase="C:/Documents and Settings/karthik/Desktop/SE2 final design/design_last/GroupA_TicTacToe_Today_FF/Tic_Tac_Toe_Forever_Test/bin/Debug/Tic_Tac_Toe_Forever_Test.DLL" adapterTypeName="Microsoft.VisualStudio.TestTools.TestTypes.Unit.UnitTestAdapter, Microsoft.VisualStudio.QualityTools.Tips.UnitTest.Adapter, Version=10.0.0.0, Culture=neutral, PublicKeyToken=b03f5f7f11d50a3a" className="Tic_Tac_Toe_Forever_Test.BoardTest, Tic_Tac_Toe_Forever_Test, Version=1.0.0.0, Culture=neutral, PublicKeyToken=null" name="GetSymbolRectangleTest" />
    </UnitTest>
    <UnitTest name="GameViewConstructorTest" storage="c:\documents and settings\karthik\desktop\se2 final design\design_last\groupa_tictactoe_today_ff\tic_tac_toe_forever_test\bin\debug\tic_tac_toe_forever_test.dll" id="acf14757-2e94-1174-a060-2307e62506fd">
      <Execution id="7234ba43-b09e-48a7-86c1-0a58b11e47c7" />
      <TestMethod codeBase="C:/Documents and Settings/karthik/Desktop/SE2 final design/design_last/GroupA_TicTacToe_Today_FF/Tic_Tac_Toe_Forever_Test/bin/Debug/Tic_Tac_Toe_Forever_Test.DLL" adapterTypeName="Microsoft.VisualStudio.TestTools.TestTypes.Unit.UnitTestAdapter, Microsoft.VisualStudio.QualityTools.Tips.UnitTest.Adapter, Version=10.0.0.0, Culture=neutral, PublicKeyToken=b03f5f7f11d50a3a" className="Tic_Tac_Toe_Forever_Test.GameViewTest, Tic_Tac_Toe_Forever_Test, Version=1.0.0.0, Culture=neutral, PublicKeyToken=null" name="GameViewConstructorTest" />
    </UnitTest>
    <UnitTest name="MakeMoveTest" storage="c:\documents and settings\karthik\desktop\se2 final design\design_last\groupa_tictactoe_today_ff\tic_tac_toe_forever_test\bin\debug\tic_tac_toe_forever_test.dll" id="54d8eaf3-c56c-184e-26b5-15196a90c1a8">
      <Execution id="9eab32cd-67df-4218-8b71-7eda83d34b9e" />
      <TestMethod codeBase="C:/Documents and Settings/karthik/Desktop/SE2 final design/design_last/GroupA_TicTacToe_Today_FF/Tic_Tac_Toe_Forever_Test/bin/Debug/Tic_Tac_Toe_Forever_Test.DLL" adapterTypeName="Microsoft.VisualStudio.TestTools.TestTypes.Unit.UnitTestAdapter, Microsoft.VisualStudio.QualityTools.Tips.UnitTest.Adapter, Version=10.0.0.0, Culture=neutral, PublicKeyToken=b03f5f7f11d50a3a" className="ComputerGamesRUS.Game.Test1.ComputerMoveHandlerTest, Tic_Tac_Toe_Forever_Test, Version=1.0.0.0, Culture=neutral, PublicKeyToken=null" name="MakeMoveTest" />
    </UnitTest>
    <UnitTest name="CheckResizeRequiredTest1" storage="c:\documents and settings\karthik\desktop\se2 final design\design_last\groupa_tictactoe_today_ff\tic_tac_toe_forever_test\bin\debug\tic_tac_toe_forever_test.dll" id="f85e73e9-837a-e9be-4813-9179b64879fc">
      <Execution id="a4101d2f-72c8-4dea-8ece-0c0517bd4519" />
      <TestMethod codeBase="C:/Documents and Settings/karthik/Desktop/SE2 final design/design_last/GroupA_TicTacToe_Today_FF/Tic_Tac_Toe_Forever_Test/bin/Debug/Tic_Tac_Toe_Forever_Test.DLL" adapterTypeName="Microsoft.VisualStudio.TestTools.TestTypes.Unit.UnitTestAdapter, Microsoft.VisualStudio.QualityTools.Tips.UnitTest.Adapter, Version=10.0.0.0, Culture=neutral, PublicKeyToken=b03f5f7f11d50a3a" className="Tic_Tac_Toe_Forever_Test.GameManagerTest, Tic_Tac_Toe_Forever_Test, Version=1.0.0.0, Culture=neutral, PublicKeyToken=null" name="CheckResizeRequiredTest1" />
    </UnitTest>
    <UnitTest name="CheckResizeRequiredTest2" storage="c:\documents and settings\karthik\desktop\se2 final design\design_last\groupa_tictactoe_today_ff\tic_tac_toe_forever_test\bin\debug\tic_tac_toe_forever_test.dll" id="9f8ef73a-308d-fac1-564e-e2477fc93b76">
      <Execution id="27155b8a-862e-4220-852b-c7ecb4514810" />
      <TestMethod codeBase="C:/Documents and Settings/karthik/Desktop/SE2 final design/design_last/GroupA_TicTacToe_Today_FF/Tic_Tac_Toe_Forever_Test/bin/Debug/Tic_Tac_Toe_Forever_Test.DLL" adapterTypeName="Microsoft.VisualStudio.TestTools.TestTypes.Unit.UnitTestAdapter, Microsoft.VisualStudio.QualityTools.Tips.UnitTest.Adapter, Version=10.0.0.0, Culture=neutral, PublicKeyToken=b03f5f7f11d50a3a" className="Tic_Tac_Toe_Forever_Test.GameManagerTest, Tic_Tac_Toe_Forever_Test, Version=1.0.0.0, Culture=neutral, PublicKeyToken=null" name="CheckResizeRequiredTest2" />
    </UnitTest>
    <UnitTest name="GetCellRectangleTest" storage="c:\documents and settings\karthik\desktop\se2 final design\design_last\groupa_tictactoe_today_ff\tic_tac_toe_forever_test\bin\debug\tic_tac_toe_forever_test.dll" id="883909f7-8fa2-cd70-a42d-9a76f83113b9">
      <DeploymentItems>
        <DeploymentItem filename="GroupA_TicTacToe.exe" />
      </DeploymentItems>
      <Execution id="2aff099c-afdc-4e16-9ada-16dacbd93295" />
      <TestMethod codeBase="C:/Documents and Settings/karthik/Desktop/SE2 final design/design_last/GroupA_TicTacToe_Today_FF/Tic_Tac_Toe_Forever_Test/bin/Debug/Tic_Tac_Toe_Forever_Test.DLL" adapterTypeName="Microsoft.VisualStudio.TestTools.TestTypes.Unit.UnitTestAdapter, Microsoft.VisualStudio.QualityTools.Tips.UnitTest.Adapter, Version=10.0.0.0, Culture=neutral, PublicKeyToken=b03f5f7f11d50a3a" className="Tic_Tac_Toe_Forever_Test.BoardTest, Tic_Tac_Toe_Forever_Test, Version=1.0.0.0, Culture=neutral, PublicKeyToken=null" name="GetCellRectangleTest" />
    </UnitTest>
    <UnitTest name="createInstanceTest" storage="c:\documents and settings\karthik\desktop\se2 final design\design_last\groupa_tictactoe_today_ff\tic_tac_toe_forever_test\bin\debug\tic_tac_toe_forever_test.dll" id="1c26784c-0ddc-a16d-f19b-71635342809d">
      <Execution id="45f8f074-365c-44d4-b37d-361377f92e8a" />
      <TestMethod codeBase="C:/Documents and Settings/karthik/Desktop/SE2 final design/design_last/GroupA_TicTacToe_Today_FF/Tic_Tac_Toe_Forever_Test/bin/Debug/Tic_Tac_Toe_Forever_Test.DLL" adapterTypeName="Microsoft.VisualStudio.TestTools.TestTypes.Unit.UnitTestAdapter, Microsoft.VisualStudio.QualityTools.Tips.UnitTest.Adapter, Version=10.0.0.0, Culture=neutral, PublicKeyToken=b03f5f7f11d50a3a" className="Tic_Tac_Toe_Forever_Test.BoardTest, Tic_Tac_Toe_Forever_Test, Version=1.0.0.0, Culture=neutral, PublicKeyToken=null" name="createInstanceTest" />
    </UnitTest>
    <UnitTest name="ClearTest" storage="c:\documents and settings\karthik\desktop\se2 final design\design_last\groupa_tictactoe_today_ff\tic_tac_toe_forever_test\bin\debug\tic_tac_toe_forever_test.dll" id="30c1c89b-fac2-c77e-0b9b-67de1982205c">
      <Execution id="5478f63b-fb4e-4306-8114-671dc46d50cb" />
      <TestMethod codeBase="C:/Documents and Settings/karthik/Desktop/SE2 final design/design_last/GroupA_TicTacToe_Today_FF/Tic_Tac_Toe_Forever_Test/bin/Debug/Tic_Tac_Toe_Forever_Test.DLL" adapterTypeName="Microsoft.VisualStudio.TestTools.TestTypes.Unit.UnitTestAdapter, Microsoft.VisualStudio.QualityTools.Tips.UnitTest.Adapter, Version=10.0.0.0, Culture=neutral, PublicKeyToken=b03f5f7f11d50a3a" className="Tic_Tac_Toe_Forever_Test.BoardTest, Tic_Tac_Toe_Forever_Test, Version=1.0.0.0, Culture=neutral, PublicKeyToken=null" name="ClearTest" />
    </UnitTest>
    <UnitTest name="GetSymbolTest" storage="c:\documents and settings\karthik\desktop\se2 final design\design_last\groupa_tictactoe_today_ff\tic_tac_toe_forever_test\bin\debug\tic_tac_toe_forever_test.dll" id="7b0e2e66-8df2-4a1a-265f-d4dedb3fc894">
      <Execution id="ce4bf9a3-19d3-4c67-9c43-fd1555141d21" />
      <TestMethod codeBase="C:/Documents and Settings/karthik/Desktop/SE2 final design/design_last/GroupA_TicTacToe_Today_FF/Tic_Tac_Toe_Forever_Test/bin/Debug/Tic_Tac_Toe_Forever_Test.DLL" adapterTypeName="Microsoft.VisualStudio.TestTools.TestTypes.Unit.UnitTestAdapter, Microsoft.VisualStudio.QualityTools.Tips.UnitTest.Adapter, Version=10.0.0.0, Culture=neutral, PublicKeyToken=b03f5f7f11d50a3a" className="Tic_Tac_Toe_Forever_Test.BoardTest, Tic_Tac_Toe_Forever_Test, Version=1.0.0.0, Culture=neutral, PublicKeyToken=null" name="GetSymbolTest" />
    </UnitTest>
    <UnitTest name="CheckResizeRequiredTest" storage="c:\documents and settings\karthik\desktop\se2 final design\design_last\groupa_tictactoe_today_ff\tic_tac_toe_forever_test\bin\debug\tic_tac_toe_forever_test.dll" id="81e0d52c-2114-14fa-89f0-fbd51f644f03">
      <Execution id="b8c8281f-0b29-49e2-a964-f6b03a0c2587" />
      <TestMethod codeBase="C:/Documents and Settings/karthik/Desktop/SE2 final design/design_last/GroupA_TicTacToe_Today_FF/Tic_Tac_Toe_Forever_Test/bin/Debug/Tic_Tac_Toe_Forever_Test.DLL" adapterTypeName="Microsoft.VisualStudio.TestTools.TestTypes.Unit.UnitTestAdapter, Microsoft.VisualStudio.QualityTools.Tips.UnitTest.Adapter, Version=10.0.0.0, Culture=neutral, PublicKeyToken=b03f5f7f11d50a3a" className="Tic_Tac_Toe_Forever_Test.GameManagerTest, Tic_Tac_Toe_Forever_Test, Version=1.0.0.0, Culture=neutral, PublicKeyToken=null" name="CheckResizeRequiredTest" />
    </UnitTest>
    <UnitTest name="IsOutofBoundsTest" storage="c:\documents and settings\karthik\desktop\se2 final design\design_last\groupa_tictactoe_today_ff\tic_tac_toe_forever_test\bin\debug\tic_tac_toe_forever_test.dll" id="3813c055-0a11-519d-190b-213c39098af5">
      <Execution id="145c7f78-a13b-4b31-ba6e-36528b972af1" />
      <TestMethod codeBase="C:/Documents and Settings/karthik/Desktop/SE2 final design/design_last/GroupA_TicTacToe_Today_FF/Tic_Tac_Toe_Forever_Test/bin/Debug/Tic_Tac_Toe_Forever_Test.DLL" adapterTypeName="Microsoft.VisualStudio.TestTools.TestTypes.Unit.UnitTestAdapter, Microsoft.VisualStudio.QualityTools.Tips.UnitTest.Adapter, Version=10.0.0.0, Culture=neutral, PublicKeyToken=b03f5f7f11d50a3a" className="Tic_Tac_Toe_Forever_Test.BoardTest, Tic_Tac_Toe_Forever_Test, Version=1.0.0.0, Culture=neutral, PublicKeyToken=null" name="IsOutofBoundsTest" />
    </UnitTest>
    <UnitTest name="BoardConstructorTest" storage="c:\documents and settings\karthik\desktop\se2 final design\design_last\groupa_tictactoe_today_ff\tic_tac_toe_forever_test\bin\debug\tic_tac_toe_forever_test.dll" id="dbe66929-699e-e618-e12c-3721ef274ba0">
      <DeploymentItems>
        <DeploymentItem filename="GroupA_TicTacToe.exe" />
      </DeploymentItems>
      <Execution id="d3bfb34f-90ed-4c27-a524-d32980eff350" />
      <TestMethod codeBase="C:/Documents and Settings/karthik/Desktop/SE2 final design/design_last/GroupA_TicTacToe_Today_FF/Tic_Tac_Toe_Forever_Test/bin/Debug/Tic_Tac_Toe_Forever_Test.DLL" adapterTypeName="Microsoft.VisualStudio.TestTools.TestTypes.Unit.UnitTestAdapter, Microsoft.VisualStudio.QualityTools.Tips.UnitTest.Adapter, Version=10.0.0.0, Culture=neutral, PublicKeyToken=b03f5f7f11d50a3a" className="Tic_Tac_Toe_Forever_Test.BoardTest, Tic_Tac_Toe_Forever_Test, Version=1.0.0.0, Culture=neutral, PublicKeyToken=null" name="BoardConstructorTest" />
    </UnitTest>
    <UnitTest name="PutSymbolTest" storage="c:\documents and settings\karthik\desktop\se2 final design\design_last\groupa_tictactoe_today_ff\tic_tac_toe_forever_test\bin\debug\tic_tac_toe_forever_test.dll" id="7f6992cd-8434-1750-aa26-57ea7b9d67ea">
      <Execution id="d2498158-ef60-4d76-a0fa-0cd3768d741a" />
      <TestMethod codeBase="C:/Documents and Settings/karthik/Desktop/SE2 final design/design_last/GroupA_TicTacToe_Today_FF/Tic_Tac_Toe_Forever_Test/bin/Debug/Tic_Tac_Toe_Forever_Test.DLL" adapterTypeName="Microsoft.VisualStudio.TestTools.TestTypes.Unit.UnitTestAdapter, Microsoft.VisualStudio.QualityTools.Tips.UnitTest.Adapter, Version=10.0.0.0, Culture=neutral, PublicKeyToken=b03f5f7f11d50a3a" className="Tic_Tac_Toe_Forever_Test.BoardTest, Tic_Tac_Toe_Forever_Test, Version=1.0.0.0, Culture=neutral, PublicKeyToken=null" name="PutSymbolTest" />
    </UnitTest>
    <UnitTest name="setMementoTest" storage="c:\documents and settings\karthik\desktop\se2 final design\design_last\groupa_tictactoe_today_ff\tic_tac_toe_forever_test\bin\debug\tic_tac_toe_forever_test.dll" id="12e46c41-ca5e-7203-7d91-9ceaeb8372fa">
      <Execution id="bd56e3bc-c106-4bef-ba96-42bf2af22a48" />
      <TestMethod codeBase="C:/Documents and Settings/karthik/Desktop/SE2 final design/design_last/GroupA_TicTacToe_Today_FF/Tic_Tac_Toe_Forever_Test/bin/Debug/Tic_Tac_Toe_Forever_Test.DLL" adapterTypeName="Microsoft.VisualStudio.TestTools.TestTypes.Unit.UnitTestAdapter, Microsoft.VisualStudio.QualityTools.Tips.UnitTest.Adapter, Version=10.0.0.0, Culture=neutral, PublicKeyToken=b03f5f7f11d50a3a" className="Tic_Tac_Toe_Forever_Test.BoardTest, Tic_Tac_Toe_Forever_Test, Version=1.0.0.0, Culture=neutral, PublicKeyToken=null" name="setMementoTest" />
    </UnitTest>
    <UnitTest name="CheckResultTest" storage="c:\documents and settings\karthik\desktop\se2 final design\design_last\groupa_tictactoe_today_ff\tic_tac_toe_forever_test\bin\debug\tic_tac_toe_forever_test.dll" id="024ac99d-0c07-622a-5934-0d5cfd6ece39">
      <Execution id="ab009f47-208c-48b2-90ea-978d21a51382" />
      <TestMethod codeBase="C:/Documents and Settings/karthik/Desktop/SE2 final design/design_last/GroupA_TicTacToe_Today_FF/Tic_Tac_Toe_Forever_Test/bin/Debug/Tic_Tac_Toe_Forever_Test.DLL" adapterTypeName="Microsoft.VisualStudio.TestTools.TestTypes.Unit.UnitTestAdapter, Microsoft.VisualStudio.QualityTools.Tips.UnitTest.Adapter, Version=10.0.0.0, Culture=neutral, PublicKeyToken=b03f5f7f11d50a3a" className="ComputerGamesRUS.Game.Test1.MoveHandlerTest, Tic_Tac_Toe_Forever_Test, Version=1.0.0.0, Culture=neutral, PublicKeyToken=null" name="CheckResultTest" />
    </UnitTest>
    <UnitTest name="CreatePointTest" storage="c:\documents and settings\karthik\desktop\se2 final design\design_last\groupa_tictactoe_today_ff\tic_tac_toe_forever_test\bin\debug\tic_tac_toe_forever_test.dll" id="60546481-3319-5dad-44b6-fd0b8b42e5c0">
      <Execution id="6c3eef6b-0ffd-4a7c-8e12-ca17f2ba6f65" />
      <TestMethod codeBase="C:/Documents and Settings/karthik/Desktop/SE2 final design/design_last/GroupA_TicTacToe_Today_FF/Tic_Tac_Toe_Forever_Test/bin/Debug/Tic_Tac_Toe_Forever_Test.DLL" adapterTypeName="Microsoft.VisualStudio.TestTools.TestTypes.Unit.UnitTestAdapter, Microsoft.VisualStudio.QualityTools.Tips.UnitTest.Adapter, Version=10.0.0.0, Culture=neutral, PublicKeyToken=b03f5f7f11d50a3a" className="Tic_Tac_Toe_Forever_Test.BoardTest, Tic_Tac_Toe_Forever_Test, Version=1.0.0.0, Culture=neutral, PublicKeyToken=null" name="CreatePointTest" />
    </UnitTest>
    <UnitTest name="ResizeBoardTest" storage="c:\documents and settings\karthik\desktop\se2 final design\design_last\groupa_tictactoe_today_ff\tic_tac_toe_forever_test\bin\debug\tic_tac_toe_forever_test.dll" id="a6459b04-f67c-73d5-d726-12e903f80422">
      <DeploymentItems>
        <DeploymentItem filename="GroupA_TicTacToe.exe" />
      </DeploymentItems>
      <Execution id="4fd9fb57-c10a-47dd-9371-ad71ff58a8a2" />
      <TestMethod codeBase="C:/Documents and Settings/karthik/Desktop/SE2 final design/design_last/GroupA_TicTacToe_Today_FF/Tic_Tac_Toe_Forever_Test/bin/Debug/Tic_Tac_Toe_Forever_Test.DLL" adapterTypeName="Microsoft.VisualStudio.TestTools.TestTypes.Unit.UnitTestAdapter, Microsoft.VisualStudio.QualityTools.Tips.UnitTest.Adapter, Version=10.0.0.0, Culture=neutral, PublicKeyToken=b03f5f7f11d50a3a" className="Tic_Tac_Toe_Forever_Test.GameManagerTest, Tic_Tac_Toe_Forever_Test, Version=1.0.0.0, Culture=neutral, PublicKeyToken=null" name="ResizeBoardTest" />
    </UnitTest>
    <UnitTest name="CalculateStepOneTest" storage="c:\documents and settings\karthik\desktop\se2 final design\design_last\groupa_tictactoe_today_ff\tic_tac_toe_forever_test\bin\debug\tic_tac_toe_forever_test.dll" id="7c18b437-1eaf-293e-0176-96a9653c693e">
      <Execution id="6d668b99-3b61-4153-91d2-1c74723a8b81" />
      <TestMethod codeBase="C:/Documents and Settings/karthik/Desktop/SE2 final design/design_last/GroupA_TicTacToe_Today_FF/Tic_Tac_Toe_Forever_Test/bin/Debug/Tic_Tac_Toe_Forever_Test.DLL" adapterTypeName="Microsoft.VisualStudio.TestTools.TestTypes.Unit.UnitTestAdapter, Microsoft.VisualStudio.QualityTools.Tips.UnitTest.Adapter, Version=10.0.0.0, Culture=neutral, PublicKeyToken=b03f5f7f11d50a3a" className="ComputerGamesRUS.Game.Test1.ComputerMoveHandlerTest, Tic_Tac_Toe_Forever_Test, Version=1.0.0.0, Culture=neutral, PublicKeyToken=null" name="CalculateStepOneTest" />
    </UnitTest>
    <UnitTest name="SymbolStoreTest" storage="c:\documents and settings\karthik\desktop\se2 final design\design_last\groupa_tictactoe_today_ff\tic_tac_toe_forever_test\bin\debug\tic_tac_toe_forever_test.dll" id="6ba15e95-f9ae-f088-948d-f72b9b631689">
      <Execution id="4068520c-1e35-446b-9183-82e1c44a7899" />
      <TestMethod codeBase="C:/Documents and Settings/karthik/Desktop/SE2 final design/design_last/GroupA_TicTacToe_Today_FF/Tic_Tac_Toe_Forever_Test/bin/Debug/Tic_Tac_Toe_Forever_Test.DLL" adapterTypeName="Microsoft.VisualStudio.TestTools.TestTypes.Unit.UnitTestAdapter, Microsoft.VisualStudio.QualityTools.Tips.UnitTest.Adapter, Version=10.0.0.0, Culture=neutral, PublicKeyToken=b03f5f7f11d50a3a" className="Tic_Tac_Toe_Forever_Test.BoardTest, Tic_Tac_Toe_Forever_Test, Version=1.0.0.0, Culture=neutral, PublicKeyToken=null" name="SymbolStoreTest" />
    </UnitTest>
    <UnitTest name="IsOutofBoundsTest1" storage="c:\documents and settings\karthik\desktop\se2 final design\design_last\groupa_tictactoe_today_ff\tic_tac_toe_forever_test\bin\debug\tic_tac_toe_forever_test.dll" id="bddeeba6-943b-2407-ff81-317c22673db4">
      <Execution id="8f6f84ea-7a69-4192-8d16-f7bb9fed8e2d" />
      <TestMethod codeBase="C:/Documents and Settings/karthik/Desktop/SE2 final design/design_last/GroupA_TicTacToe_Today_FF/Tic_Tac_Toe_Forever_Test/bin/Debug/Tic_Tac_Toe_Forever_Test.DLL" adapterTypeName="Microsoft.VisualStudio.TestTools.TestTypes.Unit.UnitTestAdapter, Microsoft.VisualStudio.QualityTools.Tips.UnitTest.Adapter, Version=10.0.0.0, Culture=neutral, PublicKeyToken=b03f5f7f11d50a3a" className="Tic_Tac_Toe_Forever_Test.BoardTest, Tic_Tac_Toe_Forever_Test, Version=1.0.0.0, Culture=neutral, PublicKeyToken=null" name="IsOutofBoundsTest1" />
    </UnitTest>
    <UnitTest name="StepOneTest" storage="c:\documents and settings\karthik\desktop\se2 final design\design_last\groupa_tictactoe_today_ff\tic_tac_toe_forever_test\bin\debug\tic_tac_toe_forever_test.dll" id="ad3ca581-932d-56e7-cd6a-26682ca3a236">
      <Execution id="f020a3cb-e562-4cec-b6f6-9a150f976ba0" />
      <TestMethod codeBase="C:/Documents and Settings/karthik/Desktop/SE2 final design/design_last/GroupA_TicTacToe_Today_FF/Tic_Tac_Toe_Forever_Test/bin/Debug/Tic_Tac_Toe_Forever_Test.DLL" adapterTypeName="Microsoft.VisualStudio.TestTools.TestTypes.Unit.UnitTestAdapter, Microsoft.VisualStudio.QualityTools.Tips.UnitTest.Adapter, Version=10.0.0.0, Culture=neutral, PublicKeyToken=b03f5f7f11d50a3a" className="ComputerGamesRUS.Game.Test1.ComputerMoveHandlerTest, Tic_Tac_Toe_Forever_Test, Version=1.0.0.0, Culture=neutral, PublicKeyToken=null" name="StepOneTest" />
    </UnitTest>
    <UnitTest name="ShowInstructionTest" storage="c:\documents and settings\karthik\desktop\se2 final design\design_last\groupa_tictactoe_today_ff\tic_tac_toe_forever_test\bin\debug\tic_tac_toe_forever_test.dll" id="b5975cca-4ea0-1de8-dc3c-80a1bc046cd5">
      <Execution id="a3511d72-517c-4316-95c3-5f112edefd65" />
      <TestMethod codeBase="C:/Documents and Settings/karthik/Desktop/SE2 final design/design_last/GroupA_TicTacToe_Today_FF/Tic_Tac_Toe_Forever_Test/bin/Debug/Tic_Tac_Toe_Forever_Test.DLL" adapterTypeName="Microsoft.VisualStudio.TestTools.TestTypes.Unit.UnitTestAdapter, Microsoft.VisualStudio.QualityTools.Tips.UnitTest.Adapter, Version=10.0.0.0, Culture=neutral, PublicKeyToken=b03f5f7f11d50a3a" className="Tic_Tac_Toe_Forever_Test.GameViewTest, Tic_Tac_Toe_Forever_Test, Version=1.0.0.0, Culture=neutral, PublicKeyToken=null" name="ShowInstructionTest" />
    </UnitTest>
    <UnitTest name="CalculateStepTwoTest" storage="c:\documents and settings\karthik\desktop\se2 final design\design_last\groupa_tictactoe_today_ff\tic_tac_toe_forever_test\bin\debug\tic_tac_toe_forever_test.dll" id="724c9823-88d2-6bf0-4ae5-f63978fe9141">
      <Execution id="b36ee69f-92b6-4db2-97f3-00bb9be405fe" />
      <TestMethod codeBase="C:/Documents and Settings/karthik/Desktop/SE2 final design/design_last/GroupA_TicTacToe_Today_FF/Tic_Tac_Toe_Forever_Test/bin/Debug/Tic_Tac_Toe_Forever_Test.DLL" adapterTypeName="Microsoft.VisualStudio.TestTools.TestTypes.Unit.UnitTestAdapter, Microsoft.VisualStudio.QualityTools.Tips.UnitTest.Adapter, Version=10.0.0.0, Culture=neutral, PublicKeyToken=b03f5f7f11d50a3a" className="ComputerGamesRUS.Game.Test1.ComputerMoveHandlerTest, Tic_Tac_Toe_Forever_Test, Version=1.0.0.0, Culture=neutral, PublicKeyToken=null" name="CalculateStepTwoTest" />
    </UnitTest>
    <UnitTest name="BoardSizeTest" storage="c:\documents and settings\karthik\desktop\se2 final design\design_last\groupa_tictactoe_today_ff\tic_tac_toe_forever_test\bin\debug\tic_tac_toe_forever_test.dll" id="66f2ebb5-d38a-d706-8eb7-c5bda61f50a6">
      <Execution id="9e9dd47c-b211-4c8e-9b2d-f11a25372a29" />
      <TestMethod codeBase="C:/Documents and Settings/karthik/Desktop/SE2 final design/design_last/GroupA_TicTacToe_Today_FF/Tic_Tac_Toe_Forever_Test/bin/Debug/Tic_Tac_Toe_Forever_Test.DLL" adapterTypeName="Microsoft.VisualStudio.TestTools.TestTypes.Unit.UnitTestAdapter, Microsoft.VisualStudio.QualityTools.Tips.UnitTest.Adapter, Version=10.0.0.0, Culture=neutral, PublicKeyToken=b03f5f7f11d50a3a" className="Tic_Tac_Toe_Forever_Test.BoardTest, Tic_Tac_Toe_Forever_Test, Version=1.0.0.0, Culture=neutral, PublicKeyToken=null" name="BoardSizeTest" />
    </UnitTest>
  </TestDefinitions>
  <TestLists>
    <TestList name="Results Not in a List" id="8c84fa94-04c1-424b-9868-57a2d4851a1d" />
    <TestList name="All Loaded Results" id="19431567-8539-422a-85d7-44ee4e166bda" />
  </TestLists>
  <TestEntries>
    <TestEntry testId="883909f7-8fa2-cd70-a42d-9a76f83113b9" executionId="2aff099c-afdc-4e16-9ada-16dacbd93295" testListId="8c84fa94-04c1-424b-9868-57a2d4851a1d" />
    <TestEntry testId="7f6992cd-8434-1750-aa26-57ea7b9d67ea" executionId="d2498158-ef60-4d76-a0fa-0cd3768d741a" testListId="8c84fa94-04c1-424b-9868-57a2d4851a1d" />
    <TestEntry testId="81e0d52c-2114-14fa-89f0-fbd51f644f03" executionId="b8c8281f-0b29-49e2-a964-f6b03a0c2587" testListId="8c84fa94-04c1-424b-9868-57a2d4851a1d" />
    <TestEntry testId="6daf65b4-05cc-b22b-0762-65fbf9673796" executionId="54443dbf-be80-48ae-bb77-af986fa40957" testListId="8c84fa94-04c1-424b-9868-57a2d4851a1d" />
    <TestEntry testId="3813c055-0a11-519d-190b-213c39098af5" executionId="145c7f78-a13b-4b31-ba6e-36528b972af1" testListId="8c84fa94-04c1-424b-9868-57a2d4851a1d" />
    <TestEntry testId="2d11687b-1ea4-73dd-6e6b-e0329669a4d7" executionId="7a68545b-cac7-43ac-8a14-9db5d382ee5d" testListId="8c84fa94-04c1-424b-9868-57a2d4851a1d" />
    <TestEntry testId="ad3ca581-932d-56e7-cd6a-26682ca3a236" executionId="f020a3cb-e562-4cec-b6f6-9a150f976ba0" testListId="8c84fa94-04c1-424b-9868-57a2d4851a1d" />
    <TestEntry testId="7c18b437-1eaf-293e-0176-96a9653c693e" executionId="6d668b99-3b61-4153-91d2-1c74723a8b81" testListId="8c84fa94-04c1-424b-9868-57a2d4851a1d" />
    <TestEntry testId="7b0e2e66-8df2-4a1a-265f-d4dedb3fc894" executionId="ce4bf9a3-19d3-4c67-9c43-fd1555141d21" testListId="8c84fa94-04c1-424b-9868-57a2d4851a1d" />
    <TestEntry testId="1c26784c-0ddc-a16d-f19b-71635342809d" executionId="45f8f074-365c-44d4-b37d-361377f92e8a" testListId="8c84fa94-04c1-424b-9868-57a2d4851a1d" />
    <TestEntry testId="9f8ef73a-308d-fac1-564e-e2477fc93b76" executionId="27155b8a-862e-4220-852b-c7ecb4514810" testListId="8c84fa94-04c1-424b-9868-57a2d4851a1d" />
    <TestEntry testId="51821d50-7630-a087-53a5-edde42335604" executionId="3d5426b3-48a6-4119-9ee9-a01e9d6ac373" testListId="8c84fa94-04c1-424b-9868-57a2d4851a1d" />
    <TestEntry testId="12e46c41-ca5e-7203-7d91-9ceaeb8372fa" executionId="bd56e3bc-c106-4bef-ba96-42bf2af22a48" testListId="8c84fa94-04c1-424b-9868-57a2d4851a1d" />
    <TestEntry testId="a6459b04-f67c-73d5-d726-12e903f80422" executionId="4fd9fb57-c10a-47dd-9371-ad71ff58a8a2" testListId="8c84fa94-04c1-424b-9868-57a2d4851a1d" />
    <TestEntry testId="6ba15e95-f9ae-f088-948d-f72b9b631689" executionId="4068520c-1e35-446b-9183-82e1c44a7899" testListId="8c84fa94-04c1-424b-9868-57a2d4851a1d" />
    <TestEntry testId="1dedbad8-52ac-87f5-22cb-78e5320f49a2" executionId="52272b3d-783b-4df7-97ce-dfdcf50ece26" testListId="8c84fa94-04c1-424b-9868-57a2d4851a1d" />
    <TestEntry testId="60546481-3319-5dad-44b6-fd0b8b42e5c0" executionId="6c3eef6b-0ffd-4a7c-8e12-ca17f2ba6f65" testListId="8c84fa94-04c1-424b-9868-57a2d4851a1d" />
    <TestEntry testId="bddeeba6-943b-2407-ff81-317c22673db4" executionId="8f6f84ea-7a69-4192-8d16-f7bb9fed8e2d" testListId="8c84fa94-04c1-424b-9868-57a2d4851a1d" />
    <TestEntry testId="f85e73e9-837a-e9be-4813-9179b64879fc" executionId="a4101d2f-72c8-4dea-8ece-0c0517bd4519" testListId="8c84fa94-04c1-424b-9868-57a2d4851a1d" />
    <TestEntry testId="dbe66929-699e-e618-e12c-3721ef274ba0" executionId="d3bfb34f-90ed-4c27-a524-d32980eff350" testListId="8c84fa94-04c1-424b-9868-57a2d4851a1d" />
    <TestEntry testId="536de9da-0066-a64b-878e-599932607ad3" executionId="3b10a843-87c9-4a8e-8401-d24e4348a95b" testListId="8c84fa94-04c1-424b-9868-57a2d4851a1d" />
    <TestEntry testId="1c2a7aa8-d386-c2d0-9766-9daf802d90ce" executionId="95576dd5-3bfe-4a1c-9d04-bdc53cb44527" testListId="8c84fa94-04c1-424b-9868-57a2d4851a1d" />
    <TestEntry testId="024ac99d-0c07-622a-5934-0d5cfd6ece39" executionId="ab009f47-208c-48b2-90ea-978d21a51382" testListId="8c84fa94-04c1-424b-9868-57a2d4851a1d" />
    <TestEntry testId="b745a59d-2445-677f-5ced-c5ad13e91482" executionId="26991079-da37-486b-bbfa-1c2905317fd5" testListId="8c84fa94-04c1-424b-9868-57a2d4851a1d" />
    <TestEntry testId="cd0d94ae-8314-52a4-757d-febb6a6a6313" executionId="3edb52a5-3a99-4808-8d95-60eae5657ee8" testListId="8c84fa94-04c1-424b-9868-57a2d4851a1d" />
    <TestEntry testId="9c0cb698-2881-3296-7c8a-debd20d6bb80" executionId="5c7d419f-700f-4eb4-97de-7047ee0fbf45" testListId="8c84fa94-04c1-424b-9868-57a2d4851a1d" />
    <TestEntry testId="54d8eaf3-c56c-184e-26b5-15196a90c1a8" executionId="9eab32cd-67df-4218-8b71-7eda83d34b9e" testListId="8c84fa94-04c1-424b-9868-57a2d4851a1d" />
    <TestEntry testId="724c9823-88d2-6bf0-4ae5-f63978fe9141" executionId="b36ee69f-92b6-4db2-97f3-00bb9be405fe" testListId="8c84fa94-04c1-424b-9868-57a2d4851a1d" />
    <TestEntry testId="79703a38-2e82-a172-0e42-aaa3e7932553" executionId="9caca161-76b4-42b0-ad42-5ca447f4ee8d" testListId="8c84fa94-04c1-424b-9868-57a2d4851a1d" />
    <TestEntry testId="acf14757-2e94-1174-a060-2307e62506fd" executionId="7234ba43-b09e-48a7-86c1-0a58b11e47c7" testListId="8c84fa94-04c1-424b-9868-57a2d4851a1d" />
    <TestEntry testId="66f2ebb5-d38a-d706-8eb7-c5bda61f50a6" executionId="9e9dd47c-b211-4c8e-9b2d-f11a25372a29" testListId="8c84fa94-04c1-424b-9868-57a2d4851a1d" />
    <TestEntry testId="30c1c89b-fac2-c77e-0b9b-67de1982205c" executionId="5478f63b-fb4e-4306-8114-671dc46d50cb" testListId="8c84fa94-04c1-424b-9868-57a2d4851a1d" />
    <TestEntry testId="c388d02c-8193-cb8b-3690-847f35381077" executionId="638d2ca8-7b28-42a0-ae99-5cb9ba04e48d" testListId="8c84fa94-04c1-424b-9868-57a2d4851a1d" />
    <TestEntry testId="b5975cca-4ea0-1de8-dc3c-80a1bc046cd5" executionId="a3511d72-517c-4316-95c3-5f112edefd65" testListId="8c84fa94-04c1-424b-9868-57a2d4851a1d" />
    <TestEntry testId="d79c2ed6-2d87-2c3a-76fd-bad033a309d1" executionId="9f12fa2e-2a82-43d6-849a-8c5bce5d4772" testListId="8c84fa94-04c1-424b-9868-57a2d4851a1d" />
  </TestEntries>
  <Results>
    <UnitTestResult executionId="2aff099c-afdc-4e16-9ada-16dacbd93295" testId="883909f7-8fa2-cd70-a42d-9a76f83113b9" testName="GetCellRectangleTest" computerName="TINKU" duration="00:00:00.0332533" startTime="2012-04-14T16:58:33.0000000-05:00" endTime="2012-04-14T16:58:33.4218750-05:00" testType="13cdc9d9-ddb5-4fa4-a97d-d965ccfc6d4b" outcome="Passed" testListId="8c84fa94-04c1-424b-9868-57a2d4851a1d" relativeResultsDirectory="2aff099c-afdc-4e16-9ada-16dacbd93295">
    </UnitTestResult>
    <UnitTestResult executionId="d2498158-ef60-4d76-a0fa-0cd3768d741a" testId="7f6992cd-8434-1750-aa26-57ea7b9d67ea" testName="PutSymbolTest" computerName="TINKU" duration="00:00:00.0052417" startTime="2012-04-14T16:58:33.4375000-05:00" endTime="2012-04-14T16:58:33.4531250-05:00" testType="13cdc9d9-ddb5-4fa4-a97d-d965ccfc6d4b" outcome="Passed" testListId="8c84fa94-04c1-424b-9868-57a2d4851a1d" relativeResultsDirectory="d2498158-ef60-4d76-a0fa-0cd3768d741a">
    </UnitTestResult>
    <UnitTestResult executionId="b8c8281f-0b29-49e2-a964-f6b03a0c2587" testId="81e0d52c-2114-14fa-89f0-fbd51f644f03" testName="CheckResizeRequiredTest" computerName="TINKU" duration="00:00:00.0124566" startTime="2012-04-14T16:58:33.4531250-05:00" endTime="2012-04-14T16:58:33.4687500-05:00" testType="13cdc9d9-ddb5-4fa4-a97d-d965ccfc6d4b" outcome="Passed" testListId="8c84fa94-04c1-424b-9868-57a2d4851a1d" relativeResultsDirectory="b8c8281f-0b29-49e2-a964-f6b03a0c2587">
    </UnitTestResult>
    <UnitTestResult executionId="54443dbf-be80-48ae-bb77-af986fa40957" testId="6daf65b4-05cc-b22b-0762-65fbf9673796" testName="ShowResultTest" computerName="TINKU" duration="00:00:02.1510546" startTime="2012-04-14T16:58:33.4687500-05:00" endTime="2012-04-14T16:58:35.6250000-05:00" testType="13cdc9d9-ddb5-4fa4-a97d-d965ccfc6d4b" outcome="Passed" testListId="8c84fa94-04c1-424b-9868-57a2d4851a1d" relativeResultsDirectory="54443dbf-be80-48ae-bb77-af986fa40957">
    </UnitTestResult>
    <UnitTestResult executionId="145c7f78-a13b-4b31-ba6e-36528b972af1" testId="3813c055-0a11-519d-190b-213c39098af5" testName="IsOutofBoundsTest" computerName="TINKU" duration="00:00:00.0004377" startTime="2012-04-14T16:58:35.6406250-05:00" endTime="2012-04-14T16:58:35.6406250-05:00" testType="13cdc9d9-ddb5-4fa4-a97d-d965ccfc6d4b" outcome="Passed" testListId="8c84fa94-04c1-424b-9868-57a2d4851a1d" relativeResultsDirectory="145c7f78-a13b-4b31-ba6e-36528b972af1">
    </UnitTestResult>
    <UnitTestResult executionId="7a68545b-cac7-43ac-8a14-9db5d382ee5d" testId="2d11687b-1ea4-73dd-6e6b-e0329669a4d7" testName="CalculateStepThreeTest" computerName="TINKU" duration="00:00:00.0097733" startTime="2012-04-14T16:58:35.6406250-05:00" endTime="2012-04-14T16:58:35.6718750-05:00" testType="13cdc9d9-ddb5-4fa4-a97d-d965ccfc6d4b" outcome="Inconclusive" testListId="8c84fa94-04c1-424b-9868-57a2d4851a1d" relativeResultsDirectory="7a68545b-cac7-43ac-8a14-9db5d382ee5d">
      <Output>
        <ErrorInfo>
          <Message>Assert.Inconclusive failed. Value returned based on the formula</Message>
          <StackTrace>   at ComputerGamesRUS.Game.Test1.ComputerMoveHandlerTest.CalculateStepThreeTest() in C:\Documents and Settings\karthik\Desktop\SE2 final design\design_last\GroupA_TicTacToe_Today_FF\Tic_Tac_Toe_Forever_Test\ComputerMoveHandlerTest.cs:line 87
</StackTrace>
        </ErrorInfo>
      </Output>
    </UnitTestResult>
    <UnitTestResult executionId="f020a3cb-e562-4cec-b6f6-9a150f976ba0" testId="ad3ca581-932d-56e7-cd6a-26682ca3a236" testName="StepOneTest" computerName="TINKU" duration="00:00:00.0078875" startTime="2012-04-14T16:58:35.6718750-05:00" endTime="2012-04-14T16:58:35.6875000-05:00" testType="13cdc9d9-ddb5-4fa4-a97d-d965ccfc6d4b" outcome="Passed" testListId="8c84fa94-04c1-424b-9868-57a2d4851a1d" relativeResultsDirectory="f020a3cb-e562-4cec-b6f6-9a150f976ba0">
    </UnitTestResult>
    <UnitTestResult executionId="6d668b99-3b61-4153-91d2-1c74723a8b81" testId="7c18b437-1eaf-293e-0176-96a9653c693e" testName="CalculateStepOneTest" computerName="TINKU" duration="00:00:00.0005198" startTime="2012-04-14T16:58:35.6875000-05:00" endTime="2012-04-14T16:58:35.7031250-05:00" testType="13cdc9d9-ddb5-4fa4-a97d-d965ccfc6d4b" outcome="Passed" testListId="8c84fa94-04c1-424b-9868-57a2d4851a1d" relativeResultsDirectory="6d668b99-3b61-4153-91d2-1c74723a8b81">
    </UnitTestResult>
    <UnitTestResult executionId="ce4bf9a3-19d3-4c67-9c43-fd1555141d21" testId="7b0e2e66-8df2-4a1a-265f-d4dedb3fc894" testName="GetSymbolTest" computerName="TINKU" duration="00:00:00.0004609" startTime="2012-04-14T16:58:35.7031250-05:00" endTime="2012-04-14T16:58:35.7031250-05:00" testType="13cdc9d9-ddb5-4fa4-a97d-d965ccfc6d4b" outcome="Passed" testListId="8c84fa94-04c1-424b-9868-57a2d4851a1d" relativeResultsDirectory="ce4bf9a3-19d3-4c67-9c43-fd1555141d21">
    </UnitTestResult>
    <UnitTestResult executionId="45f8f074-365c-44d4-b37d-361377f92e8a" testId="1c26784c-0ddc-a16d-f19b-71635342809d" testName="createInstanceTest" computerName="TINKU" duration="00:00:00.0003553" startTime="2012-04-14T16:58:35.7187500-05:00" endTime="2012-04-14T16:58:35.7187500-05:00" testType="13cdc9d9-ddb5-4fa4-a97d-d965ccfc6d4b" outcome="Passed" testListId="8c84fa94-04c1-424b-9868-57a2d4851a1d" relativeResultsDirectory="45f8f074-365c-44d4-b37d-361377f92e8a">
    </UnitTestResult>
    <UnitTestResult executionId="27155b8a-862e-4220-852b-c7ecb4514810" testId="9f8ef73a-308d-fac1-564e-e2477fc93b76" testName="CheckResizeRequiredTest2" computerName="TINKU" duration="00:00:00.0020661" startTime="2012-04-14T16:58:35.7187500-05:00" endTime="2012-04-14T16:58:35.7500000-05:00" testType="13cdc9d9-ddb5-4fa4-a97d-d965ccfc6d4b" outcome="Passed" testListId="8c84fa94-04c1-424b-9868-57a2d4851a1d" relativeResultsDirectory="27155b8a-862e-4220-852b-c7ecb4514810">
    </UnitTestResult>
    <UnitTestResult executionId="3d5426b3-48a6-4119-9ee9-a01e9d6ac373" testId="51821d50-7630-a087-53a5-edde42335604" testName="GetSymbolRectangleTest" computerName="TINKU" duration="00:00:00.0007744" startTime="2012-04-14T16:58:35.7500000-05:00" endTime="2012-04-14T16:58:35.7656250-05:00" testType="13cdc9d9-ddb5-4fa4-a97d-d965ccfc6d4b" outcome="Passed" testListId="8c84fa94-04c1-424b-9868-57a2d4851a1d" relativeResultsDirectory="3d5426b3-48a6-4119-9ee9-a01e9d6ac373">
    </UnitTestResult>
    <UnitTestResult executionId="bd56e3bc-c106-4bef-ba96-42bf2af22a48" testId="12e46c41-ca5e-7203-7d91-9ceaeb8372fa" testName="setMementoTest" computerName="TINKU" duration="00:00:00.0012836" startTime="2012-04-14T16:58:35.7656250-05:00" endTime="2012-04-14T16:58:35.7812500-05:00" testType="13cdc9d9-ddb5-4fa4-a97d-d965ccfc6d4b" outcome="Passed" testListId="8c84fa94-04c1-424b-9868-57a2d4851a1d" relativeResultsDirectory="bd56e3bc-c106-4bef-ba96-42bf2af22a48">
    </UnitTestResult>
    <UnitTestResult executionId="4fd9fb57-c10a-47dd-9371-ad71ff58a8a2" testId="a6459b04-f67c-73d5-d726-12e903f80422" testName="ResizeBoardTest" computerName="TINKU" duration="00:00:00.0040248" startTime="2012-04-14T16:58:35.7812500-05:00" endTime="2012-04-14T16:58:35.7812500-05:00" testType="13cdc9d9-ddb5-4fa4-a97d-d965ccfc6d4b" outcome="Passed" testListId="8c84fa94-04c1-424b-9868-57a2d4851a1d" relativeResultsDirectory="4fd9fb57-c10a-47dd-9371-ad71ff58a8a2">
    </UnitTestResult>
    <UnitTestResult executionId="4068520c-1e35-446b-9183-82e1c44a7899" testId="6ba15e95-f9ae-f088-948d-f72b9b631689" testName="SymbolStoreTest" computerName="TINKU" duration="00:00:00.0006721" startTime="2012-04-14T16:58:35.7968750-05:00" endTime="2012-04-14T16:58:35.7968750-05:00" testType="13cdc9d9-ddb5-4fa4-a97d-d965ccfc6d4b" outcome="Passed" testListId="8c84fa94-04c1-424b-9868-57a2d4851a1d" relativeResultsDirectory="4068520c-1e35-446b-9183-82e1c44a7899">
    </UnitTestResult>
    <UnitTestResult executionId="52272b3d-783b-4df7-97ce-dfdcf50ece26" testId="1dedbad8-52ac-87f5-22cb-78e5320f49a2" testName="ShowResultTest1" computerName="TINKU" duration="00:00:00.4882438" startTime="2012-04-14T16:58:35.7968750-05:00" endTime="2012-04-14T16:58:36.3125000-05:00" testType="13cdc9d9-ddb5-4fa4-a97d-d965ccfc6d4b" outcome="Passed" testListId="8c84fa94-04c1-424b-9868-57a2d4851a1d" relativeResultsDirectory="52272b3d-783b-4df7-97ce-dfdcf50ece26">
    </UnitTestResult>
    <UnitTestResult executionId="6c3eef6b-0ffd-4a7c-8e12-ca17f2ba6f65" testId="60546481-3319-5dad-44b6-fd0b8b42e5c0" testName="CreatePointTest" computerName="TINKU" duration="00:00:00.0017412" startTime="2012-04-14T16:58:36.3125000-05:00" endTime="2012-04-14T16:58:36.3281250-05:00" testType="13cdc9d9-ddb5-4fa4-a97d-d965ccfc6d4b" outcome="Passed" testListId="8c84fa94-04c1-424b-9868-57a2d4851a1d" relativeResultsDirectory="6c3eef6b-0ffd-4a7c-8e12-ca17f2ba6f65">
    </UnitTestResult>
    <UnitTestResult executionId="8f6f84ea-7a69-4192-8d16-f7bb9fed8e2d" testId="bddeeba6-943b-2407-ff81-317c22673db4" testName="IsOutofBoundsTest1" computerName="TINKU" duration="00:00:00.0004154" startTime="2012-04-14T16:58:36.3281250-05:00" endTime="2012-04-14T16:58:36.3281250-05:00" testType="13cdc9d9-ddb5-4fa4-a97d-d965ccfc6d4b" outcome="Passed" testListId="8c84fa94-04c1-424b-9868-57a2d4851a1d" relativeResultsDirectory="8f6f84ea-7a69-4192-8d16-f7bb9fed8e2d">
    </UnitTestResult>
    <UnitTestResult executionId="a4101d2f-72c8-4dea-8ece-0c0517bd4519" testId="f85e73e9-837a-e9be-4813-9179b64879fc" testName="CheckResizeRequiredTest1" computerName="TINKU" duration="00:00:00.0023595" startTime="2012-04-14T16:58:36.3281250-05:00" endTime="2012-04-14T16:58:36.3437500-05:00" testType="13cdc9d9-ddb5-4fa4-a97d-d965ccfc6d4b" outcome="Passed" testListId="8c84fa94-04c1-424b-9868-57a2d4851a1d" relativeResultsDirectory="a4101d2f-72c8-4dea-8ece-0c0517bd4519">
    </UnitTestResult>
    <UnitTestResult executionId="d3bfb34f-90ed-4c27-a524-d32980eff350" testId="dbe66929-699e-e618-e12c-3721ef274ba0" testName="BoardConstructorTest" computerName="TINKU" duration="00:00:00.0003749" startTime="2012-04-14T16:58:36.3437500-05:00" endTime="2012-04-14T16:58:36.3437500-05:00" testType="13cdc9d9-ddb5-4fa4-a97d-d965ccfc6d4b" outcome="Passed" testListId="8c84fa94-04c1-424b-9868-57a2d4851a1d" relativeResultsDirectory="d3bfb34f-90ed-4c27-a524-d32980eff350">
    </UnitTestResult>
    <UnitTestResult executionId="3b10a843-87c9-4a8e-8401-d24e4348a95b" testId="536de9da-0066-a64b-878e-599932607ad3" testName="createInstanceTest1" computerName="TINKU" duration="00:00:00.0003939" startTime="2012-04-14T16:58:36.3593750-05:00" endTime="2012-04-14T16:58:36.3593750-05:00" testType="13cdc9d9-ddb5-4fa4-a97d-d965ccfc6d4b" outcome="Passed" testListId="8c84fa94-04c1-424b-9868-57a2d4851a1d" relativeResultsDirectory="3b10a843-87c9-4a8e-8401-d24e4348a95b">
    </UnitTestResult>
    <UnitTestResult executionId="95576dd5-3bfe-4a1c-9d04-bdc53cb44527" testId="1c2a7aa8-d386-c2d0-9766-9daf802d90ce" testName="StepTwoTest" computerName="TINKU" duration="00:00:00.0021396" startTime="2012-04-14T16:58:36.3593750-05:00" endTime="2012-04-14T16:58:36.3593750-05:00" testType="13cdc9d9-ddb5-4fa4-a97d-d965ccfc6d4b" outcome="Passed" testListId="8c84fa94-04c1-424b-9868-57a2d4851a1d" relativeResultsDirectory="95576dd5-3bfe-4a1c-9d04-bdc53cb44527">
    </UnitTestResult>
    <UnitTestResult executionId="ab009f47-208c-48b2-90ea-978d21a51382" testId="024ac99d-0c07-622a-5934-0d5cfd6ece39" testName="CheckResultTest" computerName="TINKU" duration="00:00:00.0011585" startTime="2012-04-14T16:58:36.3750000-05:00" endTime="2012-04-14T16:58:36.3750000-05:00" testType="13cdc9d9-ddb5-4fa4-a97d-d965ccfc6d4b" outcome="Passed" testListId="8c84fa94-04c1-424b-9868-57a2d4851a1d" relativeResultsDirectory="ab009f47-208c-48b2-90ea-978d21a51382">
    </UnitTestResult>
    <UnitTestResult executionId="26991079-da37-486b-bbfa-1c2905317fd5" testId="b745a59d-2445-677f-5ced-c5ad13e91482" testName="CalculateStepOneTest1" computerName="TINKU" duration="00:00:00.0006361" startTime="2012-04-14T16:58:36.3750000-05:00" endTime="2012-04-14T16:58:36.3750000-05:00" testType="13cdc9d9-ddb5-4fa4-a97d-d965ccfc6d4b" outcome="Passed" testListId="8c84fa94-04c1-424b-9868-57a2d4851a1d" relativeResultsDirectory="26991079-da37-486b-bbfa-1c2905317fd5">
    </UnitTestResult>
    <UnitTestResult executionId="3edb52a5-3a99-4808-8d95-60eae5657ee8" testId="cd0d94ae-8314-52a4-757d-febb6a6a6313" testName="GetUserSymbolTest" computerName="TINKU" duration="00:00:00.0305795" startTime="2012-04-14T16:58:36.3906250-05:00" endTime="2012-04-14T16:58:36.4531250-05:00" testType="13cdc9d9-ddb5-4fa4-a97d-d965ccfc6d4b" outcome="Passed" testListId="8c84fa94-04c1-424b-9868-57a2d4851a1d" relativeResultsDirectory="3edb52a5-3a99-4808-8d95-60eae5657ee8">
    </UnitTestResult>
    <UnitTestResult executionId="5c7d419f-700f-4eb4-97de-7047ee0fbf45" testId="9c0cb698-2881-3296-7c8a-debd20d6bb80" testName="CountCoinTest" computerName="TINKU" duration="00:00:00.0226073" startTime="2012-04-14T16:58:36.5312500-05:00" endTime="2012-04-14T16:58:36.5625000-05:00" testType="13cdc9d9-ddb5-4fa4-a97d-d965ccfc6d4b" outcome="Passed" testListId="8c84fa94-04c1-424b-9868-57a2d4851a1d" relativeResultsDirectory="5c7d419f-700f-4eb4-97de-7047ee0fbf45">
    </UnitTestResult>
    <UnitTestResult executionId="9eab32cd-67df-4218-8b71-7eda83d34b9e" testId="54d8eaf3-c56c-184e-26b5-15196a90c1a8" testName="MakeMoveTest" computerName="TINKU" duration="00:00:00.0010442" startTime="2012-04-14T16:58:36.5625000-05:00" endTime="2012-04-14T16:58:36.5781250-05:00" testType="13cdc9d9-ddb5-4fa4-a97d-d965ccfc6d4b" outcome="Passed" testListId="8c84fa94-04c1-424b-9868-57a2d4851a1d" relativeResultsDirectory="9eab32cd-67df-4218-8b71-7eda83d34b9e">
    </UnitTestResult>
    <UnitTestResult executionId="b36ee69f-92b6-4db2-97f3-00bb9be405fe" testId="724c9823-88d2-6bf0-4ae5-f63978fe9141" testName="CalculateStepTwoTest" computerName="TINKU" duration="00:00:00.0005891" startTime="2012-04-14T16:58:36.5781250-05:00" endTime="2012-04-14T16:58:36.5937500-05:00" testType="13cdc9d9-ddb5-4fa4-a97d-d965ccfc6d4b" outcome="Passed" testListId="8c84fa94-04c1-424b-9868-57a2d4851a1d" relativeResultsDirectory="b36ee69f-92b6-4db2-97f3-00bb9be405fe">
    </UnitTestResult>
    <UnitTestResult executionId="9caca161-76b4-42b0-ad42-5ca447f4ee8d" testId="79703a38-2e82-a172-0e42-aaa3e7932553" testName="StepThreeTest" computerName="TINKU" duration="00:00:00.0016759" startTime="2012-04-14T16:58:36.5937500-05:00" endTime="2012-04-14T16:58:36.5937500-05:00" testType="13cdc9d9-ddb5-4fa4-a97d-d965ccfc6d4b" outcome="Passed" testListId="8c84fa94-04c1-424b-9868-57a2d4851a1d" relativeResultsDirectory="9caca161-76b4-42b0-ad42-5ca447f4ee8d">
    </UnitTestResult>
    <UnitTestResult executionId="7234ba43-b09e-48a7-86c1-0a58b11e47c7" testId="acf14757-2e94-1174-a060-2307e62506fd" testName="GameViewConstructorTest" computerName="TINKU" duration="00:00:00.0002818" startTime="2012-04-14T16:58:36.6093750-05:00" endTime="2012-04-14T16:58:36.6093750-05:00" testType="13cdc9d9-ddb5-4fa4-a97d-d965ccfc6d4b" outcome="Passed" testListId="8c84fa94-04c1-424b-9868-57a2d4851a1d" relativeResultsDirectory="7234ba43-b09e-48a7-86c1-0a58b11e47c7">
    </UnitTestResult>
    <UnitTestResult executionId="9e9dd47c-b211-4c8e-9b2d-f11a25372a29" testId="66f2ebb5-d38a-d706-8eb7-c5bda61f50a6" testName="BoardSizeTest" computerName="TINKU" duration="00:00:00.0003902" startTime="2012-04-14T16:58:36.6093750-05:00" endTime="2012-04-14T16:58:36.6250000-05:00" testType="13cdc9d9-ddb5-4fa4-a97d-d965ccfc6d4b" outcome="Passed" testListId="8c84fa94-04c1-424b-9868-57a2d4851a1d" relativeResultsDirectory="9e9dd47c-b211-4c8e-9b2d-f11a25372a29">
    </UnitTestResult>
    <UnitTestResult executionId="5478f63b-fb4e-4306-8114-671dc46d50cb" testId="30c1c89b-fac2-c77e-0b9b-67de1982205c" testName="ClearTest" computerName="TINKU" duration="00:00:00.0005796" startTime="2012-04-14T16:58:36.6250000-05:00" endTime="2012-04-14T16:58:36.6406250-05:00" testType="13cdc9d9-ddb5-4fa4-a97d-d965ccfc6d4b" outcome="Passed" testListId="8c84fa94-04c1-424b-9868-57a2d4851a1d" relativeResultsDirectory="5478f63b-fb4e-4306-8114-671dc46d50cb">
    </UnitTestResult>
    <UnitTestResult executionId="638d2ca8-7b28-42a0-ae99-5cb9ba04e48d" testId="c388d02c-8193-cb8b-3690-847f35381077" testName="SelectBestMoveTest" computerName="TINKU" duration="00:00:00.0035940" startTime="2012-04-14T16:58:36.6406250-05:00" endTime="2012-04-14T16:58:36.6406250-05:00" testType="13cdc9d9-ddb5-4fa4-a97d-d965ccfc6d4b" outcome="Passed" testListId="8c84fa94-04c1-424b-9868-57a2d4851a1d" relativeResultsDirectory="638d2ca8-7b28-42a0-ae99-5cb9ba04e48d">
    </UnitTestResult>
    <UnitTestResult executionId="a3511d72-517c-4316-95c3-5f112edefd65" testId="b5975cca-4ea0-1de8-dc3c-80a1bc046cd5" testName="ShowInstructionTest" computerName="TINKU" duration="00:00:00.0013867" startTime="2012-04-14T16:58:36.6562500-05:00" endTime="2012-04-14T16:58:36.6562500-05:00" testType="13cdc9d9-ddb5-4fa4-a97d-d965ccfc6d4b" outcome="Passed" testListId="8c84fa94-04c1-424b-9868-57a2d4851a1d" relativeResultsDirectory="a3511d72-517c-4316-95c3-5f112edefd65">
    </UnitTestResult>
    <UnitTestResult executionId="9f12fa2e-2a82-43d6-849a-8c5bce5d4772" testId="d79c2ed6-2d87-2c3a-76fd-bad033a309d1" testName="CreateMementoTest" computerName="TINKU" duration="00:00:00.0004606" startTime="2012-04-14T16:58:36.6562500-05:00" endTime="2012-04-14T16:58:36.6718750-05:00" testType="13cdc9d9-ddb5-4fa4-a97d-d965ccfc6d4b" outcome="Passed" testListId="8c84fa94-04c1-424b-9868-57a2d4851a1d" relativeResultsDirectory="9f12fa2e-2a82-43d6-849a-8c5bce5d4772">
    </UnitTestResult>
  </Results>
</TestRun>