<?xml version="1.0" encoding="UTF-8"?>
<TestRun id="ac58da9f-4ff7-482e-8520-aa18ca998be9" name="karthik@TINKU 2012-04-14 15:50:28" runUser="TINKU\karthik" xmlns="http://microsoft.com/schemas/VisualStudio/TeamTest/2010">
  <TestSettings name="Local" id="9d9ad90f-45d8-4b5e-971c-2cfcb76f86ad">
    <Description>These are default test settings for a local test run.</Description>
    <Deployment enabled="false" runDeploymentRoot="karthik_TINKU 2012-04-14 15_50_28">
      <DeploymentItem filename="C:\Documents and Settings\karthik\Desktop\SE2 final design\design_last\GroupA_TicTacToe_Today_FF\GroupA_TicTacToe\bin\Debug\GroupA_TicTacToe.exe" />
    </Deployment>
    <Execution>
      <TestTypeSpecific />
      <AgentRule name="Execution Agents">
      </AgentRule>
    </Execution>
  </TestSettings>
  <Times creation="2012-04-14T15:50:28.7031250-05:00" queuing="2012-04-14T15:50:33.7812500-05:00" start="2012-04-14T15:50:34.8593750-05:00" finish="2012-04-14T15:51:33.5937500-05:00" />
  <ResultSummary outcome="Inconclusive">
    <Counters total="35" executed="35" passed="34" error="0" failed="0" timeout="0" aborted="0" inconclusive="1" passedButRunAborted="0" notRunnable="0" notExecuted="0" disconnected="0" warning="0" completed="0" inProgress="0" pending="0" />
    <RunInfos>
      <RunInfo computerName="TINKU" outcome="Warning" timestamp="2012-04-14T15:50:33.5781250-05:00">
        <Text>Deployment is currently disabled. The deployment item 'GroupA_TicTacToe.exe' on test 'ComputerGamesRUS.Game.Test1.MoveHandlerTest.CountCoinTest' was not deployed.</Text>
      </RunInfo>
    </RunInfos>
  </ResultSummary>
  <TestDefinitions>
    <UnitTest name="CountCoinTest" storage="c:\documents and settings\karthik\desktop\se2 final design\design_last\groupa_tictactoe_today_ff\tic_tac_toe_forever_test\bin\debug\tic_tac_toe_forever_test.dll" id="9c0cb698-2881-3296-7c8a-debd20d6bb80">
      <DeploymentItems>
        <DeploymentItem filename="GroupA_TicTacToe.exe" />
      </DeploymentItems>
      <Execution id="af3ed5ce-55d6-4519-bdcf-0c86fee9cd37" />
      <TestMethod codeBase="C:/Documents and Settings/karthik/Desktop/SE2 final design/design_last/GroupA_TicTacToe_Today_FF/Tic_Tac_Toe_Forever_Test/bin/Debug/Tic_Tac_Toe_Forever_Test.DLL" adapterTypeName="Microsoft.VisualStudio.TestTools.TestTypes.Unit.UnitTestAdapter, Microsoft.VisualStudio.QualityTools.Tips.UnitTest.Adapter, Version=10.0.0.0, Culture=neutral, PublicKeyToken=b03f5f7f11d50a3a" className="ComputerGamesRUS.Game.Test1.MoveHandlerTest, Tic_Tac_Toe_Forever_Test, Version=1.0.0.0, Culture=neutral, PublicKeyToken=null" name="CountCoinTest" />
    </UnitTest>
    <UnitTest name="CalculateStepOneTest1" storage="c:\documents and settings\karthik\desktop\se2 final design\design_last\groupa_tictactoe_today_ff\tic_tac_toe_forever_test\bin\debug\tic_tac_toe_forever_test.dll" id="b745a59d-2445-677f-5ced-c5ad13e91482">
      <Execution id="3651e5bc-5ea1-4489-a21b-e4a253bcae4a" />
      <TestMethod codeBase="C:/Documents and Settings/karthik/Desktop/SE2 final design/design_last/GroupA_TicTacToe_Today_FF/Tic_Tac_Toe_Forever_Test/bin/Debug/Tic_Tac_Toe_Forever_Test.DLL" adapterTypeName="Microsoft.VisualStudio.TestTools.TestTypes.Unit.UnitTestAdapter, Microsoft.VisualStudio.QualityTools.Tips.UnitTest.Adapter, Version=10.0.0.0, Culture=neutral, PublicKeyToken=b03f5f7f11d50a3a" className="ComputerGamesRUS.Game.Test1.ComputerMoveHandlerTest, Tic_Tac_Toe_Forever_Test, Version=1.0.0.0, Culture=neutral, PublicKeyToken=null" name="CalculateStepOneTest1" />
    </UnitTest>
    <UnitTest name="GetUserSymbolTest" storage="c:\documents and settings\karthik\desktop\se2 final design\design_last\groupa_tictactoe_today_ff\tic_tac_toe_forever_test\bin\debug\tic_tac_toe_forever_test.dll" id="cd0d94ae-8314-52a4-757d-febb6a6a6313">
      <Execution id="8a8425a0-e393-40c9-90ed-a8d48cef9d89" />
      <TestMethod codeBase="C:/Documents and Settings/karthik/Desktop/SE2 final design/design_last/GroupA_TicTacToe_Today_FF/Tic_Tac_Toe_Forever_Test/bin/Debug/Tic_Tac_Toe_Forever_Test.DLL" adapterTypeName="Microsoft.VisualStudio.TestTools.TestTypes.Unit.UnitTestAdapter, Microsoft.VisualStudio.QualityTools.Tips.UnitTest.Adapter, Version=10.0.0.0, Culture=neutral, PublicKeyToken=b03f5f7f11d50a3a" className="ComputerGamesRUS.Game.Test1.MoveHandlerTest, Tic_Tac_Toe_Forever_Test, Version=1.0.0.0, Culture=neutral, PublicKeyToken=null" name="GetUserSymbolTest" />
    </UnitTest>
    <UnitTest name="ShowResultTest1" storage="c:\documents and settings\karthik\desktop\se2 final design\design_last\groupa_tictactoe_today_ff\tic_tac_toe_forever_test\bin\debug\tic_tac_toe_forever_test.dll" id="1dedbad8-52ac-87f5-22cb-78e5320f49a2">
      <Execution id="0f73cc65-13d4-4fde-8cf3-2a4b8fb2b68a" />
      <TestMethod codeBase="C:/Documents and Settings/karthik/Desktop/SE2 final design/design_last/GroupA_TicTacToe_Today_FF/Tic_Tac_Toe_Forever_Test/bin/Debug/Tic_Tac_Toe_Forever_Test.DLL" adapterTypeName="Microsoft.VisualStudio.TestTools.TestTypes.Unit.UnitTestAdapter, Microsoft.VisualStudio.QualityTools.Tips.UnitTest.Adapter, Version=10.0.0.0, Culture=neutral, PublicKeyToken=b03f5f7f11d50a3a" className="Tic_Tac_Toe_Forever_Test.GameViewTest, Tic_Tac_Toe_Forever_Test, Version=1.0.0.0, Culture=neutral, PublicKeyToken=null" name="ShowResultTest1" />
    </UnitTest>
    <UnitTest name="CreateMementoTest" storage="c:\documents and settings\karthik\desktop\se2 final design\design_last\groupa_tictactoe_today_ff\tic_tac_toe_forever_test\bin\debug\tic_tac_toe_forever_test.dll" id="d79c2ed6-2d87-2c3a-76fd-bad033a309d1">
      <Execution id="0ca0ee32-0bc4-4f53-8573-581dfbac06dc" />
      <TestMethod codeBase="C:/Documents and Settings/karthik/Desktop/SE2 final design/design_last/GroupA_TicTacToe_Today_FF/Tic_Tac_Toe_Forever_Test/bin/Debug/Tic_Tac_Toe_Forever_Test.DLL" adapterTypeName="Microsoft.VisualStudio.TestTools.TestTypes.Unit.UnitTestAdapter, Microsoft.VisualStudio.QualityTools.Tips.UnitTest.Adapter, Version=10.0.0.0, Culture=neutral, PublicKeyToken=b03f5f7f11d50a3a" className="Tic_Tac_Toe_Forever_Test.BoardTest, Tic_Tac_Toe_Forever_Test, Version=1.0.0.0, Culture=neutral, PublicKeyToken=null" name="CreateMementoTest" />
    </UnitTest>
    <UnitTest name="SelectBestMoveTest" storage="c:\documents and settings\karthik\desktop\se2 final design\design_last\groupa_tictactoe_today_ff\tic_tac_toe_forever_test\bin\debug\tic_tac_toe_forever_test.dll" id="c388d02c-8193-cb8b-3690-847f35381077">
      <Execution id="f86f4b1a-cb48-4af1-bb64-cc06745a1453" />
      <TestMethod codeBase="C:/Documents and Settings/karthik/Desktop/SE2 final design/design_last/GroupA_TicTacToe_Today_FF/Tic_Tac_Toe_Forever_Test/bin/Debug/Tic_Tac_Toe_Forever_Test.DLL" adapterTypeName="Microsoft.VisualStudio.TestTools.TestTypes.Unit.UnitTestAdapter, Microsoft.VisualStudio.QualityTools.Tips.UnitTest.Adapter, Version=10.0.0.0, Culture=neutral, PublicKeyToken=b03f5f7f11d50a3a" className="ComputerGamesRUS.Game.Test1.ComputerMoveHandlerTest, Tic_Tac_Toe_Forever_Test, Version=1.0.0.0, Culture=neutral, PublicKeyToken=null" name="SelectBestMoveTest" />
    </UnitTest>
    <UnitTest name="StepTwoTest" storage="c:\documents and settings\karthik\desktop\se2 final design\design_last\groupa_tictactoe_today_ff\tic_tac_toe_forever_test\bin\debug\tic_tac_toe_forever_test.dll" id="1c2a7aa8-d386-c2d0-9766-9daf802d90ce">
      <DeploymentItems>
        <DeploymentItem filename="GroupA_TicTacToe.exe" />
      </DeploymentItems>
      <Execution id="2f5dd65c-ff11-48a9-805a-4d702372fb62" />
      <TestMethod codeBase="C:/Documents and Settings/karthik/Desktop/SE2 final design/design_last/GroupA_TicTacToe_Today_FF/Tic_Tac_Toe_Forever_Test/bin/Debug/Tic_Tac_Toe_Forever_Test.DLL" adapterTypeName="Microsoft.VisualStudio.TestTools.TestTypes.Unit.UnitTestAdapter, Microsoft.VisualStudio.QualityTools.Tips.UnitTest.Adapter, Version=10.0.0.0, Culture=neutral, PublicKeyToken=b03f5f7f11d50a3a" className="ComputerGamesRUS.Game.Test1.ComputerMoveHandlerTest, Tic_Tac_Toe_Forever_Test, Version=1.0.0.0, Culture=neutral, PublicKeyToken=null" name="StepTwoTest" />
    </UnitTest>
    <UnitTest name="createInstanceTest1" storage="c:\documents and settings\karthik\desktop\se2 final design\design_last\groupa_tictactoe_today_ff\tic_tac_toe_forever_test\bin\debug\tic_tac_toe_forever_test.dll" id="536de9da-0066-a64b-878e-599932607ad3">
      <Execution id="7dbf0493-8318-4c22-8881-a7930793c7df" />
      <TestMethod codeBase="C:/Documents and Settings/karthik/Desktop/SE2 final design/design_last/GroupA_TicTacToe_Today_FF/Tic_Tac_Toe_Forever_Test/bin/Debug/Tic_Tac_Toe_Forever_Test.DLL" adapterTypeName="Microsoft.VisualStudio.TestTools.TestTypes.Unit.UnitTestAdapter, Microsoft.VisualStudio.QualityTools.Tips.UnitTest.Adapter, Version=10.0.0.0, Culture=neutral, PublicKeyToken=b03f5f7f11d50a3a" className="Tic_Tac_Toe_Forever_Test.BoardTest, Tic_Tac_Toe_Forever_Test, Version=1.0.0.0, Culture=neutral, PublicKeyToken=null" name="createInstanceTest1" />
    </UnitTest>
    <UnitTest name="StepThreeTest" storage="c:\documents and settings\karthik\desktop\se2 final design\design_last\groupa_tictactoe_today_ff\tic_tac_toe_forever_test\bin\debug\tic_tac_toe_forever_test.dll" id="79703a38-2e82-a172-0e42-aaa3e7932553">
      <DeploymentItems>
        <DeploymentItem filename="GroupA_TicTacToe.exe" />
      </DeploymentItems>
      <Execution id="212fdaae-0671-4cd5-a5ef-bfecba2ff8fa" />
      <TestMethod codeBase="C:/Documents and Settings/karthik/Desktop/SE2 final design/design_last/GroupA_TicTacToe_Today_FF/Tic_Tac_Toe_Forever_Test/bin/Debug/Tic_Tac_Toe_Forever_Test.DLL" adapterTypeName="Microsoft.VisualStudio.TestTools.TestTypes.Unit.UnitTestAdapter, Microsoft.VisualStudio.QualityTools.Tips.UnitTest.Adapter, Version=10.0.0.0, Culture=neutral, PublicKeyToken=b03f5f7f11d50a3a" className="ComputerGamesRUS.Game.Test1.ComputerMoveHandlerTest, Tic_Tac_Toe_Forever_Test, Version=1.0.0.0, Culture=neutral, PublicKeyToken=null" name="StepThreeTest" />
    </UnitTest>
    <UnitTest name="CalculateStepThreeTest" storage="c:\documents and settings\karthik\desktop\se2 final design\design_last\groupa_tictactoe_today_ff\tic_tac_toe_forever_test\bin\debug\tic_tac_toe_forever_test.dll" id="2d11687b-1ea4-73dd-6e6b-e0329669a4d7">
      <Execution id="d5c775c4-6f11-4d9c-b055-27d25ce39f6e" />
      <TestMethod codeBase="C:/Documents and Settings/karthik/Desktop/SE2 final design/design_last/GroupA_TicTacToe_Today_FF/Tic_Tac_Toe_Forever_Test/bin/Debug/Tic_Tac_Toe_Forever_Test.DLL" adapterTypeName="Microsoft.VisualStudio.TestTools.TestTypes.Unit.UnitTestAdapter, Microsoft.VisualStudio.QualityTools.Tips.UnitTest.Adapter, Version=10.0.0.0, Culture=neutral, PublicKeyToken=b03f5f7f11d50a3a" className="ComputerGamesRUS.Game.Test1.ComputerMoveHandlerTest, Tic_Tac_Toe_Forever_Test, Version=1.0.0.0, Culture=neutral, PublicKeyToken=null" name="CalculateStepThreeTest" />
    </UnitTest>
    <UnitTest name="ShowResultTest" storage="c:\documents and settings\karthik\desktop\se2 final design\design_last\groupa_tictactoe_today_ff\tic_tac_toe_forever_test\bin\debug\tic_tac_toe_forever_test.dll" id="6daf65b4-05cc-b22b-0762-65fbf9673796">
      <Execution id="d9745eea-ed14-43ae-a905-660947e4f4bc" />
      <TestMethod codeBase="C:/Documents and Settings/karthik/Desktop/SE2 final design/design_last/GroupA_TicTacToe_Today_FF/Tic_Tac_Toe_Forever_Test/bin/Debug/Tic_Tac_Toe_Forever_Test.DLL" adapterTypeName="Microsoft.VisualStudio.TestTools.TestTypes.Unit.UnitTestAdapter, Microsoft.VisualStudio.QualityTools.Tips.UnitTest.Adapter, Version=10.0.0.0, Culture=neutral, PublicKeyToken=b03f5f7f11d50a3a" className="Tic_Tac_Toe_Forever_Test.GameViewTest, Tic_Tac_Toe_Forever_Test, Version=1.0.0.0, Culture=neutral, PublicKeyToken=null" name="ShowResultTest" />
    </UnitTest>
    <UnitTest name="GetSymbolRectangleTest" storage="c:\documents and settings\karthik\desktop\se2 final design\design_last\groupa_tictactoe_today_ff\tic_tac_toe_forever_test\bin\debug\tic_tac_toe_forever_test.dll" id="51821d50-7630-a087-53a5-edde42335604">
      <DeploymentItems>
        <DeploymentItem filename="GroupA_TicTacToe.exe" />
      </DeploymentItems>
      <Execution id="2ae252f2-78fe-47fb-a814-951e6fc9ad52" />
      <TestMethod codeBase="C:/Documents and Settings/karthik/Desktop/SE2 final design/design_last/GroupA_TicTacToe_Today_FF/Tic_Tac_Toe_Forever_Test/bin/Debug/Tic_Tac_Toe_Forever_Test.DLL" adapterTypeName="Microsoft.VisualStudio.TestTools.TestTypes.Unit.UnitTestAdapter, Microsoft.VisualStudio.QualityTools.Tips.UnitTest.Adapter, Version=10.0.0.0, Culture=neutral, PublicKeyToken=b03f5f7f11d50a3a" className="Tic_Tac_Toe_Forever_Test.BoardTest, Tic_Tac_Toe_Forever_Test, Version=1.0.0.0, Culture=neutral, PublicKeyToken=null" name="GetSymbolRectangleTest" />
    </UnitTest>
    <UnitTest name="GameViewConstructorTest" storage="c:\documents and settings\karthik\desktop\se2 final design\design_last\groupa_tictactoe_today_ff\tic_tac_toe_forever_test\bin\debug\tic_tac_toe_forever_test.dll" id="acf14757-2e94-1174-a060-2307e62506fd">
      <Execution id="1f27916a-2c13-4cb1-af2b-40a63443d8e0" />
      <TestMethod codeBase="C:/Documents and Settings/karthik/Desktop/SE2 final design/design_last/GroupA_TicTacToe_Today_FF/Tic_Tac_Toe_Forever_Test/bin/Debug/Tic_Tac_Toe_Forever_Test.DLL" adapterTypeName="Microsoft.VisualStudio.TestTools.TestTypes.Unit.UnitTestAdapter, Microsoft.VisualStudio.QualityTools.Tips.UnitTest.Adapter, Version=10.0.0.0, Culture=neutral, PublicKeyToken=b03f5f7f11d50a3a" className="Tic_Tac_Toe_Forever_Test.GameViewTest, Tic_Tac_Toe_Forever_Test, Version=1.0.0.0, Culture=neutral, PublicKeyToken=null" name="GameViewConstructorTest" />
    </UnitTest>
    <UnitTest name="MakeMoveTest" storage="c:\documents and settings\karthik\desktop\se2 final design\design_last\groupa_tictactoe_today_ff\tic_tac_toe_forever_test\bin\debug\tic_tac_toe_forever_test.dll" id="54d8eaf3-c56c-184e-26b5-15196a90c1a8">
      <Execution id="075612fa-c6c8-4c13-b2d3-1021fb86e353" />
      <TestMethod codeBase="C:/Documents and Settings/karthik/Desktop/SE2 final design/design_last/GroupA_TicTacToe_Today_FF/Tic_Tac_Toe_Forever_Test/bin/Debug/Tic_Tac_Toe_Forever_Test.DLL" adapterTypeName="Microsoft.VisualStudio.TestTools.TestTypes.Unit.UnitTestAdapter, Microsoft.VisualStudio.QualityTools.Tips.UnitTest.Adapter, Version=10.0.0.0, Culture=neutral, PublicKeyToken=b03f5f7f11d50a3a" className="ComputerGamesRUS.Game.Test1.ComputerMoveHandlerTest, Tic_Tac_Toe_Forever_Test, Version=1.0.0.0, Culture=neutral, PublicKeyToken=null" name="MakeMoveTest" />
    </UnitTest>
    <UnitTest name="CheckResizeRequiredTest1" storage="c:\documents and settings\karthik\desktop\se2 final design\design_last\groupa_tictactoe_today_ff\tic_tac_toe_forever_test\bin\debug\tic_tac_toe_forever_test.dll" id="f85e73e9-837a-e9be-4813-9179b64879fc">
      <Execution id="1ef9cd51-3424-4b58-8c38-c0c5b20ffda4" />
      <TestMethod codeBase="C:/Documents and Settings/karthik/Desktop/SE2 final design/design_last/GroupA_TicTacToe_Today_FF/Tic_Tac_Toe_Forever_Test/bin/Debug/Tic_Tac_Toe_Forever_Test.DLL" adapterTypeName="Microsoft.VisualStudio.TestTools.TestTypes.Unit.UnitTestAdapter, Microsoft.VisualStudio.QualityTools.Tips.UnitTest.Adapter, Version=10.0.0.0, Culture=neutral, PublicKeyToken=b03f5f7f11d50a3a" className="Tic_Tac_Toe_Forever_Test.GameManagerTest, Tic_Tac_Toe_Forever_Test, Version=1.0.0.0, Culture=neutral, PublicKeyToken=null" name="CheckResizeRequiredTest1" />
    </UnitTest>
    <UnitTest name="CheckResizeRequiredTest2" storage="c:\documents and settings\karthik\desktop\se2 final design\design_last\groupa_tictactoe_today_ff\tic_tac_toe_forever_test\bin\debug\tic_tac_toe_forever_test.dll" id="9f8ef73a-308d-fac1-564e-e2477fc93b76">
      <Execution id="6b5528d1-1b5f-4f40-9664-aed91fcf4de4" />
      <TestMethod codeBase="C:/Documents and Settings/karthik/Desktop/SE2 final design/design_last/GroupA_TicTacToe_Today_FF/Tic_Tac_Toe_Forever_Test/bin/Debug/Tic_Tac_Toe_Forever_Test.DLL" adapterTypeName="Microsoft.VisualStudio.TestTools.TestTypes.Unit.UnitTestAdapter, Microsoft.VisualStudio.QualityTools.Tips.UnitTest.Adapter, Version=10.0.0.0, Culture=neutral, PublicKeyToken=b03f5f7f11d50a3a" className="Tic_Tac_Toe_Forever_Test.GameManagerTest, Tic_Tac_Toe_Forever_Test, Version=1.0.0.0, Culture=neutral, PublicKeyToken=null" name="CheckResizeRequiredTest2" />
    </UnitTest>
    <UnitTest name="GetCellRectangleTest" storage="c:\documents and settings\karthik\desktop\se2 final design\design_last\groupa_tictactoe_today_ff\tic_tac_toe_forever_test\bin\debug\tic_tac_toe_forever_test.dll" id="883909f7-8fa2-cd70-a42d-9a76f83113b9">
      <DeploymentItems>
        <DeploymentItem filename="GroupA_TicTacToe.exe" />
      </DeploymentItems>
      <Execution id="73a9e7e6-de40-423d-9838-a1de0b38f0ce" />
      <TestMethod codeBase="C:/Documents and Settings/karthik/Desktop/SE2 final design/design_last/GroupA_TicTacToe_Today_FF/Tic_Tac_Toe_Forever_Test/bin/Debug/Tic_Tac_Toe_Forever_Test.DLL" adapterTypeName="Microsoft.VisualStudio.TestTools.TestTypes.Unit.UnitTestAdapter, Microsoft.VisualStudio.QualityTools.Tips.UnitTest.Adapter, Version=10.0.0.0, Culture=neutral, PublicKeyToken=b03f5f7f11d50a3a" className="Tic_Tac_Toe_Forever_Test.BoardTest, Tic_Tac_Toe_Forever_Test, Version=1.0.0.0, Culture=neutral, PublicKeyToken=null" name="GetCellRectangleTest" />
    </UnitTest>
    <UnitTest name="createInstanceTest" storage="c:\documents and settings\karthik\desktop\se2 final design\design_last\groupa_tictactoe_today_ff\tic_tac_toe_forever_test\bin\debug\tic_tac_toe_forever_test.dll" id="1c26784c-0ddc-a16d-f19b-71635342809d">
      <Execution id="fe13a1ef-e444-4adb-b45b-c5cee83bc616" />
      <TestMethod codeBase="C:/Documents and Settings/karthik/Desktop/SE2 final design/design_last/GroupA_TicTacToe_Today_FF/Tic_Tac_Toe_Forever_Test/bin/Debug/Tic_Tac_Toe_Forever_Test.DLL" adapterTypeName="Microsoft.VisualStudio.TestTools.TestTypes.Unit.UnitTestAdapter, Microsoft.VisualStudio.QualityTools.Tips.UnitTest.Adapter, Version=10.0.0.0, Culture=neutral, PublicKeyToken=b03f5f7f11d50a3a" className="Tic_Tac_Toe_Forever_Test.BoardTest, Tic_Tac_Toe_Forever_Test, Version=1.0.0.0, Culture=neutral, PublicKeyToken=null" name="createInstanceTest" />
    </UnitTest>
    <UnitTest name="ClearTest" storage="c:\documents and settings\karthik\desktop\se2 final design\design_last\groupa_tictactoe_today_ff\tic_tac_toe_forever_test\bin\debug\tic_tac_toe_forever_test.dll" id="30c1c89b-fac2-c77e-0b9b-67de1982205c">
      <Execution id="b658edbd-1d9c-4632-ac93-8dfd3740ba49" />
      <TestMethod codeBase="C:/Documents and Settings/karthik/Desktop/SE2 final design/design_last/GroupA_TicTacToe_Today_FF/Tic_Tac_Toe_Forever_Test/bin/Debug/Tic_Tac_Toe_Forever_Test.DLL" adapterTypeName="Microsoft.VisualStudio.TestTools.TestTypes.Unit.UnitTestAdapter, Microsoft.VisualStudio.QualityTools.Tips.UnitTest.Adapter, Version=10.0.0.0, Culture=neutral, PublicKeyToken=b03f5f7f11d50a3a" className="Tic_Tac_Toe_Forever_Test.BoardTest, Tic_Tac_Toe_Forever_Test, Version=1.0.0.0, Culture=neutral, PublicKeyToken=null" name="ClearTest" />
    </UnitTest>
    <UnitTest name="GetSymbolTest" storage="c:\documents and settings\karthik\desktop\se2 final design\design_last\groupa_tictactoe_today_ff\tic_tac_toe_forever_test\bin\debug\tic_tac_toe_forever_test.dll" id="7b0e2e66-8df2-4a1a-265f-d4dedb3fc894">
      <Execution id="cf529ead-abbd-48a0-b207-c61427c74846" />
      <TestMethod codeBase="C:/Documents and Settings/karthik/Desktop/SE2 final design/design_last/GroupA_TicTacToe_Today_FF/Tic_Tac_Toe_Forever_Test/bin/Debug/Tic_Tac_Toe_Forever_Test.DLL" adapterTypeName="Microsoft.VisualStudio.TestTools.TestTypes.Unit.UnitTestAdapter, Microsoft.VisualStudio.QualityTools.Tips.UnitTest.Adapter, Version=10.0.0.0, Culture=neutral, PublicKeyToken=b03f5f7f11d50a3a" className="Tic_Tac_Toe_Forever_Test.BoardTest, Tic_Tac_Toe_Forever_Test, Version=1.0.0.0, Culture=neutral, PublicKeyToken=null" name="GetSymbolTest" />
    </UnitTest>
    <UnitTest name="CheckResizeRequiredTest" storage="c:\documents and settings\karthik\desktop\se2 final design\design_last\groupa_tictactoe_today_ff\tic_tac_toe_forever_test\bin\debug\tic_tac_toe_forever_test.dll" id="81e0d52c-2114-14fa-89f0-fbd51f644f03">
      <Execution id="50e0a3d8-2170-4c6b-be96-5706baaa5d0d" />
      <TestMethod codeBase="C:/Documents and Settings/karthik/Desktop/SE2 final design/design_last/GroupA_TicTacToe_Today_FF/Tic_Tac_Toe_Forever_Test/bin/Debug/Tic_Tac_Toe_Forever_Test.DLL" adapterTypeName="Microsoft.VisualStudio.TestTools.TestTypes.Unit.UnitTestAdapter, Microsoft.VisualStudio.QualityTools.Tips.UnitTest.Adapter, Version=10.0.0.0, Culture=neutral, PublicKeyToken=b03f5f7f11d50a3a" className="Tic_Tac_Toe_Forever_Test.GameManagerTest, Tic_Tac_Toe_Forever_Test, Version=1.0.0.0, Culture=neutral, PublicKeyToken=null" name="CheckResizeRequiredTest" />
    </UnitTest>
    <UnitTest name="IsOutofBoundsTest" storage="c:\documents and settings\karthik\desktop\se2 final design\design_last\groupa_tictactoe_today_ff\tic_tac_toe_forever_test\bin\debug\tic_tac_toe_forever_test.dll" id="3813c055-0a11-519d-190b-213c39098af5">
      <Execution id="5d14c4b9-ff49-4846-9813-539e00f0fcb5" />
      <TestMethod codeBase="C:/Documents and Settings/karthik/Desktop/SE2 final design/design_last/GroupA_TicTacToe_Today_FF/Tic_Tac_Toe_Forever_Test/bin/Debug/Tic_Tac_Toe_Forever_Test.DLL" adapterTypeName="Microsoft.VisualStudio.TestTools.TestTypes.Unit.UnitTestAdapter, Microsoft.VisualStudio.QualityTools.Tips.UnitTest.Adapter, Version=10.0.0.0, Culture=neutral, PublicKeyToken=b03f5f7f11d50a3a" className="Tic_Tac_Toe_Forever_Test.BoardTest, Tic_Tac_Toe_Forever_Test, Version=1.0.0.0, Culture=neutral, PublicKeyToken=null" name="IsOutofBoundsTest" />
    </UnitTest>
    <UnitTest name="BoardConstructorTest" storage="c:\documents and settings\karthik\desktop\se2 final design\design_last\groupa_tictactoe_today_ff\tic_tac_toe_forever_test\bin\debug\tic_tac_toe_forever_test.dll" id="dbe66929-699e-e618-e12c-3721ef274ba0">
      <DeploymentItems>
        <DeploymentItem filename="GroupA_TicTacToe.exe" />
      </DeploymentItems>
      <Execution id="cc2334f8-8ef9-4e68-9111-2cbd8684b4f7" />
      <TestMethod codeBase="C:/Documents and Settings/karthik/Desktop/SE2 final design/design_last/GroupA_TicTacToe_Today_FF/Tic_Tac_Toe_Forever_Test/bin/Debug/Tic_Tac_Toe_Forever_Test.DLL" adapterTypeName="Microsoft.VisualStudio.TestTools.TestTypes.Unit.UnitTestAdapter, Microsoft.VisualStudio.QualityTools.Tips.UnitTest.Adapter, Version=10.0.0.0, Culture=neutral, PublicKeyToken=b03f5f7f11d50a3a" className="Tic_Tac_Toe_Forever_Test.BoardTest, Tic_Tac_Toe_Forever_Test, Version=1.0.0.0, Culture=neutral, PublicKeyToken=null" name="BoardConstructorTest" />
    </UnitTest>
    <UnitTest name="PutSymbolTest" storage="c:\documents and settings\karthik\desktop\se2 final design\design_last\groupa_tictactoe_today_ff\tic_tac_toe_forever_test\bin\debug\tic_tac_toe_forever_test.dll" id="7f6992cd-8434-1750-aa26-57ea7b9d67ea">
      <Execution id="70e6e279-b887-44d8-bc62-a10d5d7d11e1" />
      <TestMethod codeBase="C:/Documents and Settings/karthik/Desktop/SE2 final design/design_last/GroupA_TicTacToe_Today_FF/Tic_Tac_Toe_Forever_Test/bin/Debug/Tic_Tac_Toe_Forever_Test.DLL" adapterTypeName="Microsoft.VisualStudio.TestTools.TestTypes.Unit.UnitTestAdapter, Microsoft.VisualStudio.QualityTools.Tips.UnitTest.Adapter, Version=10.0.0.0, Culture=neutral, PublicKeyToken=b03f5f7f11d50a3a" className="Tic_Tac_Toe_Forever_Test.BoardTest, Tic_Tac_Toe_Forever_Test, Version=1.0.0.0, Culture=neutral, PublicKeyToken=null" name="PutSymbolTest" />
    </UnitTest>
    <UnitTest name="setMementoTest" storage="c:\documents and settings\karthik\desktop\se2 final design\design_last\groupa_tictactoe_today_ff\tic_tac_toe_forever_test\bin\debug\tic_tac_toe_forever_test.dll" id="12e46c41-ca5e-7203-7d91-9ceaeb8372fa">
      <Execution id="c4928577-977e-49f2-a8b5-d5b841843d2b" />
      <TestMethod codeBase="C:/Documents and Settings/karthik/Desktop/SE2 final design/design_last/GroupA_TicTacToe_Today_FF/Tic_Tac_Toe_Forever_Test/bin/Debug/Tic_Tac_Toe_Forever_Test.DLL" adapterTypeName="Microsoft.VisualStudio.TestTools.TestTypes.Unit.UnitTestAdapter, Microsoft.VisualStudio.QualityTools.Tips.UnitTest.Adapter, Version=10.0.0.0, Culture=neutral, PublicKeyToken=b03f5f7f11d50a3a" className="Tic_Tac_Toe_Forever_Test.BoardTest, Tic_Tac_Toe_Forever_Test, Version=1.0.0.0, Culture=neutral, PublicKeyToken=null" name="setMementoTest" />
    </UnitTest>
    <UnitTest name="CheckResultTest" storage="c:\documents and settings\karthik\desktop\se2 final design\design_last\groupa_tictactoe_today_ff\tic_tac_toe_forever_test\bin\debug\tic_tac_toe_forever_test.dll" id="024ac99d-0c07-622a-5934-0d5cfd6ece39">
      <Execution id="dcd3a66f-1c8e-48c4-974e-b63becd53865" />
      <TestMethod codeBase="C:/Documents and Settings/karthik/Desktop/SE2 final design/design_last/GroupA_TicTacToe_Today_FF/Tic_Tac_Toe_Forever_Test/bin/Debug/Tic_Tac_Toe_Forever_Test.DLL" adapterTypeName="Microsoft.VisualStudio.TestTools.TestTypes.Unit.UnitTestAdapter, Microsoft.VisualStudio.QualityTools.Tips.UnitTest.Adapter, Version=10.0.0.0, Culture=neutral, PublicKeyToken=b03f5f7f11d50a3a" className="ComputerGamesRUS.Game.Test1.MoveHandlerTest, Tic_Tac_Toe_Forever_Test, Version=1.0.0.0, Culture=neutral, PublicKeyToken=null" name="CheckResultTest" />
    </UnitTest>
    <UnitTest name="CreatePointTest" storage="c:\documents and settings\karthik\desktop\se2 final design\design_last\groupa_tictactoe_today_ff\tic_tac_toe_forever_test\bin\debug\tic_tac_toe_forever_test.dll" id="60546481-3319-5dad-44b6-fd0b8b42e5c0">
      <Execution id="587417f6-df5a-4fe4-a4e7-5fdf3fd05976" />
      <TestMethod codeBase="C:/Documents and Settings/karthik/Desktop/SE2 final design/design_last/GroupA_TicTacToe_Today_FF/Tic_Tac_Toe_Forever_Test/bin/Debug/Tic_Tac_Toe_Forever_Test.DLL" adapterTypeName="Microsoft.VisualStudio.TestTools.TestTypes.Unit.UnitTestAdapter, Microsoft.VisualStudio.QualityTools.Tips.UnitTest.Adapter, Version=10.0.0.0, Culture=neutral, PublicKeyToken=b03f5f7f11d50a3a" className="Tic_Tac_Toe_Forever_Test.BoardTest, Tic_Tac_Toe_Forever_Test, Version=1.0.0.0, Culture=neutral, PublicKeyToken=null" name="CreatePointTest" />
    </UnitTest>
    <UnitTest name="ResizeBoardTest" storage="c:\documents and settings\karthik\desktop\se2 final design\design_last\groupa_tictactoe_today_ff\tic_tac_toe_forever_test\bin\debug\tic_tac_toe_forever_test.dll" id="a6459b04-f67c-73d5-d726-12e903f80422">
      <DeploymentItems>
        <DeploymentItem filename="GroupA_TicTacToe.exe" />
      </DeploymentItems>
      <Execution id="bd60ba5f-8f90-4bf0-a748-6d064cc4c83d" />
      <TestMethod codeBase="C:/Documents and Settings/karthik/Desktop/SE2 final design/design_last/GroupA_TicTacToe_Today_FF/Tic_Tac_Toe_Forever_Test/bin/Debug/Tic_Tac_Toe_Forever_Test.DLL" adapterTypeName="Microsoft.VisualStudio.TestTools.TestTypes.Unit.UnitTestAdapter, Microsoft.VisualStudio.QualityTools.Tips.UnitTest.Adapter, Version=10.0.0.0, Culture=neutral, PublicKeyToken=b03f5f7f11d50a3a" className="Tic_Tac_Toe_Forever_Test.GameManagerTest, Tic_Tac_Toe_Forever_Test, Version=1.0.0.0, Culture=neutral, PublicKeyToken=null" name="ResizeBoardTest" />
    </UnitTest>
    <UnitTest name="CalculateStepOneTest" storage="c:\documents and settings\karthik\desktop\se2 final design\design_last\groupa_tictactoe_today_ff\tic_tac_toe_forever_test\bin\debug\tic_tac_toe_forever_test.dll" id="7c18b437-1eaf-293e-0176-96a9653c693e">
      <Execution id="81059cf7-def5-40cb-8845-1b7b785e20c6" />
      <TestMethod codeBase="C:/Documents and Settings/karthik/Desktop/SE2 final design/design_last/GroupA_TicTacToe_Today_FF/Tic_Tac_Toe_Forever_Test/bin/Debug/Tic_Tac_Toe_Forever_Test.DLL" adapterTypeName="Microsoft.VisualStudio.TestTools.TestTypes.Unit.UnitTestAdapter, Microsoft.VisualStudio.QualityTools.Tips.UnitTest.Adapter, Version=10.0.0.0, Culture=neutral, PublicKeyToken=b03f5f7f11d50a3a" className="ComputerGamesRUS.Game.Test1.ComputerMoveHandlerTest, Tic_Tac_Toe_Forever_Test, Version=1.0.0.0, Culture=neutral, PublicKeyToken=null" name="CalculateStepOneTest" />
    </UnitTest>
    <UnitTest name="SymbolStoreTest" storage="c:\documents and settings\karthik\desktop\se2 final design\design_last\groupa_tictactoe_today_ff\tic_tac_toe_forever_test\bin\debug\tic_tac_toe_forever_test.dll" id="6ba15e95-f9ae-f088-948d-f72b9b631689">
      <Execution id="35ee5588-62b6-4fc1-aac1-650eb5a7d7a0" />
      <TestMethod codeBase="C:/Documents and Settings/karthik/Desktop/SE2 final design/design_last/GroupA_TicTacToe_Today_FF/Tic_Tac_Toe_Forever_Test/bin/Debug/Tic_Tac_Toe_Forever_Test.DLL" adapterTypeName="Microsoft.VisualStudio.TestTools.TestTypes.Unit.UnitTestAdapter, Microsoft.VisualStudio.QualityTools.Tips.UnitTest.Adapter, Version=10.0.0.0, Culture=neutral, PublicKeyToken=b03f5f7f11d50a3a" className="Tic_Tac_Toe_Forever_Test.BoardTest, Tic_Tac_Toe_Forever_Test, Version=1.0.0.0, Culture=neutral, PublicKeyToken=null" name="SymbolStoreTest" />
    </UnitTest>
    <UnitTest name="IsOutofBoundsTest1" storage="c:\documents and settings\karthik\desktop\se2 final design\design_last\groupa_tictactoe_today_ff\tic_tac_toe_forever_test\bin\debug\tic_tac_toe_forever_test.dll" id="bddeeba6-943b-2407-ff81-317c22673db4">
      <Execution id="e971dd8e-5cfb-4217-961b-4966700bce5c" />
      <TestMethod codeBase="C:/Documents and Settings/karthik/Desktop/SE2 final design/design_last/GroupA_TicTacToe_Today_FF/Tic_Tac_Toe_Forever_Test/bin/Debug/Tic_Tac_Toe_Forever_Test.DLL" adapterTypeName="Microsoft.VisualStudio.TestTools.TestTypes.Unit.UnitTestAdapter, Microsoft.VisualStudio.QualityTools.Tips.UnitTest.Adapter, Version=10.0.0.0, Culture=neutral, PublicKeyToken=b03f5f7f11d50a3a" className="Tic_Tac_Toe_Forever_Test.BoardTest, Tic_Tac_Toe_Forever_Test, Version=1.0.0.0, Culture=neutral, PublicKeyToken=null" name="IsOutofBoundsTest1" />
    </UnitTest>
    <UnitTest name="StepOneTest" storage="c:\documents and settings\karthik\desktop\se2 final design\design_last\groupa_tictactoe_today_ff\tic_tac_toe_forever_test\bin\debug\tic_tac_toe_forever_test.dll" id="ad3ca581-932d-56e7-cd6a-26682ca3a236">
      <Execution id="14e197d3-e036-46b8-9d93-874c635dcf33" />
      <TestMethod codeBase="C:/Documents and Settings/karthik/Desktop/SE2 final design/design_last/GroupA_TicTacToe_Today_FF/Tic_Tac_Toe_Forever_Test/bin/Debug/Tic_Tac_Toe_Forever_Test.DLL" adapterTypeName="Microsoft.VisualStudio.TestTools.TestTypes.Unit.UnitTestAdapter, Microsoft.VisualStudio.QualityTools.Tips.UnitTest.Adapter, Version=10.0.0.0, Culture=neutral, PublicKeyToken=b03f5f7f11d50a3a" className="ComputerGamesRUS.Game.Test1.ComputerMoveHandlerTest, Tic_Tac_Toe_Forever_Test, Version=1.0.0.0, Culture=neutral, PublicKeyToken=null" name="StepOneTest" />
    </UnitTest>
    <UnitTest name="ShowInstructionTest" storage="c:\documents and settings\karthik\desktop\se2 final design\design_last\groupa_tictactoe_today_ff\tic_tac_toe_forever_test\bin\debug\tic_tac_toe_forever_test.dll" id="b5975cca-4ea0-1de8-dc3c-80a1bc046cd5">
      <Execution id="ddd10d87-6921-4879-bab2-4ba8bf1f7e65" />
      <TestMethod codeBase="C:/Documents and Settings/karthik/Desktop/SE2 final design/design_last/GroupA_TicTacToe_Today_FF/Tic_Tac_Toe_Forever_Test/bin/Debug/Tic_Tac_Toe_Forever_Test.DLL" adapterTypeName="Microsoft.VisualStudio.TestTools.TestTypes.Unit.UnitTestAdapter, Microsoft.VisualStudio.QualityTools.Tips.UnitTest.Adapter, Version=10.0.0.0, Culture=neutral, PublicKeyToken=b03f5f7f11d50a3a" className="Tic_Tac_Toe_Forever_Test.GameViewTest, Tic_Tac_Toe_Forever_Test, Version=1.0.0.0, Culture=neutral, PublicKeyToken=null" name="ShowInstructionTest" />
    </UnitTest>
    <UnitTest name="CalculateStepTwoTest" storage="c:\documents and settings\karthik\desktop\se2 final design\design_last\groupa_tictactoe_today_ff\tic_tac_toe_forever_test\bin\debug\tic_tac_toe_forever_test.dll" id="724c9823-88d2-6bf0-4ae5-f63978fe9141">
      <Execution id="d366711a-8819-450d-976e-09b0eb975cb4" />
      <TestMethod codeBase="C:/Documents and Settings/karthik/Desktop/SE2 final design/design_last/GroupA_TicTacToe_Today_FF/Tic_Tac_Toe_Forever_Test/bin/Debug/Tic_Tac_Toe_Forever_Test.DLL" adapterTypeName="Microsoft.VisualStudio.TestTools.TestTypes.Unit.UnitTestAdapter, Microsoft.VisualStudio.QualityTools.Tips.UnitTest.Adapter, Version=10.0.0.0, Culture=neutral, PublicKeyToken=b03f5f7f11d50a3a" className="ComputerGamesRUS.Game.Test1.ComputerMoveHandlerTest, Tic_Tac_Toe_Forever_Test, Version=1.0.0.0, Culture=neutral, PublicKeyToken=null" name="CalculateStepTwoTest" />
    </UnitTest>
    <UnitTest name="BoardSizeTest" storage="c:\documents and settings\karthik\desktop\se2 final design\design_last\groupa_tictactoe_today_ff\tic_tac_toe_forever_test\bin\debug\tic_tac_toe_forever_test.dll" id="66f2ebb5-d38a-d706-8eb7-c5bda61f50a6">
      <Execution id="4536c788-34d5-414b-bda6-b8b69b2fa9ed" />
      <TestMethod codeBase="C:/Documents and Settings/karthik/Desktop/SE2 final design/design_last/GroupA_TicTacToe_Today_FF/Tic_Tac_Toe_Forever_Test/bin/Debug/Tic_Tac_Toe_Forever_Test.DLL" adapterTypeName="Microsoft.VisualStudio.TestTools.TestTypes.Unit.UnitTestAdapter, Microsoft.VisualStudio.QualityTools.Tips.UnitTest.Adapter, Version=10.0.0.0, Culture=neutral, PublicKeyToken=b03f5f7f11d50a3a" className="Tic_Tac_Toe_Forever_Test.BoardTest, Tic_Tac_Toe_Forever_Test, Version=1.0.0.0, Culture=neutral, PublicKeyToken=null" name="BoardSizeTest" />
    </UnitTest>
  </TestDefinitions>
  <TestLists>
    <TestList name="Results Not in a List" id="8c84fa94-04c1-424b-9868-57a2d4851a1d" />
    <TestList name="All Loaded Results" id="19431567-8539-422a-85d7-44ee4e166bda" />
  </TestLists>
  <TestEntries>
    <TestEntry testId="883909f7-8fa2-cd70-a42d-9a76f83113b9" executionId="73a9e7e6-de40-423d-9838-a1de0b38f0ce" testListId="8c84fa94-04c1-424b-9868-57a2d4851a1d" />
    <TestEntry testId="7f6992cd-8434-1750-aa26-57ea7b9d67ea" executionId="70e6e279-b887-44d8-bc62-a10d5d7d11e1" testListId="8c84fa94-04c1-424b-9868-57a2d4851a1d" />
    <TestEntry testId="81e0d52c-2114-14fa-89f0-fbd51f644f03" executionId="50e0a3d8-2170-4c6b-be96-5706baaa5d0d" testListId="8c84fa94-04c1-424b-9868-57a2d4851a1d" />
    <TestEntry testId="6daf65b4-05cc-b22b-0762-65fbf9673796" executionId="d9745eea-ed14-43ae-a905-660947e4f4bc" testListId="8c84fa94-04c1-424b-9868-57a2d4851a1d" />
    <TestEntry testId="3813c055-0a11-519d-190b-213c39098af5" executionId="5d14c4b9-ff49-4846-9813-539e00f0fcb5" testListId="8c84fa94-04c1-424b-9868-57a2d4851a1d" />
    <TestEntry testId="2d11687b-1ea4-73dd-6e6b-e0329669a4d7" executionId="d5c775c4-6f11-4d9c-b055-27d25ce39f6e" testListId="8c84fa94-04c1-424b-9868-57a2d4851a1d" />
    <TestEntry testId="ad3ca581-932d-56e7-cd6a-26682ca3a236" executionId="14e197d3-e036-46b8-9d93-874c635dcf33" testListId="8c84fa94-04c1-424b-9868-57a2d4851a1d" />
    <TestEntry testId="7c18b437-1eaf-293e-0176-96a9653c693e" executionId="81059cf7-def5-40cb-8845-1b7b785e20c6" testListId="8c84fa94-04c1-424b-9868-57a2d4851a1d" />
    <TestEntry testId="7b0e2e66-8df2-4a1a-265f-d4dedb3fc894" executionId="cf529ead-abbd-48a0-b207-c61427c74846" testListId="8c84fa94-04c1-424b-9868-57a2d4851a1d" />
    <TestEntry testId="9f8ef73a-308d-fac1-564e-e2477fc93b76" executionId="6b5528d1-1b5f-4f40-9664-aed91fcf4de4" testListId="8c84fa94-04c1-424b-9868-57a2d4851a1d" />
    <TestEntry testId="1c26784c-0ddc-a16d-f19b-71635342809d" executionId="fe13a1ef-e444-4adb-b45b-c5cee83bc616" testListId="8c84fa94-04c1-424b-9868-57a2d4851a1d" />
    <TestEntry testId="51821d50-7630-a087-53a5-edde42335604" executionId="2ae252f2-78fe-47fb-a814-951e6fc9ad52" testListId="8c84fa94-04c1-424b-9868-57a2d4851a1d" />
    <TestEntry testId="12e46c41-ca5e-7203-7d91-9ceaeb8372fa" executionId="c4928577-977e-49f2-a8b5-d5b841843d2b" testListId="8c84fa94-04c1-424b-9868-57a2d4851a1d" />
    <TestEntry testId="a6459b04-f67c-73d5-d726-12e903f80422" executionId="bd60ba5f-8f90-4bf0-a748-6d064cc4c83d" testListId="8c84fa94-04c1-424b-9868-57a2d4851a1d" />
    <TestEntry testId="6ba15e95-f9ae-f088-948d-f72b9b631689" executionId="35ee5588-62b6-4fc1-aac1-650eb5a7d7a0" testListId="8c84fa94-04c1-424b-9868-57a2d4851a1d" />
    <TestEntry testId="1dedbad8-52ac-87f5-22cb-78e5320f49a2" executionId="0f73cc65-13d4-4fde-8cf3-2a4b8fb2b68a" testListId="8c84fa94-04c1-424b-9868-57a2d4851a1d" />
    <TestEntry testId="60546481-3319-5dad-44b6-fd0b8b42e5c0" executionId="587417f6-df5a-4fe4-a4e7-5fdf3fd05976" testListId="8c84fa94-04c1-424b-9868-57a2d4851a1d" />
    <TestEntry testId="bddeeba6-943b-2407-ff81-317c22673db4" executionId="e971dd8e-5cfb-4217-961b-4966700bce5c" testListId="8c84fa94-04c1-424b-9868-57a2d4851a1d" />
    <TestEntry testId="f85e73e9-837a-e9be-4813-9179b64879fc" executionId="1ef9cd51-3424-4b58-8c38-c0c5b20ffda4" testListId="8c84fa94-04c1-424b-9868-57a2d4851a1d" />
    <TestEntry testId="dbe66929-699e-e618-e12c-3721ef274ba0" executionId="cc2334f8-8ef9-4e68-9111-2cbd8684b4f7" testListId="8c84fa94-04c1-424b-9868-57a2d4851a1d" />
    <TestEntry testId="536de9da-0066-a64b-878e-599932607ad3" executionId="7dbf0493-8318-4c22-8881-a7930793c7df" testListId="8c84fa94-04c1-424b-9868-57a2d4851a1d" />
    <TestEntry testId="1c2a7aa8-d386-c2d0-9766-9daf802d90ce" executionId="2f5dd65c-ff11-48a9-805a-4d702372fb62" testListId="8c84fa94-04c1-424b-9868-57a2d4851a1d" />
    <TestEntry testId="024ac99d-0c07-622a-5934-0d5cfd6ece39" executionId="dcd3a66f-1c8e-48c4-974e-b63becd53865" testListId="8c84fa94-04c1-424b-9868-57a2d4851a1d" />
    <TestEntry testId="b745a59d-2445-677f-5ced-c5ad13e91482" executionId="3651e5bc-5ea1-4489-a21b-e4a253bcae4a" testListId="8c84fa94-04c1-424b-9868-57a2d4851a1d" />
    <TestEntry testId="cd0d94ae-8314-52a4-757d-febb6a6a6313" executionId="8a8425a0-e393-40c9-90ed-a8d48cef9d89" testListId="8c84fa94-04c1-424b-9868-57a2d4851a1d" />
    <TestEntry testId="9c0cb698-2881-3296-7c8a-debd20d6bb80" executionId="af3ed5ce-55d6-4519-bdcf-0c86fee9cd37" testListId="8c84fa94-04c1-424b-9868-57a2d4851a1d" />
    <TestEntry testId="54d8eaf3-c56c-184e-26b5-15196a90c1a8" executionId="075612fa-c6c8-4c13-b2d3-1021fb86e353" testListId="8c84fa94-04c1-424b-9868-57a2d4851a1d" />
    <TestEntry testId="724c9823-88d2-6bf0-4ae5-f63978fe9141" executionId="d366711a-8819-450d-976e-09b0eb975cb4" testListId="8c84fa94-04c1-424b-9868-57a2d4851a1d" />
    <TestEntry testId="79703a38-2e82-a172-0e42-aaa3e7932553" executionId="212fdaae-0671-4cd5-a5ef-bfecba2ff8fa" testListId="8c84fa94-04c1-424b-9868-57a2d4851a1d" />
    <TestEntry testId="acf14757-2e94-1174-a060-2307e62506fd" executionId="1f27916a-2c13-4cb1-af2b-40a63443d8e0" testListId="8c84fa94-04c1-424b-9868-57a2d4851a1d" />
    <TestEntry testId="66f2ebb5-d38a-d706-8eb7-c5bda61f50a6" executionId="4536c788-34d5-414b-bda6-b8b69b2fa9ed" testListId="8c84fa94-04c1-424b-9868-57a2d4851a1d" />
    <TestEntry testId="30c1c89b-fac2-c77e-0b9b-67de1982205c" executionId="b658edbd-1d9c-4632-ac93-8dfd3740ba49" testListId="8c84fa94-04c1-424b-9868-57a2d4851a1d" />
    <TestEntry testId="c388d02c-8193-cb8b-3690-847f35381077" executionId="f86f4b1a-cb48-4af1-bb64-cc06745a1453" testListId="8c84fa94-04c1-424b-9868-57a2d4851a1d" />
    <TestEntry testId="b5975cca-4ea0-1de8-dc3c-80a1bc046cd5" executionId="ddd10d87-6921-4879-bab2-4ba8bf1f7e65" testListId="8c84fa94-04c1-424b-9868-57a2d4851a1d" />
    <TestEntry testId="d79c2ed6-2d87-2c3a-76fd-bad033a309d1" executionId="0ca0ee32-0bc4-4f53-8573-581dfbac06dc" testListId="8c84fa94-04c1-424b-9868-57a2d4851a1d" />
  </TestEntries>
  <Results>
    <UnitTestResult executionId="73a9e7e6-de40-423d-9838-a1de0b38f0ce" testId="883909f7-8fa2-cd70-a42d-9a76f83113b9" testName="GetCellRectangleTest" computerName="TINKU" duration="00:00:00.4207786" startTime="2012-04-14T15:50:35.2187500-05:00" endTime="2012-04-14T15:50:40.1093750-05:00" testType="13cdc9d9-ddb5-4fa4-a97d-d965ccfc6d4b" outcome="Passed" testListId="8c84fa94-04c1-424b-9868-57a2d4851a1d" relativeResultsDirectory="73a9e7e6-de40-423d-9838-a1de0b38f0ce">
    </UnitTestResult>
    <UnitTestResult executionId="70e6e279-b887-44d8-bc62-a10d5d7d11e1" testId="7f6992cd-8434-1750-aa26-57ea7b9d67ea" testName="PutSymbolTest" computerName="TINKU" duration="00:00:00.1126375" startTime="2012-04-14T15:50:40.1250000-05:00" endTime="2012-04-14T15:50:40.2500000-05:00" testType="13cdc9d9-ddb5-4fa4-a97d-d965ccfc6d4b" outcome="Passed" testListId="8c84fa94-04c1-424b-9868-57a2d4851a1d" relativeResultsDirectory="70e6e279-b887-44d8-bc62-a10d5d7d11e1">
    </UnitTestResult>
    <UnitTestResult executionId="50e0a3d8-2170-4c6b-be96-5706baaa5d0d" testId="81e0d52c-2114-14fa-89f0-fbd51f644f03" testName="CheckResizeRequiredTest" computerName="TINKU" duration="00:00:00.9069946" startTime="2012-04-14T15:50:40.2656250-05:00" endTime="2012-04-14T15:50:41.1718750-05:00" testType="13cdc9d9-ddb5-4fa4-a97d-d965ccfc6d4b" outcome="Passed" testListId="8c84fa94-04c1-424b-9868-57a2d4851a1d" relativeResultsDirectory="50e0a3d8-2170-4c6b-be96-5706baaa5d0d">
    </UnitTestResult>
    <UnitTestResult executionId="d9745eea-ed14-43ae-a905-660947e4f4bc" testId="6daf65b4-05cc-b22b-0762-65fbf9673796" testName="ShowResultTest" computerName="TINKU" duration="00:00:50.6388873" startTime="2012-04-14T15:50:41.1875000-05:00" endTime="2012-04-14T15:51:31.8281250-05:00" testType="13cdc9d9-ddb5-4fa4-a97d-d965ccfc6d4b" outcome="Passed" testListId="8c84fa94-04c1-424b-9868-57a2d4851a1d" relativeResultsDirectory="d9745eea-ed14-43ae-a905-660947e4f4bc">
    </UnitTestResult>
    <UnitTestResult executionId="5d14c4b9-ff49-4846-9813-539e00f0fcb5" testId="3813c055-0a11-519d-190b-213c39098af5" testName="IsOutofBoundsTest" computerName="TINKU" duration="00:00:00.0003930" startTime="2012-04-14T15:51:31.8437500-05:00" endTime="2012-04-14T15:51:31.8437500-05:00" testType="13cdc9d9-ddb5-4fa4-a97d-d965ccfc6d4b" outcome="Passed" testListId="8c84fa94-04c1-424b-9868-57a2d4851a1d" relativeResultsDirectory="5d14c4b9-ff49-4846-9813-539e00f0fcb5">
    </UnitTestResult>
    <UnitTestResult executionId="d5c775c4-6f11-4d9c-b055-27d25ce39f6e" testId="2d11687b-1ea4-73dd-6e6b-e0329669a4d7" testName="CalculateStepThreeTest" computerName="TINKU" duration="00:00:00.2724938" startTime="2012-04-14T15:51:31.8593750-05:00" endTime="2012-04-14T15:51:32.1406250-05:00" testType="13cdc9d9-ddb5-4fa4-a97d-d965ccfc6d4b" outcome="Inconclusive" testListId="8c84fa94-04c1-424b-9868-57a2d4851a1d" relativeResultsDirectory="d5c775c4-6f11-4d9c-b055-27d25ce39f6e">
      <Output>
        <ErrorInfo>
          <Message>Assert.Inconclusive failed. Value returned based on the formula</Message>
          <StackTrace>   at ComputerGamesRUS.Game.Test1.ComputerMoveHandlerTest.CalculateStepThreeTest() in C:\Documents and Settings\karthik\Desktop\SE2 final design\design_last\GroupA_TicTacToe_Today_FF\Tic_Tac_Toe_Forever_Test\ComputerMoveHandlerTest.cs:line 87
</StackTrace>
        </ErrorInfo>
      </Output>
    </UnitTestResult>
    <UnitTestResult executionId="14e197d3-e036-46b8-9d93-874c635dcf33" testId="ad3ca581-932d-56e7-cd6a-26682ca3a236" testName="StepOneTest" computerName="TINKU" duration="00:00:00.0282323" startTime="2012-04-14T15:51:32.1406250-05:00" endTime="2012-04-14T15:51:32.1718750-05:00" testType="13cdc9d9-ddb5-4fa4-a97d-d965ccfc6d4b" outcome="Passed" testListId="8c84fa94-04c1-424b-9868-57a2d4851a1d" relativeResultsDirectory="14e197d3-e036-46b8-9d93-874c635dcf33">
    </UnitTestResult>
    <UnitTestResult executionId="81059cf7-def5-40cb-8845-1b7b785e20c6" testId="7c18b437-1eaf-293e-0176-96a9653c693e" testName="CalculateStepOneTest" computerName="TINKU" duration="00:00:00.0005598" startTime="2012-04-14T15:51:32.1718750-05:00" endTime="2012-04-14T15:51:32.2343750-05:00" testType="13cdc9d9-ddb5-4fa4-a97d-d965ccfc6d4b" outcome="Passed" testListId="8c84fa94-04c1-424b-9868-57a2d4851a1d" relativeResultsDirectory="81059cf7-def5-40cb-8845-1b7b785e20c6">
    </UnitTestResult>
    <UnitTestResult executionId="cf529ead-abbd-48a0-b207-c61427c74846" testId="7b0e2e66-8df2-4a1a-265f-d4dedb3fc894" testName="GetSymbolTest" computerName="TINKU" duration="00:00:00.0004771" startTime="2012-04-14T15:51:32.2343750-05:00" endTime="2012-04-14T15:51:32.2656250-05:00" testType="13cdc9d9-ddb5-4fa4-a97d-d965ccfc6d4b" outcome="Passed" testListId="8c84fa94-04c1-424b-9868-57a2d4851a1d" relativeResultsDirectory="cf529ead-abbd-48a0-b207-c61427c74846">
    </UnitTestResult>
    <UnitTestResult executionId="6b5528d1-1b5f-4f40-9664-aed91fcf4de4" testId="9f8ef73a-308d-fac1-564e-e2477fc93b76" testName="CheckResizeRequiredTest2" computerName="TINKU" duration="00:00:00.0024042" startTime="2012-04-14T15:51:32.2812500-05:00" endTime="2012-04-14T15:51:32.2968750-05:00" testType="13cdc9d9-ddb5-4fa4-a97d-d965ccfc6d4b" outcome="Passed" testListId="8c84fa94-04c1-424b-9868-57a2d4851a1d" relativeResultsDirectory="6b5528d1-1b5f-4f40-9664-aed91fcf4de4">
    </UnitTestResult>
    <UnitTestResult executionId="fe13a1ef-e444-4adb-b45b-c5cee83bc616" testId="1c26784c-0ddc-a16d-f19b-71635342809d" testName="createInstanceTest" computerName="TINKU" duration="00:00:00.0003707" startTime="2012-04-14T15:51:32.2968750-05:00" endTime="2012-04-14T15:51:32.3125000-05:00" testType="13cdc9d9-ddb5-4fa4-a97d-d965ccfc6d4b" outcome="Passed" testListId="8c84fa94-04c1-424b-9868-57a2d4851a1d" relativeResultsDirectory="fe13a1ef-e444-4adb-b45b-c5cee83bc616">
    </UnitTestResult>
    <UnitTestResult executionId="2ae252f2-78fe-47fb-a814-951e6fc9ad52" testId="51821d50-7630-a087-53a5-edde42335604" testName="GetSymbolRectangleTest" computerName="TINKU" duration="00:00:00.0007146" startTime="2012-04-14T15:51:32.3125000-05:00" endTime="2012-04-14T15:51:32.3437500-05:00" testType="13cdc9d9-ddb5-4fa4-a97d-d965ccfc6d4b" outcome="Passed" testListId="8c84fa94-04c1-424b-9868-57a2d4851a1d" relativeResultsDirectory="2ae252f2-78fe-47fb-a814-951e6fc9ad52">
    </UnitTestResult>
    <UnitTestResult executionId="c4928577-977e-49f2-a8b5-d5b841843d2b" testId="12e46c41-ca5e-7203-7d91-9ceaeb8372fa" testName="setMementoTest" computerName="TINKU" duration="00:00:00.0011347" startTime="2012-04-14T15:51:32.3437500-05:00" endTime="2012-04-14T15:51:32.3750000-05:00" testType="13cdc9d9-ddb5-4fa4-a97d-d965ccfc6d4b" outcome="Passed" testListId="8c84fa94-04c1-424b-9868-57a2d4851a1d" relativeResultsDirectory="c4928577-977e-49f2-a8b5-d5b841843d2b">
    </UnitTestResult>
    <UnitTestResult executionId="bd60ba5f-8f90-4bf0-a748-6d064cc4c83d" testId="a6459b04-f67c-73d5-d726-12e903f80422" testName="ResizeBoardTest" computerName="TINKU" duration="00:00:00.0315961" startTime="2012-04-14T15:51:32.3906250-05:00" endTime="2012-04-14T15:51:32.4218750-05:00" testType="13cdc9d9-ddb5-4fa4-a97d-d965ccfc6d4b" outcome="Passed" testListId="8c84fa94-04c1-424b-9868-57a2d4851a1d" relativeResultsDirectory="bd60ba5f-8f90-4bf0-a748-6d064cc4c83d">
    </UnitTestResult>
    <UnitTestResult executionId="35ee5588-62b6-4fc1-aac1-650eb5a7d7a0" testId="6ba15e95-f9ae-f088-948d-f72b9b631689" testName="SymbolStoreTest" computerName="TINKU" duration="00:00:00.0007478" startTime="2012-04-14T15:51:32.4218750-05:00" endTime="2012-04-14T15:51:32.4531250-05:00" testType="13cdc9d9-ddb5-4fa4-a97d-d965ccfc6d4b" outcome="Passed" testListId="8c84fa94-04c1-424b-9868-57a2d4851a1d" relativeResultsDirectory="35ee5588-62b6-4fc1-aac1-650eb5a7d7a0">
    </UnitTestResult>
    <UnitTestResult executionId="0f73cc65-13d4-4fde-8cf3-2a4b8fb2b68a" testId="1dedbad8-52ac-87f5-22cb-78e5320f49a2" testName="ShowResultTest1" computerName="TINKU" duration="00:00:00.5759882" startTime="2012-04-14T15:51:32.4687500-05:00" endTime="2012-04-14T15:51:33.1093750-05:00" testType="13cdc9d9-ddb5-4fa4-a97d-d965ccfc6d4b" outcome="Passed" testListId="8c84fa94-04c1-424b-9868-57a2d4851a1d" relativeResultsDirectory="0f73cc65-13d4-4fde-8cf3-2a4b8fb2b68a">
    </UnitTestResult>
    <UnitTestResult executionId="587417f6-df5a-4fe4-a4e7-5fdf3fd05976" testId="60546481-3319-5dad-44b6-fd0b8b42e5c0" testName="CreatePointTest" computerName="TINKU" duration="00:00:00.0017074" startTime="2012-04-14T15:51:33.1250000-05:00" endTime="2012-04-14T15:51:33.2031250-05:00" testType="13cdc9d9-ddb5-4fa4-a97d-d965ccfc6d4b" outcome="Passed" testListId="8c84fa94-04c1-424b-9868-57a2d4851a1d" relativeResultsDirectory="587417f6-df5a-4fe4-a4e7-5fdf3fd05976">
    </UnitTestResult>
    <UnitTestResult executionId="e971dd8e-5cfb-4217-961b-4966700bce5c" testId="bddeeba6-943b-2407-ff81-317c22673db4" testName="IsOutofBoundsTest1" computerName="TINKU" duration="00:00:00.0004215" startTime="2012-04-14T15:51:33.2031250-05:00" endTime="2012-04-14T15:51:33.2187500-05:00" testType="13cdc9d9-ddb5-4fa4-a97d-d965ccfc6d4b" outcome="Passed" testListId="8c84fa94-04c1-424b-9868-57a2d4851a1d" relativeResultsDirectory="e971dd8e-5cfb-4217-961b-4966700bce5c">
    </UnitTestResult>
    <UnitTestResult executionId="1ef9cd51-3424-4b58-8c38-c0c5b20ffda4" testId="f85e73e9-837a-e9be-4813-9179b64879fc" testName="CheckResizeRequiredTest1" computerName="TINKU" duration="00:00:00.0025050" startTime="2012-04-14T15:51:33.2187500-05:00" endTime="2012-04-14T15:51:33.2656250-05:00" testType="13cdc9d9-ddb5-4fa4-a97d-d965ccfc6d4b" outcome="Passed" testListId="8c84fa94-04c1-424b-9868-57a2d4851a1d" relativeResultsDirectory="1ef9cd51-3424-4b58-8c38-c0c5b20ffda4">
    </UnitTestResult>
    <UnitTestResult executionId="cc2334f8-8ef9-4e68-9111-2cbd8684b4f7" testId="dbe66929-699e-e618-e12c-3721ef274ba0" testName="BoardConstructorTest" computerName="TINKU" duration="00:00:00.0003651" startTime="2012-04-14T15:51:33.2656250-05:00" endTime="2012-04-14T15:51:33.2812500-05:00" testType="13cdc9d9-ddb5-4fa4-a97d-d965ccfc6d4b" outcome="Passed" testListId="8c84fa94-04c1-424b-9868-57a2d4851a1d" relativeResultsDirectory="cc2334f8-8ef9-4e68-9111-2cbd8684b4f7">
    </UnitTestResult>
    <UnitTestResult executionId="7dbf0493-8318-4c22-8881-a7930793c7df" testId="536de9da-0066-a64b-878e-599932607ad3" testName="createInstanceTest1" computerName="TINKU" duration="00:00:00.0004534" startTime="2012-04-14T15:51:33.2812500-05:00" endTime="2012-04-14T15:51:33.2968750-05:00" testType="13cdc9d9-ddb5-4fa4-a97d-d965ccfc6d4b" outcome="Passed" testListId="8c84fa94-04c1-424b-9868-57a2d4851a1d" relativeResultsDirectory="7dbf0493-8318-4c22-8881-a7930793c7df">
    </UnitTestResult>
    <UnitTestResult executionId="2f5dd65c-ff11-48a9-805a-4d702372fb62" testId="1c2a7aa8-d386-c2d0-9766-9daf802d90ce" testName="StepTwoTest" computerName="TINKU" duration="00:00:00.0022122" startTime="2012-04-14T15:51:33.2968750-05:00" endTime="2012-04-14T15:51:33.3437500-05:00" testType="13cdc9d9-ddb5-4fa4-a97d-d965ccfc6d4b" outcome="Passed" testListId="8c84fa94-04c1-424b-9868-57a2d4851a1d" relativeResultsDirectory="2f5dd65c-ff11-48a9-805a-4d702372fb62">
    </UnitTestResult>
    <UnitTestResult executionId="dcd3a66f-1c8e-48c4-974e-b63becd53865" testId="024ac99d-0c07-622a-5934-0d5cfd6ece39" testName="CheckResultTest" computerName="TINKU" duration="00:00:00.0012549" startTime="2012-04-14T15:51:33.3437500-05:00" endTime="2012-04-14T15:51:33.3437500-05:00" testType="13cdc9d9-ddb5-4fa4-a97d-d965ccfc6d4b" outcome="Passed" testListId="8c84fa94-04c1-424b-9868-57a2d4851a1d" relativeResultsDirectory="dcd3a66f-1c8e-48c4-974e-b63becd53865">
    </UnitTestResult>
    <UnitTestResult executionId="3651e5bc-5ea1-4489-a21b-e4a253bcae4a" testId="b745a59d-2445-677f-5ced-c5ad13e91482" testName="CalculateStepOneTest1" computerName="TINKU" duration="00:00:00.0006978" startTime="2012-04-14T15:51:33.3593750-05:00" endTime="2012-04-14T15:51:33.3593750-05:00" testType="13cdc9d9-ddb5-4fa4-a97d-d965ccfc6d4b" outcome="Passed" testListId="8c84fa94-04c1-424b-9868-57a2d4851a1d" relativeResultsDirectory="3651e5bc-5ea1-4489-a21b-e4a253bcae4a">
    </UnitTestResult>
    <UnitTestResult executionId="8a8425a0-e393-40c9-90ed-a8d48cef9d89" testId="cd0d94ae-8314-52a4-757d-febb6a6a6313" testName="GetUserSymbolTest" computerName="TINKU" duration="00:00:00.0004497" startTime="2012-04-14T15:51:33.3593750-05:00" endTime="2012-04-14T15:51:33.3750000-05:00" testType="13cdc9d9-ddb5-4fa4-a97d-d965ccfc6d4b" outcome="Passed" testListId="8c84fa94-04c1-424b-9868-57a2d4851a1d" relativeResultsDirectory="8a8425a0-e393-40c9-90ed-a8d48cef9d89">
    </UnitTestResult>
    <UnitTestResult executionId="af3ed5ce-55d6-4519-bdcf-0c86fee9cd37" testId="9c0cb698-2881-3296-7c8a-debd20d6bb80" testName="CountCoinTest" computerName="TINKU" duration="00:00:00.0006696" startTime="2012-04-14T15:51:33.3750000-05:00" endTime="2012-04-14T15:51:33.3750000-05:00" testType="13cdc9d9-ddb5-4fa4-a97d-d965ccfc6d4b" outcome="Passed" testListId="8c84fa94-04c1-424b-9868-57a2d4851a1d" relativeResultsDirectory="af3ed5ce-55d6-4519-bdcf-0c86fee9cd37">
    </UnitTestResult>
    <UnitTestResult executionId="075612fa-c6c8-4c13-b2d3-1021fb86e353" testId="54d8eaf3-c56c-184e-26b5-15196a90c1a8" testName="MakeMoveTest" computerName="TINKU" duration="00:00:00.0004198" startTime="2012-04-14T15:51:33.3906250-05:00" endTime="2012-04-14T15:51:33.3906250-05:00" testType="13cdc9d9-ddb5-4fa4-a97d-d965ccfc6d4b" outcome="Passed" testListId="8c84fa94-04c1-424b-9868-57a2d4851a1d" relativeResultsDirectory="075612fa-c6c8-4c13-b2d3-1021fb86e353">
    </UnitTestResult>
    <UnitTestResult executionId="d366711a-8819-450d-976e-09b0eb975cb4" testId="724c9823-88d2-6bf0-4ae5-f63978fe9141" testName="CalculateStepTwoTest" computerName="TINKU" duration="00:00:00.0005813" startTime="2012-04-14T15:51:33.3906250-05:00" endTime="2012-04-14T15:51:33.4062500-05:00" testType="13cdc9d9-ddb5-4fa4-a97d-d965ccfc6d4b" outcome="Passed" testListId="8c84fa94-04c1-424b-9868-57a2d4851a1d" relativeResultsDirectory="d366711a-8819-450d-976e-09b0eb975cb4">
    </UnitTestResult>
    <UnitTestResult executionId="212fdaae-0671-4cd5-a5ef-bfecba2ff8fa" testId="79703a38-2e82-a172-0e42-aaa3e7932553" testName="StepThreeTest" computerName="TINKU" duration="00:00:00.0016767" startTime="2012-04-14T15:51:33.4062500-05:00" endTime="2012-04-14T15:51:33.4062500-05:00" testType="13cdc9d9-ddb5-4fa4-a97d-d965ccfc6d4b" outcome="Passed" testListId="8c84fa94-04c1-424b-9868-57a2d4851a1d" relativeResultsDirectory="212fdaae-0671-4cd5-a5ef-bfecba2ff8fa">
    </UnitTestResult>
    <UnitTestResult executionId="1f27916a-2c13-4cb1-af2b-40a63443d8e0" testId="acf14757-2e94-1174-a060-2307e62506fd" testName="GameViewConstructorTest" computerName="TINKU" duration="00:00:00.0003070" startTime="2012-04-14T15:51:33.4062500-05:00" endTime="2012-04-14T15:51:33.4218750-05:00" testType="13cdc9d9-ddb5-4fa4-a97d-d965ccfc6d4b" outcome="Passed" testListId="8c84fa94-04c1-424b-9868-57a2d4851a1d" relativeResultsDirectory="1f27916a-2c13-4cb1-af2b-40a63443d8e0">
    </UnitTestResult>
    <UnitTestResult executionId="4536c788-34d5-414b-bda6-b8b69b2fa9ed" testId="66f2ebb5-d38a-d706-8eb7-c5bda61f50a6" testName="BoardSizeTest" computerName="TINKU" duration="00:00:00.0004014" startTime="2012-04-14T15:51:33.4218750-05:00" endTime="2012-04-14T15:51:33.4218750-05:00" testType="13cdc9d9-ddb5-4fa4-a97d-d965ccfc6d4b" outcome="Passed" testListId="8c84fa94-04c1-424b-9868-57a2d4851a1d" relativeResultsDirectory="4536c788-34d5-414b-bda6-b8b69b2fa9ed">
    </UnitTestResult>
    <UnitTestResult executionId="b658edbd-1d9c-4632-ac93-8dfd3740ba49" testId="30c1c89b-fac2-c77e-0b9b-67de1982205c" testName="ClearTest" computerName="TINKU" duration="00:00:00.0005511" startTime="2012-04-14T15:51:33.4375000-05:00" endTime="2012-04-14T15:51:33.4375000-05:00" testType="13cdc9d9-ddb5-4fa4-a97d-d965ccfc6d4b" outcome="Passed" testListId="8c84fa94-04c1-424b-9868-57a2d4851a1d" relativeResultsDirectory="b658edbd-1d9c-4632-ac93-8dfd3740ba49">
    </UnitTestResult>
    <UnitTestResult executionId="f86f4b1a-cb48-4af1-bb64-cc06745a1453" testId="c388d02c-8193-cb8b-3690-847f35381077" testName="SelectBestMoveTest" computerName="TINKU" duration="00:00:00.0050154" startTime="2012-04-14T15:51:33.4375000-05:00" endTime="2012-04-14T15:51:33.4531250-05:00" testType="13cdc9d9-ddb5-4fa4-a97d-d965ccfc6d4b" outcome="Passed" testListId="8c84fa94-04c1-424b-9868-57a2d4851a1d" relativeResultsDirectory="f86f4b1a-cb48-4af1-bb64-cc06745a1453">
    </UnitTestResult>
    <UnitTestResult executionId="ddd10d87-6921-4879-bab2-4ba8bf1f7e65" testId="b5975cca-4ea0-1de8-dc3c-80a1bc046cd5" testName="ShowInstructionTest" computerName="TINKU" duration="00:00:00.0012356" startTime="2012-04-14T15:51:33.4531250-05:00" endTime="2012-04-14T15:51:33.4687500-05:00" testType="13cdc9d9-ddb5-4fa4-a97d-d965ccfc6d4b" outcome="Passed" testListId="8c84fa94-04c1-424b-9868-57a2d4851a1d" relativeResultsDirectory="ddd10d87-6921-4879-bab2-4ba8bf1f7e65">
    </UnitTestResult>
    <UnitTestResult executionId="0ca0ee32-0bc4-4f53-8573-581dfbac06dc" testId="d79c2ed6-2d87-2c3a-76fd-bad033a309d1" testName="CreateMementoTest" computerName="TINKU" duration="00:00:00.0004514" startTime="2012-04-14T15:51:33.4687500-05:00" endTime="2012-04-14T15:51:33.4687500-05:00" testType="13cdc9d9-ddb5-4fa4-a97d-d965ccfc6d4b" outcome="Passed" testListId="8c84fa94-04c1-424b-9868-57a2d4851a1d" relativeResultsDirectory="0ca0ee32-0bc4-4f53-8573-581dfbac06dc">
    </UnitTestResult>
  </Results>
</TestRun>